2023-05-20 22:06:32,072 [INFO] Activator:176 - 


2023-05-20 22:06:32,078 [INFO] Activator:177 - !SESSION log4j initialized
2023-05-20 22:06:37,732 [INFO] LogOutputStream:77 - [STDOUT_REDIRECT] 
2023-05-20 22:06:56,586 [ERROR] LogOutputStream:75 - [STDERR_REDIRECT] SLF4J: Failed to load class "org.slf4j.impl.StaticLoggerBinder".
2023-05-20 22:06:56,587 [ERROR] LogOutputStream:75 - [STDERR_REDIRECT] SLF4J: Defaulting to no-operation (NOP) logger implementation
2023-05-20 22:06:56,588 [ERROR] LogOutputStream:75 - [STDERR_REDIRECT] SLF4J: See http://www.slf4j.org/codes.html#StaticLoggerBinder for further details.
2023-05-20 22:09:41,344 [INFO] ApplicationProperties:184 - Using Application install path: D:\Program Files\STM32CubeIDE_1.11.0\STM32CubeIDE\plugins\com.st.stm32cube.common.mx_6.8.0.202302231600
2023-05-20 22:09:41,363 [INFO] DbMcusXml:78 - Set database path to: D:\Program Files\STM32CubeIDE_1.11.0\STM32CubeIDE\plugins\com.st.stm32cube.common.mx_6.8.0.202302231600\\db\/mcu/
2023-05-20 22:09:41,364 [INFO] ApiDb:274 - Set plugin database path to: D:\Program Files\STM32CubeIDE_1.11.0\STM32CubeIDE\plugins\com.st.stm32cube.common.mx_6.8.0.202302231600\\db\/plugins/boardmanager/
2023-05-20 22:09:41,365 [WARN] ApiDb:259 - Overriding images path with different value:  => D:\Program Files\STM32CubeIDE_1.11.0\STM32CubeIDE\plugins\com.st.stm32cube.common.mx_6.8.0.202302231600\\db\/plugins/mcufinder/images/
2023-05-20 22:09:41,378 [INFO] ApiDb:250 - Set database path to: C:\Users\bossy\.stmcufinder\plugins\mcufinder//mcu/
2023-05-20 22:09:41,380 [INFO] DbMcusAds:125 - Set database path to: C:\Users\bossy\.stmcufinder\plugins\mcufinder//mcu/
2023-05-20 22:09:41,397 [INFO] CrossReferenceDbSqlite:203 - Set database path to: C:\Users\bossy\.stmcufinder\plugins\mcufinder//mcu/cs/
2023-05-20 22:09:41,493 [INFO] RulesReader:64 - Compatibility file has been processed (293 Rules)
2023-05-20 22:09:41,575 [INFO] DbMcusXml:78 - Set database path to: D:\Program Files\STM32CubeIDE_1.11.0\STM32CubeIDE\plugins\com.st.stm32cube.common.mx_6.8.0.202302231600\\db\/mcu/
2023-05-20 22:09:41,575 [INFO] ApiDb:274 - Set plugin database path to: D:\Program Files\STM32CubeIDE_1.11.0\STM32CubeIDE\plugins\com.st.stm32cube.common.mx_6.8.0.202302231600\\db\/plugins/boardmanager/
2023-05-20 22:09:41,576 [INFO] ApiDb:261 - Set plugin images path to: D:\Program Files\STM32CubeIDE_1.11.0\STM32CubeIDE\plugins\com.st.stm32cube.common.mx_6.8.0.202302231600\\db\/plugins/mcufinder/images/
2023-05-20 22:09:41,576 [WARN] DbFile:41 - Overriding database path with different value: C:\Users\bossy\.stmcufinder\plugins\mcufinder/ => C:\Users\bossy\.stmcufinder\plugins\mcufinder
2023-05-20 22:09:41,576 [INFO] ApiDb:250 - Set database path to: C:\Users\bossy\.stmcufinder\plugins\mcufinder//mcu/
2023-05-20 22:09:41,576 [WARN] DbFile:41 - Overriding database path with different value: C:\Users\bossy\.stmcufinder\plugins\mcufinder/ => C:\Users\bossy\.stmcufinder\plugins\mcufinder
2023-05-20 22:09:41,576 [INFO] DbMcusAds:125 - Set database path to: C:\Users\bossy\.stmcufinder\plugins\mcufinder//mcu/
2023-05-20 22:09:41,576 [WARN] DbFile:41 - Overriding database path with different value: C:\Users\bossy\.stmcufinder\plugins\mcufinder/ => C:\Users\bossy\.stmcufinder\plugins\mcufinder
2023-05-20 22:09:41,576 [WARN] DbFile:41 - Overriding database path with different value: C:\Users\bossy\.stmcufinder\plugins\mcufinder/ => C:\Users\bossy\.stmcufinder\plugins\mcufinder
2023-05-20 22:09:41,576 [INFO] CrossReferenceDbSqlite:203 - Set database path to: C:\Users\bossy\.stmcufinder\plugins\mcufinder//mcu/cs/
2023-05-20 22:09:41,661 [INFO] MainPanel:253 - HeapMemory: 447741952
2023-05-20 22:09:41,760 [INFO] DbMcusXml:78 - Set database path to: D:\Program Files\STM32CubeIDE_1.11.0\STM32CubeIDE\plugins\com.st.stm32cube.common.mx_6.8.0.202302231600\\db\/mcu/
2023-05-20 22:09:41,760 [INFO] ApiDb:274 - Set plugin database path to: D:\Program Files\STM32CubeIDE_1.11.0\STM32CubeIDE\plugins\com.st.stm32cube.common.mx_6.8.0.202302231600\\db\/plugins/boardmanager/
2023-05-20 22:09:41,760 [INFO] ApiDb:261 - Set plugin images path to: D:\Program Files\STM32CubeIDE_1.11.0\STM32CubeIDE\plugins\com.st.stm32cube.common.mx_6.8.0.202302231600\\db\/plugins/mcufinder/images/
2023-05-20 22:09:41,760 [WARN] DbFile:41 - Overriding database path with different value: C:\Users\bossy\.stmcufinder\plugins\mcufinder/ => C:\Users\bossy\.stmcufinder\plugins\mcufinder
2023-05-20 22:09:41,760 [INFO] ApiDb:250 - Set database path to: C:\Users\bossy\.stmcufinder\plugins\mcufinder//mcu/
2023-05-20 22:09:41,761 [WARN] DbFile:41 - Overriding database path with different value: C:\Users\bossy\.stmcufinder\plugins\mcufinder/ => C:\Users\bossy\.stmcufinder\plugins\mcufinder
2023-05-20 22:09:41,761 [INFO] DbMcusAds:125 - Set database path to: C:\Users\bossy\.stmcufinder\plugins\mcufinder//mcu/
2023-05-20 22:09:41,761 [WARN] DbFile:41 - Overriding database path with different value: C:\Users\bossy\.stmcufinder\plugins\mcufinder/ => C:\Users\bossy\.stmcufinder\plugins\mcufinder
2023-05-20 22:09:41,761 [WARN] DbFile:41 - Overriding database path with different value: C:\Users\bossy\.stmcufinder\plugins\mcufinder/ => C:\Users\bossy\.stmcufinder\plugins\mcufinder
2023-05-20 22:09:41,761 [INFO] CrossReferenceDbSqlite:203 - Set database path to: C:\Users\bossy\.stmcufinder\plugins\mcufinder//mcu/cs/
2023-05-20 22:09:41,778 [INFO] ApplicationProperties:184 - Using Application install path: D:\Program Files\STM32CubeIDE_1.11.0\STM32CubeIDE\plugins\com.st.stm32cube.common.mx_6.8.0.202302231600
2023-05-20 22:09:41,779 [INFO] PluginManage:196 - Search for loadable plugins [exclusion list=, ]
2023-05-20 22:09:41,781 [INFO] PluginManage:310 - Check plugin analytics
2023-05-20 22:09:41,916 [INFO] AnalyticsPlugin:253 - Accepted Software Licenses: 
2023-05-20 22:09:41,916 [INFO] AnalyticsPlugin:255 - Accepted CMSIS Pack Licenses: 
2023-05-20 22:09:41,916 [INFO] AnalyticsPlugin:257 - Accepted Firmware Licenses: 
2023-05-20 22:09:41,926 [INFO] PluginManage:359 - Loaded plugin analytics (category:tool,tabindex:-1)
2023-05-20 22:09:41,926 [INFO] PluginManage:310 - Check plugin cadmodel
2023-05-20 22:09:41,933 [INFO] CADModel:105 - Init CAD model plugin
2023-05-20 22:09:41,933 [INFO] PluginManage:359 - Loaded plugin cadmodel (category:power,tabindex:5)
2023-05-20 22:09:41,933 [INFO] PluginManage:310 - Check plugin clock
2023-05-20 22:09:41,944 [INFO] PluginManage:359 - Loaded plugin clock (category:base,tabindex:2)
2023-05-20 22:09:41,944 [INFO] PluginManage:310 - Check plugin ddr
2023-05-20 22:09:41,947 [INFO] PluginManage:359 - Loaded plugin ddr (category:tool,tabindex:6)
2023-05-20 22:09:41,947 [INFO] PluginManage:310 - Check plugin filemanager
2023-05-20 22:09:42,079 [INFO] PluginManage:359 - Loaded plugin filemanager (category:base,tabindex:10)
2023-05-20 22:09:42,079 [INFO] PluginManage:310 - Check plugin ipmanager
2023-05-20 22:09:42,086 [INFO] PluginManage:359 - Loaded plugin ipmanager (category:base,tabindex:5)
2023-05-20 22:09:42,087 [INFO] PluginManage:310 - Check plugin lpbam
2023-05-20 22:09:42,095 [INFO] PluginManage:359 - Loaded plugin lpbam (category:base,tabindex:0)
2023-05-20 22:09:42,095 [INFO] PluginManage:310 - Check plugin pinoutandconfiguration
2023-05-20 22:09:42,104 [INFO] PluginManage:359 - Loaded plugin pinoutandconfiguration (category:base,tabindex:1)
2023-05-20 22:09:42,104 [INFO] PluginManage:310 - Check plugin pinoutconfig
2023-05-20 22:09:42,198 [WARN] SupportedApi:132 - Cannot load RTOS API schema: s4s-elt-must-match.1: The content of 'definitions' must match (annotation?, (simpleType | complexType)?, (unique | key | keyref)*)). A problem was found starting at: attribute.
2023-05-20 22:09:42,324 [INFO] PluginManage:359 - Loaded plugin pinoutconfig (category:base,tabindex:0)
2023-05-20 22:09:42,324 [INFO] PluginManage:310 - Check plugin power
2023-05-20 22:09:42,335 [INFO] PluginManage:359 - Loaded plugin power (category:power,tabindex:4)
2023-05-20 22:09:42,335 [INFO] PluginManage:310 - Check plugin projectmanager
2023-05-20 22:09:42,349 [INFO] PluginManage:359 - Loaded plugin projectmanager (category:projectmanager,tabindex:3)
2023-05-20 22:09:42,349 [INFO] PluginManage:310 - Check plugin thirdparty
2023-05-20 22:09:42,468 [WARN] IntegrityCheckThread:84 - waiting for thirdparty lock release [integrity check]
2023-05-20 22:09:42,469 [INFO] PluginManage:359 - Loaded plugin thirdparty (category:base,tabindex:-1)
2023-05-20 22:09:42,469 [INFO] IntegrityCheckThread:86 - entering critical section [integrity check]
2023-05-20 22:09:42,469 [INFO] PluginManage:310 - Check plugin tools
2023-05-20 22:09:42,471 [INFO] ThirdPartyUpdaterWithRetryManager:70 - Updater plugin not ready yet. [1/15]
2023-05-20 22:09:42,472 [INFO] PluginManage:359 - Loaded plugin tools (category:base,tabindex:7)
2023-05-20 22:09:42,472 [INFO] PluginManage:310 - Check plugin tutovideos
2023-05-20 22:09:42,678 [INFO] PluginManage:359 - Loaded plugin tutovideos (category:base,tabindex:-1)
2023-05-20 22:09:42,678 [INFO] PluginManage:310 - Check plugin updater
2023-05-20 22:09:42,697 [INFO] PluginManage:359 - Loaded plugin updater (category:base,tabindex:12)
2023-05-20 22:09:42,697 [INFO] PluginManage:283 - PluginManage : Loaded plugins [15]
2023-05-20 22:09:42,932 [INFO] PinOutPanel:1499 - setPackage(No Configuration,No Configuration)
2023-05-20 22:09:42,995 [INFO] CADModel:165 - CPN selected for project level
2023-05-20 22:09:42,995 [INFO] CADModel:114 - Register for checkConnection events
2023-05-20 22:09:43,015 [INFO] IPUIPlugin:80 - create IPUIPlugin
2023-05-20 22:09:43,015 [INFO] PluginManager:220 - loadIPPluginJar : add adc
2023-05-20 22:09:43,017 [INFO] IPUIPlugin:80 - create IPUIPlugin
2023-05-20 22:09:43,017 [INFO] PluginManager:220 - loadIPPluginJar : add aes
2023-05-20 22:09:43,020 [INFO] IPUIPlugin:80 - create IPUIPlugin
2023-05-20 22:09:43,020 [INFO] PluginManager:220 - loadIPPluginJar : add can
2023-05-20 22:09:43,021 [INFO] IPUIPlugin:80 - create IPUIPlugin
2023-05-20 22:09:43,021 [INFO] PluginManager:220 - loadIPPluginJar : add comp
2023-05-20 22:09:43,023 [INFO] IPUIPlugin:80 - create IPUIPlugin
2023-05-20 22:09:43,023 [INFO] PluginManager:220 - loadIPPluginJar : add cryp
2023-05-20 22:09:43,026 [INFO] IPUIPlugin:80 - create IPUIPlugin
2023-05-20 22:09:43,026 [INFO] PluginManager:220 - loadIPPluginJar : add dfsdm
2023-05-20 22:09:43,032 [INFO] IPUIPlugin:80 - create IPUIPlugin
2023-05-20 22:09:43,032 [INFO] PluginManager:220 - loadIPPluginJar : add dma
2023-05-20 22:09:43,034 [INFO] IPUIPlugin:80 - create IPUIPlugin
2023-05-20 22:09:43,035 [INFO] PluginManager:220 - loadIPPluginJar : add dma3
2023-05-20 22:09:43,036 [INFO] IPUIPlugin:80 - create IPUIPlugin
2023-05-20 22:09:43,036 [INFO] PluginManager:220 - loadIPPluginJar : add fatfs
2023-05-20 22:09:43,040 [INFO] IPUIPlugin:80 - create IPUIPlugin
2023-05-20 22:09:43,040 [INFO] PluginManager:220 - loadIPPluginJar : add fmc
2023-05-20 22:09:43,048 [INFO] IPUIPlugin:80 - create IPUIPlugin
2023-05-20 22:09:43,048 [INFO] PluginManager:220 - loadIPPluginJar : add freertos
2023-05-20 22:09:43,049 [INFO] IPUIPlugin:80 - create IPUIPlugin
2023-05-20 22:09:43,049 [INFO] PluginManager:220 - loadIPPluginJar : add genericplugin
2023-05-20 22:09:43,051 [INFO] IPUIPlugin:80 - create IPUIPlugin
2023-05-20 22:09:43,052 [INFO] PluginManager:220 - loadIPPluginJar : add gfxmmu
2023-05-20 22:09:43,057 [INFO] IPUIPlugin:80 - create IPUIPlugin
2023-05-20 22:09:43,057 [INFO] PluginManager:220 - loadIPPluginJar : add gic
2023-05-20 22:09:43,061 [INFO] IPUIPlugin:80 - create IPUIPlugin
2023-05-20 22:09:43,062 [INFO] PluginManager:220 - loadIPPluginJar : add gpio
2023-05-20 22:09:43,064 [INFO] IPUIPlugin:80 - create IPUIPlugin
2023-05-20 22:09:43,064 [INFO] PluginManager:220 - loadIPPluginJar : add gtzc
2023-05-20 22:09:43,066 [INFO] IPUIPlugin:80 - create IPUIPlugin
2023-05-20 22:09:43,066 [INFO] PluginManager:220 - loadIPPluginJar : add hash
2023-05-20 22:09:43,068 [INFO] IPUIPlugin:80 - create IPUIPlugin
2023-05-20 22:09:43,068 [INFO] PluginManager:220 - loadIPPluginJar : add i2c
2023-05-20 22:09:43,071 [INFO] IPUIPlugin:80 - create IPUIPlugin
2023-05-20 22:09:43,071 [INFO] PluginManager:220 - loadIPPluginJar : add i2s
2023-05-20 22:09:43,073 [INFO] IPUIPlugin:80 - create IPUIPlugin
2023-05-20 22:09:43,073 [INFO] PluginManager:220 - loadIPPluginJar : add i3c
2023-05-20 22:09:43,075 [INFO] IPUIPlugin:80 - create IPUIPlugin
2023-05-20 22:09:43,075 [INFO] PluginManager:220 - loadIPPluginJar : add ipddr
2023-05-20 22:09:43,082 [INFO] IPUIPlugin:80 - create IPUIPlugin
2023-05-20 22:09:43,082 [INFO] PluginManager:220 - loadIPPluginJar : add linkedlist
2023-05-20 22:09:43,084 [INFO] IPUIPlugin:80 - create IPUIPlugin
2023-05-20 22:09:43,084 [INFO] PluginManager:220 - loadIPPluginJar : add lorawan
2023-05-20 22:09:43,085 [INFO] IPUIPlugin:80 - create IPUIPlugin
2023-05-20 22:09:43,085 [INFO] PluginManager:220 - loadIPPluginJar : add ltdc
2023-05-20 22:09:43,090 [INFO] IPUIPlugin:80 - create IPUIPlugin
2023-05-20 22:09:43,090 [INFO] PluginManager:220 - loadIPPluginJar : add mdma
2023-05-20 22:09:43,093 [INFO] IPUIPlugin:80 - create IPUIPlugin
2023-05-20 22:09:43,093 [INFO] PluginManager:220 - loadIPPluginJar : add nvic
2023-05-20 22:09:43,095 [INFO] IPUIPlugin:80 - create IPUIPlugin
2023-05-20 22:09:43,095 [INFO] PluginManager:220 - loadIPPluginJar : add opamp
2023-05-20 22:09:43,097 [INFO] IPUIPlugin:80 - create IPUIPlugin
2023-05-20 22:09:43,098 [INFO] PluginManager:220 - loadIPPluginJar : add openamp
2023-05-20 22:09:43,100 [INFO] IPUIPlugin:80 - create IPUIPlugin
2023-05-20 22:09:43,100 [INFO] PluginManager:220 - loadIPPluginJar : add pdm2pcm
2023-05-20 22:09:43,106 [INFO] IPUIPlugin:80 - create IPUIPlugin
2023-05-20 22:09:43,108 [INFO] PluginManager:220 - loadIPPluginJar : add plateformsettings
2023-05-20 22:09:43,109 [INFO] IPUIPlugin:80 - create IPUIPlugin
2023-05-20 22:09:43,109 [INFO] PluginManager:220 - loadIPPluginJar : add quadspi
2023-05-20 22:09:43,112 [INFO] IPUIPlugin:80 - create IPUIPlugin
2023-05-20 22:09:43,112 [INFO] PluginManager:220 - loadIPPluginJar : add resmgrutility
2023-05-20 22:09:43,115 [INFO] IPUIPlugin:80 - create IPUIPlugin
2023-05-20 22:09:43,115 [INFO] PluginManager:220 - loadIPPluginJar : add sai
2023-05-20 22:09:43,117 [INFO] IPUIPlugin:80 - create IPUIPlugin
2023-05-20 22:09:43,117 [INFO] PluginManager:220 - loadIPPluginJar : add spi
2023-05-20 22:09:43,120 [INFO] IPUIPlugin:80 - create IPUIPlugin
2023-05-20 22:09:43,120 [INFO] PluginManager:220 - loadIPPluginJar : add stm32_wpan
2023-05-20 22:09:43,122 [INFO] IPUIPlugin:80 - create IPUIPlugin
2023-05-20 22:09:43,122 [INFO] PluginManager:220 - loadIPPluginJar : add tim
2023-05-20 22:09:43,125 [INFO] IPUIPlugin:80 - create IPUIPlugin
2023-05-20 22:09:43,125 [INFO] PluginManager:220 - loadIPPluginJar : add touchsensing
2023-05-20 22:09:43,126 [INFO] IPUIPlugin:80 - create IPUIPlugin
2023-05-20 22:09:43,126 [INFO] PluginManager:220 - loadIPPluginJar : add tracer_emb
2023-05-20 22:09:43,128 [INFO] IPUIPlugin:80 - create IPUIPlugin
2023-05-20 22:09:43,128 [INFO] PluginManager:220 - loadIPPluginJar : add ts
2023-05-20 22:09:43,130 [INFO] IPUIPlugin:80 - create IPUIPlugin
2023-05-20 22:09:43,130 [INFO] PluginManager:220 - loadIPPluginJar : add tsc
2023-05-20 22:09:43,131 [INFO] IPUIPlugin:80 - create IPUIPlugin
2023-05-20 22:09:43,131 [INFO] PluginManager:220 - loadIPPluginJar : add ucpd
2023-05-20 22:09:43,134 [INFO] IPUIPlugin:80 - create IPUIPlugin
2023-05-20 22:09:43,134 [INFO] PluginManager:220 - loadIPPluginJar : add usart
2023-05-20 22:09:43,137 [INFO] IPUIPlugin:80 - create IPUIPlugin
2023-05-20 22:09:43,137 [INFO] PluginManager:220 - loadIPPluginJar : add usbx
2023-05-20 22:09:43,258 [INFO] CADModel:165 - CPN selected for project level
2023-05-20 22:09:43,259 [INFO] CADModel:114 - Register for checkConnection events
2023-05-20 22:09:43,259 [FATAL] Updater:308 - Updater called before beeing initialized
2023-05-20 22:09:43,259 [ERROR] CADModel:125 - Updater not yet initialized, retry later 
2023-05-20 22:09:43,419 [INFO] CADModel:165 - CPN selected for project level
2023-05-20 22:09:43,419 [INFO] CADModel:114 - Register for checkConnection events
2023-05-20 22:09:43,419 [FATAL] Updater:308 - Updater called before beeing initialized
2023-05-20 22:09:43,419 [ERROR] CADModel:125 - Updater not yet initialized, retry later 
2023-05-20 22:09:43,423 [FATAL] Updater:308 - Updater called before beeing initialized
2023-05-20 22:09:43,523 [FATAL] Updater:308 - Updater called before beeing initialized
2023-05-20 22:09:43,528 [INFO] DbMcusAds:53 - JSON generation date=Tue Mar 07 15:50:54 ICT 2023 (1678179054945)
2023-05-20 22:09:43,528 [FATAL] Updater:308 - Updater called before beeing initialized
2023-05-20 22:09:43,609 [WARN] DetailPanel:346 - Failed to get advertising image, set to default
2023-05-20 22:09:43,708 [FATAL] Updater:308 - Updater called before beeing initialized
2023-05-20 22:09:43,711 [FATAL] Updater:308 - Updater called before beeing initialized
2023-05-20 22:09:43,711 [FATAL] Updater:308 - Updater called before beeing initialized
2023-05-20 22:09:43,711 [WARN] DetailPanel:346 - Failed to get advertising image, set to default
2023-05-20 22:09:43,712 [FATAL] Updater:308 - Updater called before beeing initialized
2023-05-20 22:09:43,756 [ERROR] Updater:1120 - MainUpdater not yet initialized. External WinMGr cannot be set.
2023-05-20 22:09:43,758 [INFO] Updater:1056 - Updater Version found : 6.8.0
2023-05-20 22:09:43,776 [INFO] ApplicationProperties:184 - Using Application install path: D:\Program Files\STM32CubeIDE_1.11.0\STM32CubeIDE\plugins\com.st.stm32cube.common.mx_6.8.0.202302231600
2023-05-20 22:09:43,877 [INFO] MainUpdater:2854 - connection check result : 10
2023-05-20 22:09:43,878 [INFO] MainUpdater:283 - Updater Check For Update Now.
2023-05-20 22:09:43,878 [INFO] MicroXplorer:498 - Change Database Version : DB.6.0.80
2023-05-20 22:09:44,019 [INFO] CheckServerUpdateThread:120 - End of CheckServer Thread
2023-05-20 22:09:44,091 [INFO] MainUpdater:2854 - connection check result : 10
2023-05-20 22:09:44,092 [INFO] MainUpdater:2854 - connection check result : 10
2023-05-20 22:09:44,143 [INFO] MicroXplorer:468 - Change Database Path : 
2023-05-20 22:09:44,144 [INFO] MicroXplorer:498 - Change Database Version : DB.6.0.80
2023-05-20 22:09:44,144 [WARN] ThirdParty:871 - waiting for thirdparty lock release [close project]
2023-05-20 22:09:45,639 [WARN] PackLoader:240 - Cannot read IP mode file for STMicroelectronics.X-CUBE-GNSS1.6.0.0
2023-05-20 22:09:45,666 [WARN] PackLoader:240 - Cannot read IP mode file for STMicroelectronics.X-CUBE-AZRTOS-F4.1.1.0
2023-05-20 22:09:45,676 [WARN] PackLoader:240 - Cannot read IP mode file for STMicroelectronics.X-CUBE-SMBUS.2.1.0
2023-05-20 22:09:45,690 [WARN] PackLoader:240 - Cannot read IP mode file for STMicroelectronics.X-CUBE-AZRTOS-F7.1.1.0
2023-05-20 22:09:45,731 [WARN] PackLoader:240 - Cannot read IP mode file for STMicroelectronics.X-CUBE-MEMS1.9.6.0
2023-05-20 22:09:45,865 [ERROR] RealEvaluatedCondition:428 - Found unsupported composite condition: GROUP='STM32_MetaDataManager' CLASS='Data Exchange'
2023-05-20 22:09:45,865 [ERROR] RealEvaluatedCondition:428 - Found unsupported composite condition: CLASS='Data Exchange' GROUP='STM32_MetaDataManager'
2023-05-20 22:09:45,865 [WARN] PackLoader:240 - Cannot read IP mode file for STMicroelectronics.FP-SNS-MOTENV1.4.3.0
2023-05-20 22:09:45,872 [WARN] PackLoader:240 - Cannot read IP mode file for STMicroelectronics.FP-SNS-FLIGHT1.5.0.0
2023-05-20 22:09:45,878 [WARN] PackLoader:240 - Cannot read IP mode file for STMicroelectronics.X-CUBE-BLE1.6.2.4
2023-05-20 22:09:45,890 [WARN] PackLoader:240 - Cannot read IP mode file for emotas.I-CUBE-CANOPEN.1.1.3
2023-05-20 22:09:45,899 [WARN] PackLoader:240 - Cannot read IP mode file for STMicroelectronics.X-CUBE-BLEMGR.2.0.0
2023-05-20 22:09:45,906 [WARN] PackLoader:240 - Cannot read IP mode file for STMicroelectronics.X-CUBE-NFC4.2.0.5
2023-05-20 22:09:45,920 [WARN] ConditionMgr:438 - getConditionDescription Invalid condition id : UX DEVICE CLASS RTOS Condition cause : null
2023-05-20 22:09:45,920 [WARN] ConditionMgr:438 - getConditionDescription Invalid condition id : UX DEVICE CLASS RTOS Condition cause : null
2023-05-20 22:09:45,924 [WARN] PackLoader:240 - Cannot read IP mode file for STMicroelectronics.X-CUBE-AZRTOS-H7.3.1.0
2023-05-20 22:09:45,926 [WARN] ConditionMgr:1039 - genDependencies : Invalid condition id : UX DEVICE CLASS RTOS Condition cause : null
2023-05-20 22:09:45,926 [WARN] ConditionMgr:1039 - genDependencies : Invalid condition id : UX DEVICE CLASS RTOS Condition cause : null
2023-05-20 22:09:45,927 [WARN] ConditionMgr:1039 - genDependencies : Invalid condition id : UX DEVICE CLASS RTOS Condition cause : null
2023-05-20 22:09:45,927 [WARN] ConditionMgr:1039 - genDependencies : Invalid condition id : UX DEVICE CLASS RTOS Condition cause : null
2023-05-20 22:09:45,927 [WARN] ConditionMgr:1039 - genDependencies : Invalid condition id : UX DEVICE CLASS RTOS Condition cause : null
2023-05-20 22:09:45,936 [WARN] PackLoader:240 - Cannot read IP mode file for STMicroelectronics.X-CUBE-DISPLAY.3.0.0
2023-05-20 22:09:45,951 [WARN] PackLoader:240 - Cannot read IP mode file for wolfSSL.I-CUBE-wolfSSL.5.5.4
2023-05-20 22:09:45,957 [WARN] PackLoader:240 - Cannot read IP mode file for STMicroelectronics.X-CUBE-NFC7.1.0.0
2023-05-20 22:09:45,965 [WARN] PackLoader:240 - Cannot read IP mode file for STMicroelectronics.X-CUBE-EEPRMA1.4.1.0
2023-05-20 22:09:46,000 [WARN] PackLoader:240 - Cannot read IP mode file for WES.I-CUBE-Cesium.1.3.0
2023-05-20 22:09:46,010 [WARN] PackLoader:240 - Cannot read IP mode file for STMicroelectronics.X-CUBE-SFXS2LP1.4.0.0
2023-05-20 22:09:46,017 [WARN] PackLoader:240 - Cannot read IP mode file for STMicroelectronics.X-CUBE-BLE2.3.3.0
2023-05-20 22:09:46,023 [WARN] PackLoader:240 - Cannot read IP mode file for STMicroelectronics.X-CUBE-DISPLAY.2.2.0
2023-05-20 22:09:46,037 [WARN] PackLoader:240 - Cannot read IP mode file for STMicroelectronics.X-CUBE-TOF1.3.2.0
2023-05-20 22:09:46,070 [WARN] PackLoader:240 - Cannot read IP mode file for STMicroelectronics.X-CUBE-AZRTOS-H7.3.0.0
2023-05-20 22:09:46,078 [WARN] PackLoader:240 - Cannot read IP mode file for STMicroelectronics.X-CUBE-ISPU.1.1.0
2023-05-20 22:09:46,086 [WARN] PackLoader:240 - Cannot read IP mode file for RoweBots.I-CUBE-UNISONRTOS.5.5.0-4
2023-05-20 22:09:46,093 [WARN] PackLoader:240 - Cannot read IP mode file for STMicroelectronics.X-CUBE-AI.8.0.0
2023-05-20 22:09:46,101 [WARN] PackLoader:240 - Cannot read IP mode file for STMicroelectronics.X-CUBE-FREERTOS.1.0.0
2023-05-20 22:09:46,106 [WARN] PackLoader:240 - Cannot read IP mode file for STMicroelectronics.X-CUBE-FREERTOS.1.0.1
2023-05-20 22:09:46,111 [WARN] PackLoader:240 - Cannot read IP mode file for STMicroelectronics.X-CUBE-TOUCHGFX.4.21.1
2023-05-20 22:09:46,115 [WARN] PackLoader:240 - Cannot read IP mode file for STMicroelectronics.X-CUBE-TOUCHGFX.4.21.0
2023-05-20 22:09:46,118 [WARN] PackLoader:240 - Cannot read IP mode file for STMicroelectronics.X-CUBE-TOUCHGFX.4.21.3
2023-05-20 22:09:46,121 [WARN] PackLoader:240 - Cannot read IP mode file for STMicroelectronics.X-CUBE-TOUCHGFX.4.21.4
2023-05-20 22:09:46,162 [WARN] PackLoader:240 - Cannot read IP mode file for STMicroelectronics.X-CUBE-MEMS1.9.4.0
2023-05-20 22:09:46,280 [WARN] PackLoader:240 - Cannot read IP mode file for STMicroelectronics.X-CUBE-AI.7.3.0
2023-05-20 22:09:46,288 [WARN] PackLoader:240 - Cannot read IP mode file for STMicroelectronics.X-CUBE-ALGOBUILD.1.3.0
2023-05-20 22:09:46,303 [WARN] PackLoader:240 - Cannot read IP mode file for STMicroelectronics.X-CUBE-AZRTOS-L5.1.1.0
2023-05-20 22:09:46,325 [WARN] PackLoader:240 - Cannot read IP mode file for STMicroelectronics.X-CUBE-AZRTOS-G0.1.1.0
2023-05-20 22:09:46,332 [WARN] PackLoader:240 - Cannot read IP mode file for STMicroelectronics.X-CUBE-AI.8.0.1
2023-05-20 22:09:46,344 [WARN] PackLoader:240 - Cannot read IP mode file for STMicroelectronics.X-CUBE-SUBG2.5.0.0
2023-05-20 22:09:46,354 [WARN] PackLoader:240 - Cannot read IP mode file for STMicroelectronics.X-CUBE-NFC4.3.0.0
2023-05-20 22:09:46,372 [WARN] PackLoader:240 - Cannot read IP mode file for STMicroelectronics.X-CUBE-AZRTOS-G4.2.0.0
2023-05-20 22:09:46,384 [WARN] PackLoader:240 - Cannot read IP mode file for STMicroelectronics.X-CUBE-TOF1.3.3.0
2023-05-20 22:09:46,402 [WARN] PackLoader:240 - Cannot read IP mode file for STMicroelectronics.FP-ATR-ASTRA1.1.1.1
2023-05-20 22:09:46,408 [WARN] PackLoader:240 - Cannot read IP mode file for STMicroelectronics.X-CUBE-BLEMGR.1.3.0
2023-05-20 22:09:46,423 [WARN] PackLoader:240 - Cannot read IP mode file for STMicroelectronics.X-CUBE-AZRTOS-G4.1.0.0
2023-05-20 22:09:46,430 [WARN] PackLoader:240 - Cannot read IP mode file for STMicroelectronics.FP-ATR-SIGFOX1.3.2.0
2023-05-20 22:09:46,454 [WARN] PackLoader:240 - Cannot read IP mode file for STMicroelectronics.X-CUBE-AZRTOS-L4.1.0.0
2023-05-20 22:09:46,470 [WARN] PackLoader:240 - Cannot read IP mode file for STMicroelectronics.X-CUBE-AZRTOS-WL.1.0.0
2023-05-20 22:09:46,480 [WARN] PackLoader:240 - Cannot read IP mode file for portGmbH.I-Cube-SoM-uGOAL.1.1.0
2023-05-20 22:09:46,486 [WARN] PackLoader:240 - Cannot read IP mode file for STMicroelectronics.X-CUBE-ALS.1.0.1
2023-05-20 22:09:46,536 [WARN] PackLoader:240 - Cannot read IP mode file for STMicroelectronics.X-CUBE-MEMS1.9.5.0
2023-05-20 22:09:46,677 [WARN] PackLoader:240 - Cannot read IP mode file for STMicroelectronics.X-CUBE-AZRTOS-WB.1.1.0
2023-05-20 22:09:46,710 [WARN] PackLoader:240 - Cannot read IP mode file for SEGGER.I-CUBE-embOS.1.3.1
2023-05-20 22:09:46,785 [WARN] PackLoader:240 - Cannot read IP mode file for SEGGER.I-CUBE-embOS.1.3.0
2023-05-20 22:09:46,816 [WARN] PackLoader:240 - Cannot read IP mode file for STMicroelectronics.FP-ATR-ASTRA1.2.0.0
2023-05-20 22:09:46,817 [INFO] ThirdParty:978 - Integrity check success = true
2023-05-20 22:09:46,817 [INFO] IntegrityCheckThread:100 - exiting critical section [integrity check]
2023-05-20 22:09:46,818 [INFO] IntegrityCheckThread:103 - End integrity checks thread
2023-05-20 22:09:46,818 [INFO] ThirdParty:873 - entering critical section [close project]
2023-05-20 22:09:46,819 [INFO] ThirdParty:883 - exiting critical section [close project]
2023-05-20 22:09:46,825 [INFO] PinOutPanel:1499 - setPackage(No Configuration,No Configuration)
2023-05-20 22:09:46,834 [INFO] UtilMem:75 - Begin LoadConfig() Used Memory: 488698272 Bytes (558891008)
2023-05-20 22:09:46,835 [INFO] MicroXplorer:468 - Change Database Path : 
2023-05-20 22:09:46,835 [INFO] MicroXplorer:498 - Change Database Version : DB.6.0.80
2023-05-20 22:09:46,835 [INFO] OpenFileManager:308 - Change cursor
2023-05-20 22:09:46,879 [INFO] Mcu:1937 - Initializing MCU STM32F411R(C-E)Tx STM32F411RETx STM32F411RET6
2023-05-20 22:09:47,757 [INFO] Context:659 - Trying to add GPIOservice into a context  which must be forbidden
2023-05-20 22:09:48,219 [INFO] RtosManager:555 - Registered RTOS mode: class=CMSIS, group=RTOS, mode=CMSIS_V1, owner=FREERTOS
2023-05-20 22:09:48,219 [INFO] RtosManager:555 - Registered RTOS mode: class=CMSIS, group=RTOS2, mode=CMSIS_V2, owner=FREERTOS
2023-05-20 22:09:48,220 [INFO] RtosManager:555 - Registered RTOS mode: class=RTOS, group=Core, mode=CMSIS_V1, owner=FREERTOS
2023-05-20 22:09:48,220 [INFO] RtosManager:555 - Registered RTOS mode: class=RTOS, group=Core, mode=CMSIS_V2, owner=FREERTOS
2023-05-20 22:09:48,220 [WARN] ModelIntegratedComponent:184 - Missing modes for component STMicroelectronics:FreeRTOS:0.0.1:STMicroelectronics:RTOS:FreeRTOS:Core:::10.2.0:
2023-05-20 22:09:48,224 [WARN] ModelIntegratedComponent:182 - Modes not found for component STMicroelectronics:USB_HOST:1.0.0:STMicroelectronics:USB::USB Host:Audio HS::1.0:USB_HOST_1_0_RESTRICTED_HS
2023-05-20 22:09:48,224 [WARN] ModelIntegratedComponent:188 - Modes not found for component STMicroelectronics:USB_HOST:1.0.0:STMicroelectronics:USB::USB Host:Audio HS::1.0:USB_HOST_1_0_RESTRICTED_HS
2023-05-20 22:09:48,224 [WARN] ModelIntegratedComponent:182 - Modes not found for component STMicroelectronics:USB_HOST:1.0.0:STMicroelectronics:USB::USB Host:CDC HS::1.0:USB_HOST_1_0_RESTRICTED_HS
2023-05-20 22:09:48,224 [WARN] ModelIntegratedComponent:188 - Modes not found for component STMicroelectronics:USB_HOST:1.0.0:STMicroelectronics:USB::USB Host:CDC HS::1.0:USB_HOST_1_0_RESTRICTED_HS
2023-05-20 22:09:48,224 [WARN] ModelIntegratedComponent:182 - Modes not found for component STMicroelectronics:USB_HOST:1.0.0:STMicroelectronics:USB::USB Host:MSC HS::1.0:USB_HOST_1_0_RESTRICTED_HS
2023-05-20 22:09:48,224 [WARN] ModelIntegratedComponent:188 - Modes not found for component STMicroelectronics:USB_HOST:1.0.0:STMicroelectronics:USB::USB Host:MSC HS::1.0:USB_HOST_1_0_RESTRICTED_HS
2023-05-20 22:09:48,225 [WARN] ModelIntegratedComponent:182 - Modes not found for component STMicroelectronics:USB_HOST:1.0.0:STMicroelectronics:USB::USB Host:HID HS::1.0:USB_HOST_1_0_RESTRICTED_HS
2023-05-20 22:09:48,225 [WARN] ModelIntegratedComponent:188 - Modes not found for component STMicroelectronics:USB_HOST:1.0.0:STMicroelectronics:USB::USB Host:HID HS::1.0:USB_HOST_1_0_RESTRICTED_HS
2023-05-20 22:09:48,225 [WARN] ModelIntegratedComponent:182 - Modes not found for component STMicroelectronics:USB_HOST:1.0.0:STMicroelectronics:USB::USB Host:MTP HS::1.0:USB_HOST_1_0_RESTRICTED_HS
2023-05-20 22:09:48,225 [WARN] ModelIntegratedComponent:188 - Modes not found for component STMicroelectronics:USB_HOST:1.0.0:STMicroelectronics:USB::USB Host:MTP HS::1.0:USB_HOST_1_0_RESTRICTED_HS
2023-05-20 22:09:48,231 [WARN] ModelIntegratedComponent:63 - No mode defined for component null
2023-05-20 22:09:48,231 [WARN] ModelIntegratedComponent:63 - No mode defined for component null
2023-05-20 22:09:48,231 [WARN] ModelIntegratedComponent:63 - No mode defined for component null
2023-05-20 22:09:48,231 [WARN] ModelIntegratedComponent:63 - No mode defined for component null
2023-05-20 22:09:48,231 [WARN] ModelIntegratedComponent:63 - No mode defined for component null
2023-05-20 22:09:48,231 [WARN] ModelIntegratedComponent:63 - No mode defined for component null
2023-05-20 22:09:48,231 [WARN] ModelIntegratedComponent:63 - No mode defined for component null
2023-05-20 22:09:48,231 [WARN] ModelIntegratedComponent:63 - No mode defined for component null
2023-05-20 22:09:48,231 [WARN] ModelIntegratedComponent:63 - No mode defined for component null
2023-05-20 22:09:48,231 [WARN] ModelIntegratedComponent:63 - No mode defined for component null
2023-05-20 22:09:48,233 [WARN] ModelIntegratedComponent:63 - No mode defined for component null
2023-05-20 22:09:48,233 [WARN] ModelIntegratedComponent:63 - No mode defined for component null
2023-05-20 22:09:48,233 [WARN] ModelIntegratedComponent:63 - No mode defined for component null
2023-05-20 22:09:48,233 [WARN] ModelIntegratedComponent:63 - No mode defined for component null
2023-05-20 22:09:48,233 [WARN] ModelIntegratedComponent:63 - No mode defined for component null
2023-05-20 22:09:48,233 [WARN] ModelIntegratedComponent:63 - No mode defined for component null
2023-05-20 22:09:48,233 [WARN] ModelIntegratedComponent:63 - No mode defined for component null
2023-05-20 22:09:48,233 [WARN] ModelIntegratedComponent:63 - No mode defined for component null
2023-05-20 22:09:48,233 [WARN] ModelIntegratedComponent:63 - No mode defined for component null
2023-05-20 22:09:48,233 [WARN] ModelIntegratedComponent:63 - No mode defined for component null
2023-05-20 22:09:48,234 [WARN] ModelIntegratedComponent:63 - No mode defined for component null
2023-05-20 22:09:48,234 [WARN] ModelIntegratedComponent:63 - No mode defined for component null
2023-05-20 22:09:48,234 [WARN] ModelIntegratedComponent:63 - No mode defined for component null
2023-05-20 22:09:48,234 [WARN] ModelIntegratedComponent:63 - No mode defined for component null
2023-05-20 22:09:48,234 [WARN] ModelIntegratedComponent:63 - No mode defined for component null
2023-05-20 22:09:48,234 [WARN] ModelIntegratedComponent:63 - No mode defined for component null
2023-05-20 22:09:48,234 [WARN] ModelIntegratedComponent:63 - No mode defined for component null
2023-05-20 22:09:48,234 [WARN] ModelIntegratedComponent:63 - No mode defined for component null
2023-05-20 22:09:48,234 [WARN] ModelIntegratedComponent:63 - No mode defined for component null
2023-05-20 22:09:48,236 [WARN] ModelIntegratedComponent:63 - No mode defined for component null
2023-05-20 22:09:48,236 [WARN] ModelIntegratedComponent:63 - No mode defined for component null
2023-05-20 22:09:48,236 [WARN] ModelIntegratedComponent:63 - No mode defined for component null
2023-05-20 22:09:48,236 [WARN] ModelIntegratedComponent:63 - No mode defined for component null
2023-05-20 22:09:48,281 [WARN] ModelIntegratedComponent:182 - Modes not found for component STMicroelectronics:USB_DEVICE:1.0.0:STMicroelectronics:USB::USB Device:Audio HS::1.0:USB_DEVICE_1_0_RESTRICTED_HS
2023-05-20 22:09:48,281 [WARN] ModelIntegratedComponent:188 - Modes not found for component STMicroelectronics:USB_DEVICE:1.0.0:STMicroelectronics:USB::USB Device:Audio HS::1.0:USB_DEVICE_1_0_RESTRICTED_HS
2023-05-20 22:09:48,281 [WARN] ModelIntegratedComponent:182 - Modes not found for component STMicroelectronics:USB_DEVICE:1.0.0:STMicroelectronics:USB::USB Device:CDC HS::1.0:USB_DEVICE_1_0_RESTRICTED_HS
2023-05-20 22:09:48,281 [WARN] ModelIntegratedComponent:188 - Modes not found for component STMicroelectronics:USB_DEVICE:1.0.0:STMicroelectronics:USB::USB Device:CDC HS::1.0:USB_DEVICE_1_0_RESTRICTED_HS
2023-05-20 22:09:48,281 [WARN] ModelIntegratedComponent:182 - Modes not found for component STMicroelectronics:USB_DEVICE:1.0.0:STMicroelectronics:USB::USB Device:DFU HS::1.0:USB_DEVICE_1_0_RESTRICTED_HS
2023-05-20 22:09:48,281 [WARN] ModelIntegratedComponent:188 - Modes not found for component STMicroelectronics:USB_DEVICE:1.0.0:STMicroelectronics:USB::USB Device:DFU HS::1.0:USB_DEVICE_1_0_RESTRICTED_HS
2023-05-20 22:09:48,281 [WARN] ModelIntegratedComponent:182 - Modes not found for component STMicroelectronics:USB_DEVICE:1.0.0:STMicroelectronics:USB::USB Device:HID HS::1.0:USB_DEVICE_1_0_RESTRICTED_HS
2023-05-20 22:09:48,281 [WARN] ModelIntegratedComponent:188 - Modes not found for component STMicroelectronics:USB_DEVICE:1.0.0:STMicroelectronics:USB::USB Device:HID HS::1.0:USB_DEVICE_1_0_RESTRICTED_HS
2023-05-20 22:09:48,281 [WARN] ModelIntegratedComponent:182 - Modes not found for component STMicroelectronics:USB_DEVICE:1.0.0:STMicroelectronics:USB::USB Device:Custom HID HS::1.0:USB_DEVICE_1_0_RESTRICTED_HS
2023-05-20 22:09:48,281 [WARN] ModelIntegratedComponent:188 - Modes not found for component STMicroelectronics:USB_DEVICE:1.0.0:STMicroelectronics:USB::USB Device:Custom HID HS::1.0:USB_DEVICE_1_0_RESTRICTED_HS
2023-05-20 22:09:48,281 [WARN] ModelIntegratedComponent:182 - Modes not found for component STMicroelectronics:USB_DEVICE:1.0.0:STMicroelectronics:USB::USB Device:MSC HS::1.0:USB_DEVICE_1_0_RESTRICTED_HS
2023-05-20 22:09:48,281 [WARN] ModelIntegratedComponent:188 - Modes not found for component STMicroelectronics:USB_DEVICE:1.0.0:STMicroelectronics:USB::USB Device:MSC HS::1.0:USB_DEVICE_1_0_RESTRICTED_HS
2023-05-20 22:09:48,301 [INFO] ThirdPartyModel:298 - Start build external matchings
2023-05-20 22:09:48,709 [INFO] ThirdPartyModel:316 - End build external matchings
2023-05-20 22:09:48,734 [WARN] IP:2113 - I2C_Coeff_DF not found: check if there is a RefParameter without a condition.
2023-05-20 22:09:48,734 [WARN] IP:2113 - Analog_Filter not found: check if there is a RefParameter without a condition.
2023-05-20 22:09:48,736 [INFO] ImportTextPane:194 - (OptionalMessage_ERROR) IP (RCC) : Parameter (48MHZClocksFreq_Value) has invalid value (50000000)
2023-05-20 22:09:48,737 [INFO] ImportTextPane:194 - (OptionalMessage_ERROR) IP (RCC) : Parameter (FLatency) has Id (AdvancedSettings) currently not set
2023-05-20 22:09:48,737 [INFO] ImportTextPane:194 - (OptionalMessage_ERROR) IP (RCC) : Parameter (RTCHSEDivFreq_Value) has invalid value (4000000)
2023-05-20 22:09:48,959 [INFO] UtilMem:75 - End LoadConfig() Used Memory: 451893416 Bytes (558891008)
2023-05-20 22:09:49,072 [INFO] ApiDb:581 - Connected to CubeFinder SQLite database (C:\Users\bossy\.stmcufinder\plugins\mcufinder\mcu\cube-finder-db.db)
2023-05-20 22:09:49,137 [INFO] ApiDb:668 - CubeFinder database Data Model version=2.1
2023-05-20 22:09:49,137 [INFO] ApiDb:669 - CubeFinder database Configuration version=3.0.35
2023-05-20 22:09:49,137 [INFO] ApiDb:670 - CubeFinder database generation date=2023-05-12 (1683877179)
2023-05-20 22:09:49,137 [INFO] ApiDb:671 - CubeFinder database FW Pack versions=[FP-ATR-ASTRA1_V2.0.0, FP-SNS-FLIGHT1_V5.0.0, FP-SNS-MOTENV1_V4.3.0, STM32Cube_FW_C0_V1.0.1, STM32Cube_FW_F0_V1.11.4, STM32Cube_FW_F3_V1.11.4, STM32Cube_FW_F4_V1.27.1, STM32Cube_FW_F7_V1.17.0, STM32Cube_FW_G0_V1.6.1, STM32Cube_FW_G4_V1.5.1, STM32Cube_FW_H5_V0.5.1, STM32Cube_FW_H5_V1.0.0, STM32Cube_FW_H7_V1.11.0, STM32Cube_FW_L0_V1.12.2, STM32Cube_FW_L5_V1.5.0, STM32Cube_FW_U5_V1.2.0, STM32Cube_FW_WBA_V1.0.0, STM32Cube_FW_WBA_V1.0.0RC1, STM32Cube_FW_WBA_V1.0.0RC3, STM32Cube_FW_WB_V1.15.0RC1, STM32Cube_FW_WB_V1.16.0, STM32Cube_FW_WB_V1.16.0RC2, STM32Cube_FW_WL_V1.3.0, X-CUBE-ALGOBUILD_V1.3.0, X-CUBE-ALS_V1.0.1, X-CUBE-AZRTOS-F4_V1.1.0, X-CUBE-AZRTOS-F7_V1.1.0, X-CUBE-AZRTOS-G0_V1.1.0, X-CUBE-AZRTOS-G4_V2.0.0, X-CUBE-AZRTOS-H7_V3.1.0, X-CUBE-AZRTOS-L4_V1.0.0, X-CUBE-AZRTOS-L5_V1.1.0, X-CUBE-AZRTOS-WB_V1.1.0, X-CUBE-AZRTOS-WL_V1.0.0, X-CUBE-BLE1_V6.2.4, X-CUBE-BLE2_V3.3.0, X-CUBE-BLEMGR_V2.0.0, X-CUBE-EEPRMA1_V4.1.0, X-CUBE-FREERTOS_V1.0.1, X-CUBE-GNSS1_V6.0.0, X-CUBE-MEMS1_V9.1.0, X-CUBE-MEMS1_V9.4.0, X-CUBE-MEMS1_V9.6.0, X-CUBE-NFC4_V3.0.0, X-CUBE-NFC7_V1.0.0, X-CUBE-SFXS2LP1_V4.0.0, X-CUBE-SUBG2_V5.0.0]
2023-05-20 22:09:51,659 [INFO] ApiDb:240 - Found 297 in-development CPN: [B-G473E-ZEST1S, B-WB1M-WPAN1, B-WL5M-SUBG1, NUCLEO-C031C6, NUCLEO-H503RB, NUCLEO-H563ZI, NUCLEO-U545RE-Q, NUCLEO-U5A5ZJ-Q, NUCLEO-WBA52CG, STEVAL-PROTEUS1, STEVAL-STWINBX1, STM320518-EVAL, STM32C0116-DK, STM32C011D6Y3TR, STM32C011D6Y6TR, STM32C011F4P3, STM32C011F4P6, STM32C011F4U3, STM32C011F4U6TR, STM32C011F6P3, STM32C011F6P6, STM32C011F6U3, STM32C011F6U6TR, STM32C011J4M3, STM32C011J4M6, STM32C011J6M3, STM32C011J6M6, STM32C0316-DK, STM32C031C4T3, STM32C031C4T6, STM32C031C4U3, STM32C031C4U6, STM32C031C6T3, STM32C031C6T6, STM32C031C6U3, STM32C031C6U6, STM32C031F4P3, STM32C031F4P6, STM32C031F6P3, STM32C031F6P6, STM32C031G4U3, STM32C031G4U6, STM32C031G6U3, STM32C031G6U6, STM32C031K4T3, STM32C031K4T6, STM32C031K4U3, STM32C031K4U6, STM32C031K6T3, STM32C031K6T6, STM32C031K6U3, STM32C031K6U6, STM32G071K8TXN, STM32G071K8UXN, STM32G081GBU6N, STM32G081KBT6N, STM32G081KBUXN, STM32G0B1CCT6N, STM32G0B1KCT6, STM32G0B1NEY6TR, STM32G0B1RCT6N, STM32G0C1CCT6, STM32G0C1CCT6N, STM32G0C1CCU6N, STM32G0C1CET6N, STM32G0C1CEU6N, STM32G0C1KCT6, STM32G0C1NEY6TR, STM32G0C1RCI6N, STM32G0C1RCT6N, STM32G0C1REI6N, STM32G0C1RET6N, STM32G0C1VCI6, STM32G0C1VEI6, STM32G471CCT6, STM32G471CCU6, STM32G471CET3, STM32G471CET6, STM32G471CEU3, STM32G471CEU6, STM32G471MCT6, STM32G471MET3, STM32G471MET6, STM32G471MEY6TR, STM32G471QCT6, STM32G471QET3, STM32G471RCT6, STM32G471RET3, STM32G471RET6, STM32G471VCH6, STM32G471VCI6, STM32G471VCT6, STM32G471VEH3, STM32G471VEH6, STM32G471VEI3, STM32G471VEI6, STM32G471VET3, STM32G471VET6, STM32G474CCT6, STM32H503CBT6, STM32H503CBU6, STM32H503EBY6TR, STM32H503KBU6, STM32H503RBT6, STM32H562AGI6, STM32H562AII6, STM32H562IGK6, STM32H562IGT6, STM32H562IIK6, STM32H562IIT6, STM32H562RGT6, STM32H562RGV6, STM32H562RIT6, STM32H562RIV6, STM32H562VGT6, STM32H562VIT6, STM32H562ZGT6, STM32H562ZIT6, STM32H563AGI6, STM32H563AII3Q, STM32H563AII6, STM32H563IGK6, STM32H563IGT6, STM32H563IIK3Q, STM32H563IIK6, STM32H563IIT3Q, STM32H563IIT6, STM32H563MIY3QTR, STM32H563RGT6, STM32H563RGV6, STM32H563RIT6, STM32H563RIV6, STM32H563VGT6, STM32H563VIT3Q, STM32H563VIT6, STM32H563ZGT6, STM32H563ZIT3Q, STM32H563ZIT6, STM32H573AII3Q, STM32H573AII6, STM32H573I-DK, STM32H573IIK3Q, STM32H573IIK6, STM32H573IIT3Q, STM32H573IIT6, STM32H573MIY3QTR, STM32H573RIT6, STM32H573RIV6, STM32H573VIT3Q, STM32H573VIT6, STM32H573ZIT3Q, STM32H573ZIT6, STM32L4R5QGI6STR, STM32MP131AAE3, STM32MP131AAF3, STM32MP131AAG3, STM32MP131CAE3, STM32MP131CAF3, STM32MP131CAG3, STM32MP131DAE7, STM32MP131DAF7, STM32MP131DAG7, STM32MP131FAE7, STM32MP131FAF7, STM32MP131FAG7, STM32MP133AAE3, STM32MP133AAF3, STM32MP133AAG3, STM32MP133CAE3, STM32MP133CAF3, STM32MP133CAG3, STM32MP133DAE7, STM32MP133DAF7, STM32MP133DAG7, STM32MP133FAE7, STM32MP133FAF7, STM32MP133FAG7, STM32MP135AAE3, STM32MP135AAF3, STM32MP135AAG3, STM32MP135CAE3, STM32MP135CAF3, STM32MP135CAG3, STM32MP135DAE7, STM32MP135DAF7, STM32MP135DAG7, STM32MP135F-DK, STM32MP135FAE7, STM32MP135FAF7, STM32MP135FAF7T, STM32MP135FAF7U, STM32MP135FAG7, STM32U535CBT6, STM32U535CBT6Q, STM32U535CBU6, STM32U535CBU6Q, STM32U535CCT6, STM32U535CCT6Q, STM32U535CCU6, STM32U535CCU6Q, STM32U535CET6, STM32U535CET6Q, STM32U535CEU6, STM32U535CEU6Q, STM32U535JEY6QTR, STM32U535NCY6QTR, STM32U535NEY6QTR, STM32U535RBI6, STM32U535RBI6Q, STM32U535RBT6, STM32U535RBT6Q, STM32U535RCI6, STM32U535RCI6Q, STM32U535RCT6, STM32U535RCT6Q, STM32U535REI6, STM32U535REI6Q, STM32U535RET6, STM32U535RET6Q, STM32U535VCI6, STM32U535VCI6Q, STM32U535VCT6, STM32U535VCT6Q, STM32U535VEI6, STM32U535VEI6Q, STM32U535VET6, STM32U535VET6Q, STM32U545CET6, STM32U545CET6Q, STM32U545CEU6, STM32U545CEU6Q, STM32U545JEY6QTR, STM32U545NEY6QTR, STM32U545REI6, STM32U545REI6Q, STM32U545RET6, STM32U545RET6Q, STM32U545VEI6, STM32U545VEI6Q, STM32U545VET6, STM32U545VET6Q, STM32U595AIH6, STM32U595AIH6Q, STM32U595AJH6, STM32U595AJH6Q, STM32U595QII6, STM32U595QII6Q, STM32U595QJI6, STM32U595QJI6Q, STM32U595RIT6, STM32U595RIT6Q, STM32U595RJT6, STM32U595RJT6Q, STM32U595VIT6, STM32U595VIT6Q, STM32U595VJT6, STM32U595VJT6Q, STM32U595ZIT6, STM32U595ZIT6Q, STM32U595ZIY6QTR, STM32U595ZJT6, STM32U595ZJT6Q, STM32U595ZJY6QTR, STM32U599BJY6QTR, STM32U599NIH6Q, STM32U599NJH6Q, STM32U599VIT6Q, STM32U599VJT6, STM32U599VJT6Q, STM32U599ZIT6Q, STM32U599ZIY6QTR, STM32U599ZJT6Q, STM32U599ZJY6QTR, STM32U5A5AJH6, STM32U5A5AJH6Q, STM32U5A5QJI6, STM32U5A5QJI6Q, STM32U5A5RJT6, STM32U5A5RJT6Q, STM32U5A5VJT6, STM32U5A5VJT6Q, STM32U5A5ZJT6, STM32U5A5ZJT6Q, STM32U5A5ZJY6QTR, STM32U5A9BJY6QTR, STM32U5A9J-DK, STM32U5A9NJH6Q, STM32U5A9VJT6Q, STM32U5A9ZJT6Q, STM32U5A9ZJY6QTR, STM32WB1MMCH6, STM32WBA52CEU6, STM32WBA52CEU6T, STM32WBA52CGU6, STM32WBA52CGU6T, STM32WL5MOCH6, STM32WL5MOCH6TR]
2023-05-20 22:09:51,662 [INFO] DbMcus:216 - Found 3775 MCUs, 3775 are supported
2023-05-20 22:09:51,664 [INFO] ApiDb:423 - Load user favorites file C:\Users\bossy/.stm32cubeide/favorites.mcus.txt: 0 item(s)
2023-05-20 22:09:51,664 [INFO] ApiDb:427 - User favorites MCUs=[]
2023-05-20 22:09:51,664 [INFO] DbMcus:222 - Set 0 / 0 favorites MCUs
2023-05-20 22:09:51,984 [WARN] ThirdParty:833 - waiting for thirdparty lock release [change project]
2023-05-20 22:09:51,984 [INFO] ThirdParty:835 - entering critical section [change project]
2023-05-20 22:09:51,984 [INFO] ThirdParty:1030 - CMSIS Pack Vendor :STMicroelectronics X-CUBE-ISPU 1.1.0
2023-05-20 22:09:51,984 [INFO] ThirdParty:1030 - CMSIS Pack Vendor :RoweBots I-CUBE-UNISONRTOS 5.5.0-4
2023-05-20 22:09:51,984 [INFO] ThirdParty:1030 - CMSIS Pack Vendor :STMicroelectronics X-CUBE-GNSS1 6.0.0
2023-05-20 22:09:51,984 [INFO] ThirdParty:1030 - CMSIS Pack Vendor :STMicroelectronics USB_HOST 2.0.0
2023-05-20 22:09:51,984 [INFO] ThirdParty:1030 - CMSIS Pack Vendor :STMicroelectronics X-CUBE-AZRTOS-F4 1.1.0
2023-05-20 22:09:51,984 [INFO] ThirdParty:1030 - CMSIS Pack Vendor :STMicroelectronics LIBJPEG 8.0.0
2023-05-20 22:09:51,984 [INFO] ThirdParty:1030 - CMSIS Pack Vendor :STMicroelectronics X-CUBE-SMBUS 2.1.0
2023-05-20 22:09:51,984 [INFO] ThirdParty:1030 - CMSIS Pack Vendor :STMicroelectronics USB_DEVICE 3.0.0
2023-05-20 22:09:51,984 [INFO] ThirdParty:1030 - CMSIS Pack Vendor :STMicroelectronics X-CUBE-AI 8.0.0
2023-05-20 22:09:51,984 [INFO] ThirdParty:1030 - CMSIS Pack Vendor :STMicroelectronics X-CUBE-FREERTOS 1.0.0
2023-05-20 22:09:51,984 [INFO] ThirdParty:1030 - CMSIS Pack Vendor :STMicroelectronics X-CUBE-FREERTOS 1.0.1
2023-05-20 22:09:51,985 [INFO] ThirdParty:1030 - CMSIS Pack Vendor :STMicroelectronics X-CUBE-TOUCHGFX 4.21.1
2023-05-20 22:09:51,985 [INFO] ThirdParty:1030 - CMSIS Pack Vendor :STMicroelectronics X-CUBE-TOUCHGFX 4.21.0
2023-05-20 22:09:51,985 [INFO] ThirdParty:1030 - CMSIS Pack Vendor :STMicroelectronics X-CUBE-TOUCHGFX 4.21.3
2023-05-20 22:09:51,985 [INFO] ThirdParty:1030 - CMSIS Pack Vendor :STMicroelectronics X-CUBE-AZRTOS-F7 1.1.0
2023-05-20 22:09:51,985 [INFO] ThirdParty:1030 - CMSIS Pack Vendor :STMicroelectronics X-CUBE-TOUCHGFX 4.21.4
2023-05-20 22:09:51,985 [INFO] ThirdParty:1030 - CMSIS Pack Vendor :STMicroelectronics X-CUBE-MEMS1 9.4.0
2023-05-20 22:09:51,985 [INFO] ThirdParty:1030 - CMSIS Pack Vendor :STMicroelectronics USB_DEVICE 2.0.0
2023-05-20 22:09:51,985 [INFO] ThirdParty:1030 - CMSIS Pack Vendor :STMicroelectronics X-CUBE-MEMS1 9.6.0
2023-05-20 22:09:51,985 [INFO] ThirdParty:1030 - CMSIS Pack Vendor :STMicroelectronics X-CUBE-AI 7.3.0
2023-05-20 22:09:51,985 [INFO] ThirdParty:1030 - CMSIS Pack Vendor :STMicroelectronics FP-SNS-MOTENV1 4.3.0
2023-05-20 22:09:51,985 [INFO] ThirdParty:1030 - CMSIS Pack Vendor :STMicroelectronics FP-SNS-FLIGHT1 5.0.0
2023-05-20 22:09:51,985 [INFO] ThirdParty:1030 - CMSIS Pack Vendor :STMicroelectronics X-CUBE-ALGOBUILD 1.3.0
2023-05-20 22:09:51,985 [INFO] ThirdParty:1030 - CMSIS Pack Vendor :STMicroelectronics X-CUBE-BLE1 6.2.4
2023-05-20 22:09:51,985 [INFO] ThirdParty:1030 - CMSIS Pack Vendor :STMicroelectronics X-CUBE-AZRTOS-L5 1.1.0
2023-05-20 22:09:51,985 [INFO] ThirdParty:1030 - CMSIS Pack Vendor :STMicroelectronics FreeRTOS 0.0.1
2023-05-20 22:09:51,985 [INFO] ThirdParty:1030 - CMSIS Pack Vendor :emotas I-CUBE-CANOPEN 1.1.3
2023-05-20 22:09:51,985 [INFO] ThirdParty:1030 - CMSIS Pack Vendor :STMicroelectronics X-CUBE-AZRTOS-G0 1.1.0
2023-05-20 22:09:51,985 [INFO] ThirdParty:1030 - CMSIS Pack Vendor :STMicroelectronics X-CUBE-BLEMGR 2.0.0
2023-05-20 22:09:51,985 [INFO] ThirdParty:1030 - CMSIS Pack Vendor :STMicroelectronics X-CUBE-AI 8.0.1
2023-05-20 22:09:51,985 [INFO] ThirdParty:1030 - CMSIS Pack Vendor :STMicroelectronics X-CUBE-SUBG2 5.0.0
2023-05-20 22:09:51,985 [INFO] ThirdParty:1030 - CMSIS Pack Vendor :STMicroelectronics X-CUBE-NFC4 3.0.0
2023-05-20 22:09:51,986 [INFO] ThirdParty:1030 - CMSIS Pack Vendor :STMicroelectronics STM32_WPAN 1.0.0
2023-05-20 22:09:51,986 [INFO] ThirdParty:1030 - CMSIS Pack Vendor :STMicroelectronics lwIP 2.0.3
2023-05-20 22:09:51,986 [INFO] ThirdParty:1030 - CMSIS Pack Vendor :STMicroelectronics X-CUBE-NFC4 2.0.5
2023-05-20 22:09:51,986 [INFO] ThirdParty:1030 - CMSIS Pack Vendor :STMicroelectronics USB_HOST 1.0.0
2023-05-20 22:09:51,986 [INFO] ThirdParty:1030 - CMSIS Pack Vendor :STMicroelectronics X-CUBE-AZRTOS-G4 2.0.0
2023-05-20 22:09:51,986 [INFO] ThirdParty:1030 - CMSIS Pack Vendor :STMicroelectronics PDM2PCM 3.1.0
2023-05-20 22:09:51,986 [INFO] ThirdParty:1030 - CMSIS Pack Vendor :STMicroelectronics X-CUBE-AZRTOS-H7 3.1.0
2023-05-20 22:09:51,986 [INFO] ThirdParty:1030 - CMSIS Pack Vendor :STMicroelectronics X-CUBE-TOF1 3.3.0
2023-05-20 22:09:51,986 [INFO] ThirdParty:1030 - CMSIS Pack Vendor :STMicroelectronics FP-ATR-ASTRA1 1.1.1
2023-05-20 22:09:51,986 [INFO] ThirdParty:1030 - CMSIS Pack Vendor :STMicroelectronics PDM2PCM 3.3.0
2023-05-20 22:09:51,986 [INFO] ThirdParty:1030 - CMSIS Pack Vendor :STMicroelectronics X-CUBE-DISPLAY 3.0.0
2023-05-20 22:09:51,986 [INFO] ThirdParty:1030 - CMSIS Pack Vendor :STMicroelectronics X-CUBE-BLEMGR 1.3.0
2023-05-20 22:09:51,986 [INFO] ThirdParty:1030 - CMSIS Pack Vendor :STMicroelectronics X-CUBE-AZRTOS-G4 1.0.0
2023-05-20 22:09:51,986 [INFO] ThirdParty:1030 - CMSIS Pack Vendor :STMicroelectronics FP-ATR-SIGFOX1 3.2.0
2023-05-20 22:09:51,986 [INFO] ThirdParty:1030 - CMSIS Pack Vendor :wolfSSL I-CUBE-wolfSSL 5.5.4
2023-05-20 22:09:51,986 [INFO] ThirdParty:1030 - CMSIS Pack Vendor :STMicroelectronics X-CUBE-AZRTOS-L4 1.0.0
2023-05-20 22:09:51,986 [INFO] ThirdParty:1030 - CMSIS Pack Vendor :STMicroelectronics HAL Drivers 0.0.0
2023-05-20 22:09:51,986 [INFO] ThirdParty:1030 - CMSIS Pack Vendor :STMicroelectronics MBEDTLS 2.16.2
2023-05-20 22:09:51,986 [INFO] ThirdParty:1030 - CMSIS Pack Vendor :STMicroelectronics MBEDTLS 2.14.1
2023-05-20 22:09:51,986 [INFO] ThirdParty:1030 - CMSIS Pack Vendor :STMicroelectronics X-CUBE-NFC7 1.0.0
2023-05-20 22:09:51,987 [INFO] ThirdParty:1030 - CMSIS Pack Vendor :STMicroelectronics X-CUBE-AZRTOS-WL 1.0.0
2023-05-20 22:09:51,987 [INFO] ThirdParty:1030 - CMSIS Pack Vendor :STMicroelectronics X-CUBE-EEPRMA1 4.1.0
2023-05-20 22:09:51,987 [INFO] ThirdParty:1030 - CMSIS Pack Vendor :portGmbH I-Cube-SoM-uGOAL 1.1.0
2023-05-20 22:09:51,987 [INFO] ThirdParty:1030 - CMSIS Pack Vendor :STMicroelectronics X-CUBE-ALS 1.0.1
2023-05-20 22:09:51,987 [INFO] ThirdParty:1030 - CMSIS Pack Vendor :STMicroelectronics X-CUBE-MEMS1 9.5.0
2023-05-20 22:09:51,987 [INFO] ThirdParty:1030 - CMSIS Pack Vendor :STMicroelectronics ThreadX 1.0.0
2023-05-20 22:09:51,987 [INFO] ThirdParty:1030 - CMSIS Pack Vendor :STMicroelectronics X-CUBE-AZRTOS-WB 1.1.0
2023-05-20 22:09:51,987 [INFO] ThirdParty:1030 - CMSIS Pack Vendor :SEGGER I-CUBE-embOS 1.3.1
2023-05-20 22:09:51,987 [INFO] ThirdParty:1030 - CMSIS Pack Vendor :STMicroelectronics USB_DEVICE 1.0.0
2023-05-20 22:09:51,987 [INFO] ThirdParty:1030 - CMSIS Pack Vendor :SEGGER I-CUBE-embOS 1.3.0
2023-05-20 22:09:51,987 [INFO] ThirdParty:1030 - CMSIS Pack Vendor :STMicroelectronics ThreadX 0.0.2
2023-05-20 22:09:51,987 [INFO] ThirdParty:1030 - CMSIS Pack Vendor :WES I-CUBE-Cesium 1.3.0
2023-05-20 22:09:51,987 [INFO] ThirdParty:1030 - CMSIS Pack Vendor :STMicroelectronics FP-ATR-ASTRA1 2.0.0
2023-05-20 22:09:51,988 [INFO] ThirdParty:1030 - CMSIS Pack Vendor :STMicroelectronics lwIP 2.1.2
2023-05-20 22:09:51,988 [INFO] ThirdParty:1030 - CMSIS Pack Vendor :STMicroelectronics X-CUBE-SFXS2LP1 4.0.0
2023-05-20 22:09:51,988 [INFO] ThirdParty:1030 - CMSIS Pack Vendor :STMicroelectronics X-CUBE-BLE2 3.3.0
2023-05-20 22:09:51,988 [INFO] ThirdParty:1030 - CMSIS Pack Vendor :STMicroelectronics X-CUBE-DISPLAY 2.2.0
2023-05-20 22:09:51,988 [INFO] ThirdParty:1030 - CMSIS Pack Vendor :STMicroelectronics X-CUBE-TOF1 3.2.0
2023-05-20 22:09:51,988 [INFO] ThirdParty:1030 - CMSIS Pack Vendor :STMicroelectronics PDM2PCM 3.2.0
2023-05-20 22:09:51,988 [INFO] ThirdParty:1030 - CMSIS Pack Vendor :STMicroelectronics X-CUBE-AZRTOS-H7 3.0.0
2023-05-20 22:09:51,988 [INFO] ThirdParty:841 - exiting critical section [change project]
2023-05-20 22:09:52,345 [INFO] PinOutPanel:1499 - setPackage(No Configuration,No Configuration)
2023-05-20 22:09:52,348 [INFO] PinOutPanel:1499 - setPackage(STM32F411RETx,LQFP64)
2023-05-20 22:09:53,002 [INFO] UtilMem:75 - Before build in PCC Used Memory: 483386576 Bytes (558891008)
2023-05-20 22:09:54,042 [INFO] UtilMem:75 - After build in PCC Used Memory: 477982568 Bytes (558891008)
2023-05-20 22:09:54,083 [INFO] IPUIPlugin:80 - create IPUIPlugin
2023-05-20 22:09:54,084 [INFO] IPUIPlugin:80 - create IPUIPlugin
2023-05-20 22:09:54,084 [INFO] IPUIPlugin:80 - create IPUIPlugin
2023-05-20 22:09:54,084 [INFO] IPUIPlugin:80 - create IPUIPlugin
2023-05-20 22:09:54,084 [INFO] IPUIPlugin:80 - create IPUIPlugin
2023-05-20 22:09:54,084 [INFO] IPUIPlugin:80 - create IPUIPlugin
2023-05-20 22:09:54,084 [INFO] IPUIPlugin:80 - create IPUIPlugin
2023-05-20 22:09:54,084 [INFO] IPUIPlugin:80 - create IPUIPlugin
2023-05-20 22:09:54,085 [INFO] IPUIPlugin:80 - create IPUIPlugin
2023-05-20 22:09:54,085 [INFO] IPUIPlugin:80 - create IPUIPlugin
2023-05-20 22:09:54,085 [INFO] IPUIPlugin:80 - create IPUIPlugin
2023-05-20 22:09:54,085 [INFO] IPUIPlugin:80 - create IPUIPlugin
2023-05-20 22:09:54,085 [INFO] IPUIPlugin:80 - create IPUIPlugin
2023-05-20 22:09:54,087 [INFO] IPUIPlugin:80 - create IPUIPlugin
2023-05-20 22:09:54,091 [INFO] IPUIPlugin:80 - create IPUIPlugin
2023-05-20 22:09:54,092 [INFO] IPUIPlugin:80 - create IPUIPlugin
2023-05-20 22:09:54,092 [INFO] IPUIPlugin:80 - create IPUIPlugin
2023-05-20 22:09:54,092 [INFO] IPUIPlugin:80 - create IPUIPlugin
2023-05-20 22:09:54,093 [INFO] IPUIPlugin:80 - create IPUIPlugin
2023-05-20 22:09:54,093 [INFO] IPUIPlugin:80 - create IPUIPlugin
2023-05-20 22:09:54,094 [INFO] IPUIPlugin:80 - create IPUIPlugin
2023-05-20 22:09:54,094 [INFO] IPUIPlugin:80 - create IPUIPlugin
2023-05-20 22:09:54,094 [INFO] IPUIPlugin:80 - create IPUIPlugin
2023-05-20 22:09:54,094 [INFO] IPUIPlugin:80 - create IPUIPlugin
2023-05-20 22:09:54,094 [INFO] IPUIPlugin:80 - create IPUIPlugin
2023-05-20 22:09:54,094 [INFO] IPUIPlugin:80 - create IPUIPlugin
2023-05-20 22:09:54,095 [INFO] IPUIPlugin:80 - create IPUIPlugin
2023-05-20 22:09:54,095 [INFO] IPUIPlugin:80 - create IPUIPlugin
2023-05-20 22:09:54,104 [INFO] IPUIPlugin:80 - create IPUIPlugin
2023-05-20 22:09:54,105 [INFO] IPUIPlugin:80 - create IPUIPlugin
2023-05-20 22:09:54,105 [INFO] IPUIPlugin:80 - create IPUIPlugin
2023-05-20 22:09:54,105 [INFO] IPUIPlugin:80 - create IPUIPlugin
2023-05-20 22:09:54,105 [INFO] IPUIPlugin:80 - create IPUIPlugin
2023-05-20 22:09:54,106 [INFO] IPUIPlugin:80 - create IPUIPlugin
2023-05-20 22:09:54,106 [INFO] IPUIPlugin:80 - create IPUIPlugin
2023-05-20 22:09:54,106 [INFO] IPUIPlugin:80 - create IPUIPlugin
2023-05-20 22:09:54,106 [INFO] IPUIPlugin:80 - create IPUIPlugin
2023-05-20 22:09:54,107 [INFO] IPUIPlugin:80 - create IPUIPlugin
2023-05-20 22:09:54,107 [INFO] IPUIPlugin:80 - create IPUIPlugin
2023-05-20 22:09:54,107 [INFO] IPUIPlugin:80 - create IPUIPlugin
2023-05-20 22:09:54,107 [INFO] IPUIPlugin:80 - create IPUIPlugin
2023-05-20 22:09:54,108 [INFO] IPUIPlugin:80 - create IPUIPlugin
2023-05-20 22:09:54,108 [INFO] IPUIPlugin:80 - create IPUIPlugin
2023-05-20 22:09:54,172 [INFO] ApiDbMcu:507 - Load IP Config File for PDM2PCM
2023-05-20 22:09:54,188 [WARN] IP:2113 - I2C_Coeff_DF not found: check if there is a RefParameter without a condition.
2023-05-20 22:09:54,188 [WARN] IP:2113 - Analog_Filter not found: check if there is a RefParameter without a condition.
2023-05-20 22:09:54,397 [INFO] CADModel:165 - CPN selected for project levelSTM32F411RET6
2023-05-20 22:09:54,397 [INFO] CADModel:114 - Register for checkConnection events
2023-05-20 22:09:54,442 [INFO] OpenFileManager:328 - Restore cursor
2023-05-20 22:09:54,668 [WARN] IP:2113 - I2C_Coeff_DF not found: check if there is a RefParameter without a condition.
2023-05-20 22:09:54,668 [WARN] IP:2113 - Analog_Filter not found: check if there is a RefParameter without a condition.
2023-05-20 22:09:54,674 [WARN] IP:2113 - I2C_Coeff_DF not found: check if there is a RefParameter without a condition.
2023-05-20 22:09:54,674 [WARN] IP:2113 - Analog_Filter not found: check if there is a RefParameter without a condition.
2023-05-20 22:10:50,053 [INFO] NvicIntPanel:101 - NVIC parent = com.st.microxplorer.plugins.ip.nvic.MultiNvicIntPanel[,0,0,0x0,invalid,layout=javax.swing.BoxLayout,alignmentX=0.0,alignmentY=0.0,border=,flags=9,maximumSize=,minimumSize=,preferredSize=]
2023-05-20 22:10:58,623 [INFO] NvicIntPanel:101 - NVIC parent = com.st.microxplorer.plugins.ip.nvic.MultiNvicIntPanel[,0,0,0x0,invalid,layout=javax.swing.BoxLayout,alignmentX=0.0,alignmentY=0.0,border=,flags=9,maximumSize=,minimumSize=,preferredSize=]
2023-05-20 22:11:49,355 [INFO] NvicIntPanel:101 - NVIC parent = com.st.microxplorer.plugins.ip.nvic.MultiNvicIntPanel[,0,0,0x0,invalid,layout=javax.swing.BoxLayout,alignmentX=0.0,alignmentY=0.0,border=,flags=9,maximumSize=,minimumSize=,preferredSize=]
2023-05-20 22:11:55,742 [INFO] NvicIntPanel:101 - NVIC parent = com.st.microxplorer.plugins.ip.nvic.MultiNvicIntPanel[,0,0,0x0,invalid,layout=javax.swing.BoxLayout,alignmentX=0.0,alignmentY=0.0,border=,flags=9,maximumSize=,minimumSize=,preferredSize=]
2023-05-20 22:11:59,258 [INFO] UtilMem:75 - End SaveConfig() Used Memory: 492450008 Bytes (558891008)
2023-05-20 22:11:59,317 [INFO] UtilMem:75 - End SaveConfig() Used Memory: 506892328 Bytes (558891008)
2023-05-20 22:12:00,024 [INFO] UtilMem:75 - End SaveConfig() Used Memory: 479631896 Bytes (558891008)
2023-05-20 22:12:00,601 [INFO] BlockDiagram:2759 - set Specific Code input for plugin: NVIC
2023-05-20 22:12:00,601 [INFO] BlockDiagram:2759 - set Specific Code input for plugin: USART
2023-05-20 22:12:00,601 [INFO] BlockDiagram:2759 - set Specific Code input for plugin: USART
2023-05-20 22:12:00,601 [INFO] BlockDiagram:2759 - set Specific Code input for plugin: TIM1_8
2023-05-20 22:12:00,601 [INFO] BlockDiagram:2759 - set Specific Code input for plugin: TIM1_8
2023-05-20 22:12:00,601 [INFO] BlockDiagram:2759 - set Specific Code input for plugin: TIM1_8
2023-05-20 22:12:00,601 [INFO] BlockDiagram:2759 - set Specific Code input for plugin: SYS
2023-05-20 22:12:00,602 [INFO] BlockDiagram:2759 - set Specific Code input for plugin: GPIO
2023-05-20 22:12:00,602 [INFO] BlockDiagram:2759 - set Specific Code input for plugin: ADC
2023-05-20 22:12:00,602 [INFO] BlockDiagram:2759 - set Specific Code input for plugin: RCC
2023-05-20 22:12:00,602 [INFO] BlockDiagram:2759 - set Specific Code input for plugin: I2C
2023-05-20 22:12:00,604 [INFO] CodeGenerator:793 - code generatio: config db path: D:\Program Files\STM32CubeIDE_1.11.0\STM32CubeIDE\plugins\com.st.stm32cube.common.mx_6.8.0.202302231600\\db\
2023-05-20 22:12:00,617 [WARN] IP:2113 - I2C_Coeff_DF not found: check if there is a RefParameter without a condition.
2023-05-20 22:12:00,617 [WARN] IP:2113 - Analog_Filter not found: check if there is a RefParameter without a condition.
2023-05-20 22:12:00,967 [INFO] CodeEngine:255 - oldGeneratedFile, D:\Code\CU\Embeded_Sys_Lab\FinalProject\MXTmpFiles\license.tmp_save
2023-05-20 22:12:01,302 [INFO] CodeEngine:279 - Generated code: D:\Code\CU\Embeded_Sys_Lab\FinalProject\MXTmpFiles\license.tmp
2023-05-20 22:12:01,367 [INFO] CodeEngine:255 - oldGeneratedFile, D:\Code\CU\Embeded_Sys_Lab\FinalProject\MXTmpFiles\gpio.tmp_save
2023-05-20 22:12:01,493 [INFO] CodeEngine:279 - Generated code: D:\Code\CU\Embeded_Sys_Lab\FinalProject\MXTmpFiles\gpio.tmp
2023-05-20 22:12:01,783 [INFO] CodeEngine:255 - oldGeneratedFile, D:\Code\CU\Embeded_Sys_Lab\FinalProject\Core\Src\stm32f4xx_it.c_save
2023-05-20 22:12:01,956 [INFO] CodeEngine:279 - Generated code: D:\Code\CU\Embeded_Sys_Lab\FinalProject\Core\Src\stm32f4xx_it.c
2023-05-20 22:12:01,965 [INFO] CodeEngine:255 - oldGeneratedFile, D:\Code\CU\Embeded_Sys_Lab\FinalProject\Core\Inc\stm32f4xx_it.h_save
2023-05-20 22:12:02,047 [INFO] CodeEngine:279 - Generated code: D:\Code\CU\Embeded_Sys_Lab\FinalProject\Core\Inc\stm32f4xx_it.h
2023-05-20 22:12:02,063 [INFO] CodeEngine:255 - oldGeneratedFile, D:\Code\CU\Embeded_Sys_Lab\FinalProject\Core\Src\stm32f4xx_hal_msp.c_save
2023-05-20 22:12:02,202 [INFO] CodeEngine:279 - Generated code: D:\Code\CU\Embeded_Sys_Lab\FinalProject\Core\Src\stm32f4xx_hal_msp.c
2023-05-20 22:12:02,207 [INFO] CodeEngine:255 - oldGeneratedFile, D:\Code\CU\Embeded_Sys_Lab\FinalProject\MXTmpFiles\system.tmp_save
2023-05-20 22:12:02,276 [INFO] CodeEngine:279 - Generated code: D:\Code\CU\Embeded_Sys_Lab\FinalProject\MXTmpFiles\system.tmp
2023-05-20 22:12:02,286 [INFO] CodeEngine:311 - oldGeneratedFile, D:\Code\CU\Embeded_Sys_Lab\FinalProject\Core\Inc\stm32f4xx_hal_conf.h_save
2023-05-20 22:12:02,350 [INFO] CodeEngine:335 - Generated code: D:\Code\CU\Embeded_Sys_Lab\FinalProject\Core\Inc\stm32f4xx_hal_conf.h
2023-05-20 22:12:02,373 [WARN] IPConfigManager:3431 - IP not found : TIM
2023-05-20 22:12:02,374 [WARN] CodeGenerator:3754 - IP not found : null
2023-05-20 22:12:02,381 [INFO] CodeEngine:255 - oldGeneratedFile, D:\Code\CU\Embeded_Sys_Lab\FinalProject\Core\Inc\main.h_save
2023-05-20 22:12:02,474 [INFO] CodeEngine:279 - Generated code: D:\Code\CU\Embeded_Sys_Lab\FinalProject\Core\Inc\main.h
2023-05-20 22:12:02,481 [INFO] CodeEngine:255 - oldGeneratedFile, D:\Code\CU\Embeded_Sys_Lab\FinalProject\Core\Src\main.c_save
2023-05-20 22:12:02,664 [INFO] CodeEngine:279 - Generated code: D:\Code\CU\Embeded_Sys_Lab\FinalProject\Core\Src\main.c
2023-05-20 22:12:03,342 [INFO] ProjectBuilder:2996 - Time for Copy HAL[1] : 238mS.
2023-05-20 22:12:03,352 [INFO] ProjectBuilder:4304 - Project Generator version: 3.19.2
2023-05-20 22:12:03,583 [INFO] ConfigFileManager:1483 - The Die is : DIE431
2023-05-20 22:12:03,591 [INFO] ApiDbMcu:507 - Load IP Config File for FATFS
2023-05-20 22:12:03,595 [INFO] ApiDbMcu:507 - Load IP Config File for FREERTOS
2023-05-20 22:12:03,597 [INFO] ApiDbMcu:507 - Load IP Config File for LIBJPEG
2023-05-20 22:12:03,602 [INFO] ApiDbMcu:507 - Load IP Config File for MBEDTLS
2023-05-20 22:12:03,607 [INFO] ApiDbMcu:507 - Load IP Config File for USB_DEVICE
2023-05-20 22:12:03,612 [INFO] ApiDbMcu:507 - Load IP Config File for USB_HOST
2023-05-20 22:12:04,278 [INFO] LogOutputStream:77 - [STDOUT_REDIRECT] 
2023-05-20 22:12:05,509 [INFO] ProjectBuilder:4505 - Time for Generating toolchain IDE Files: 2157mS.
2023-05-20 22:12:05,511 [INFO] ProjectBuilder:2867 - Time for Copy CMSIS : 1mS.
2023-05-20 22:12:05,514 [INFO] ProjectBuilder:2867 - Time for Copy CMSIS : 0mS.
2023-05-20 22:26:57,174 [INFO] UtilMem:75 - End SaveConfig() Used Memory: 565034432 Bytes (887095296)
2023-05-20 22:26:57,222 [INFO] UtilMem:75 - End SaveConfig() Used Memory: 579188160 Bytes (887095296)
2023-05-20 22:26:57,789 [INFO] UtilMem:75 - End SaveConfig() Used Memory: 609269200 Bytes (887095296)
2023-05-20 22:26:58,009 [INFO] BlockDiagram:2759 - set Specific Code input for plugin: NVIC
2023-05-20 22:26:58,009 [INFO] BlockDiagram:2759 - set Specific Code input for plugin: USART
2023-05-20 22:26:58,009 [INFO] BlockDiagram:2759 - set Specific Code input for plugin: USART
2023-05-20 22:26:58,009 [INFO] BlockDiagram:2759 - set Specific Code input for plugin: TIM1_8
2023-05-20 22:26:58,009 [INFO] BlockDiagram:2759 - set Specific Code input for plugin: TIM1_8
2023-05-20 22:26:58,009 [INFO] BlockDiagram:2759 - set Specific Code input for plugin: TIM1_8
2023-05-20 22:26:58,009 [INFO] BlockDiagram:2759 - set Specific Code input for plugin: SYS
2023-05-20 22:26:58,009 [INFO] BlockDiagram:2759 - set Specific Code input for plugin: GPIO
2023-05-20 22:26:58,009 [INFO] BlockDiagram:2759 - set Specific Code input for plugin: ADC
2023-05-20 22:26:58,009 [INFO] BlockDiagram:2759 - set Specific Code input for plugin: RCC
2023-05-20 22:26:58,010 [INFO] BlockDiagram:2759 - set Specific Code input for plugin: I2C
2023-05-20 22:26:58,012 [INFO] CodeGenerator:793 - code generatio: config db path: D:\Program Files\STM32CubeIDE_1.11.0\STM32CubeIDE\plugins\com.st.stm32cube.common.mx_6.8.0.202302231600\\db\
2023-05-20 22:26:58,019 [WARN] IP:2113 - I2C_Coeff_DF not found: check if there is a RefParameter without a condition.
2023-05-20 22:26:58,019 [WARN] IP:2113 - Analog_Filter not found: check if there is a RefParameter without a condition.
2023-05-20 22:26:58,136 [INFO] CodeEngine:255 - oldGeneratedFile, D:\Code\CU\Embeded_Sys_Lab\FinalProject\MXTmpFiles\license.tmp_save
2023-05-20 22:26:58,208 [INFO] CodeEngine:279 - Generated code: D:\Code\CU\Embeded_Sys_Lab\FinalProject\MXTmpFiles\license.tmp
2023-05-20 22:26:58,226 [INFO] CodeEngine:255 - oldGeneratedFile, D:\Code\CU\Embeded_Sys_Lab\FinalProject\MXTmpFiles\gpio.tmp_save
2023-05-20 22:26:58,289 [INFO] CodeEngine:279 - Generated code: D:\Code\CU\Embeded_Sys_Lab\FinalProject\MXTmpFiles\gpio.tmp
2023-05-20 22:26:58,429 [INFO] CodeEngine:255 - oldGeneratedFile, D:\Code\CU\Embeded_Sys_Lab\FinalProject\Core\Src\stm32f4xx_it.c_save
2023-05-20 22:26:58,560 [INFO] CodeEngine:279 - Generated code: D:\Code\CU\Embeded_Sys_Lab\FinalProject\Core\Src\stm32f4xx_it.c
2023-05-20 22:26:58,566 [INFO] CodeEngine:255 - oldGeneratedFile, D:\Code\CU\Embeded_Sys_Lab\FinalProject\Core\Inc\stm32f4xx_it.h_save
2023-05-20 22:26:58,618 [INFO] CodeEngine:279 - Generated code: D:\Code\CU\Embeded_Sys_Lab\FinalProject\Core\Inc\stm32f4xx_it.h
2023-05-20 22:26:58,628 [INFO] CodeEngine:255 - oldGeneratedFile, D:\Code\CU\Embeded_Sys_Lab\FinalProject\Core\Src\stm32f4xx_hal_msp.c_save
2023-05-20 22:26:58,710 [INFO] CodeEngine:279 - Generated code: D:\Code\CU\Embeded_Sys_Lab\FinalProject\Core\Src\stm32f4xx_hal_msp.c
2023-05-20 22:26:58,715 [INFO] CodeEngine:255 - oldGeneratedFile, D:\Code\CU\Embeded_Sys_Lab\FinalProject\MXTmpFiles\system.tmp_save
2023-05-20 22:26:58,762 [INFO] CodeEngine:279 - Generated code: D:\Code\CU\Embeded_Sys_Lab\FinalProject\MXTmpFiles\system.tmp
2023-05-20 22:26:58,770 [INFO] CodeEngine:311 - oldGeneratedFile, D:\Code\CU\Embeded_Sys_Lab\FinalProject\Core\Inc\stm32f4xx_hal_conf.h_save
2023-05-20 22:26:58,822 [INFO] CodeEngine:335 - Generated code: D:\Code\CU\Embeded_Sys_Lab\FinalProject\Core\Inc\stm32f4xx_hal_conf.h
2023-05-20 22:26:58,836 [WARN] IPConfigManager:3431 - IP not found : TIM
2023-05-20 22:26:58,836 [WARN] CodeGenerator:3754 - IP not found : null
2023-05-20 22:26:58,843 [INFO] CodeEngine:255 - oldGeneratedFile, D:\Code\CU\Embeded_Sys_Lab\FinalProject\Core\Inc\main.h_save
2023-05-20 22:26:58,953 [INFO] CodeEngine:279 - Generated code: D:\Code\CU\Embeded_Sys_Lab\FinalProject\Core\Inc\main.h
2023-05-20 22:26:58,958 [INFO] CodeEngine:255 - oldGeneratedFile, D:\Code\CU\Embeded_Sys_Lab\FinalProject\Core\Src\main.c_save
2023-05-20 22:26:59,062 [INFO] CodeEngine:279 - Generated code: D:\Code\CU\Embeded_Sys_Lab\FinalProject\Core\Src\main.c
2023-05-20 22:26:59,517 [INFO] ProjectBuilder:2996 - Time for Copy HAL[1] : 137mS.
2023-05-20 22:26:59,521 [INFO] ProjectBuilder:4304 - Project Generator version: 3.19.2
2023-05-20 22:26:59,683 [INFO] ConfigFileManager:1483 - The Die is : DIE431
2023-05-20 22:27:00,878 [INFO] ProjectBuilder:4505 - Time for Generating toolchain IDE Files: 1357mS.
2023-05-20 22:27:00,878 [INFO] ProjectBuilder:2867 - Time for Copy CMSIS : 0mS.
2023-05-20 22:27:00,881 [INFO] ProjectBuilder:2867 - Time for Copy CMSIS : 0mS.
2023-05-20 22:27:03,107 [INFO] NvicIntPanel:101 - NVIC parent = com.st.microxplorer.plugins.ip.nvic.MultiNvicIntPanel[,0,0,478x169,layout=javax.swing.BoxLayout,alignmentX=0.0,alignmentY=0.0,border=,flags=9,maximumSize=,minimumSize=,preferredSize=]
2023-05-20 22:27:04,532 [INFO] NvicIntPanel:101 - NVIC parent = com.st.microxplorer.plugins.ip.nvic.MultiNvicIntPanel[,0,0,0x0,invalid,layout=javax.swing.BoxLayout,alignmentX=0.0,alignmentY=0.0,border=,flags=9,maximumSize=,minimumSize=,preferredSize=]
2023-05-20 22:27:04,930 [INFO] UtilMem:75 - End SaveConfig() Used Memory: 553022784 Bytes (929038336)
2023-05-20 22:27:04,986 [INFO] UtilMem:75 - End SaveConfig() Used Memory: 567610880 Bytes (929038336)
2023-05-20 22:27:05,601 [INFO] UtilMem:75 - End SaveConfig() Used Memory: 349769576 Bytes (929038336)
2023-05-20 22:27:05,791 [INFO] BlockDiagram:2759 - set Specific Code input for plugin: NVIC
2023-05-20 22:27:05,791 [INFO] BlockDiagram:2759 - set Specific Code input for plugin: USART
2023-05-20 22:27:05,791 [INFO] BlockDiagram:2759 - set Specific Code input for plugin: USART
2023-05-20 22:27:05,791 [INFO] BlockDiagram:2759 - set Specific Code input for plugin: TIM1_8
2023-05-20 22:27:05,791 [INFO] BlockDiagram:2759 - set Specific Code input for plugin: TIM1_8
2023-05-20 22:27:05,791 [INFO] BlockDiagram:2759 - set Specific Code input for plugin: TIM1_8
2023-05-20 22:27:05,791 [INFO] BlockDiagram:2759 - set Specific Code input for plugin: SYS
2023-05-20 22:27:05,792 [INFO] BlockDiagram:2759 - set Specific Code input for plugin: GPIO
2023-05-20 22:27:05,792 [INFO] BlockDiagram:2759 - set Specific Code input for plugin: ADC
2023-05-20 22:27:05,792 [INFO] BlockDiagram:2759 - set Specific Code input for plugin: RCC
2023-05-20 22:27:05,792 [INFO] BlockDiagram:2759 - set Specific Code input for plugin: I2C
2023-05-20 22:27:05,792 [INFO] CodeGenerator:793 - code generatio: config db path: D:\Program Files\STM32CubeIDE_1.11.0\STM32CubeIDE\plugins\com.st.stm32cube.common.mx_6.8.0.202302231600\\db\
2023-05-20 22:27:05,796 [WARN] IP:2113 - I2C_Coeff_DF not found: check if there is a RefParameter without a condition.
2023-05-20 22:27:05,796 [WARN] IP:2113 - Analog_Filter not found: check if there is a RefParameter without a condition.
2023-05-20 22:27:05,904 [INFO] CodeEngine:255 - oldGeneratedFile, D:\Code\CU\Embeded_Sys_Lab\FinalProject\MXTmpFiles\license.tmp_save
2023-05-20 22:27:05,952 [INFO] CodeEngine:279 - Generated code: D:\Code\CU\Embeded_Sys_Lab\FinalProject\MXTmpFiles\license.tmp
2023-05-20 22:27:05,966 [INFO] CodeEngine:255 - oldGeneratedFile, D:\Code\CU\Embeded_Sys_Lab\FinalProject\MXTmpFiles\gpio.tmp_save
2023-05-20 22:27:06,015 [INFO] CodeEngine:279 - Generated code: D:\Code\CU\Embeded_Sys_Lab\FinalProject\MXTmpFiles\gpio.tmp
2023-05-20 22:27:06,177 [INFO] CodeEngine:255 - oldGeneratedFile, D:\Code\CU\Embeded_Sys_Lab\FinalProject\Core\Src\stm32f4xx_it.c_save
2023-05-20 22:27:06,247 [INFO] CodeEngine:279 - Generated code: D:\Code\CU\Embeded_Sys_Lab\FinalProject\Core\Src\stm32f4xx_it.c
2023-05-20 22:27:06,252 [INFO] CodeEngine:255 - oldGeneratedFile, D:\Code\CU\Embeded_Sys_Lab\FinalProject\Core\Inc\stm32f4xx_it.h_save
2023-05-20 22:27:06,305 [INFO] CodeEngine:279 - Generated code: D:\Code\CU\Embeded_Sys_Lab\FinalProject\Core\Inc\stm32f4xx_it.h
2023-05-20 22:27:06,314 [INFO] CodeEngine:255 - oldGeneratedFile, D:\Code\CU\Embeded_Sys_Lab\FinalProject\Core\Src\stm32f4xx_hal_msp.c_save
2023-05-20 22:27:06,405 [INFO] CodeEngine:279 - Generated code: D:\Code\CU\Embeded_Sys_Lab\FinalProject\Core\Src\stm32f4xx_hal_msp.c
2023-05-20 22:27:06,411 [INFO] CodeEngine:255 - oldGeneratedFile, D:\Code\CU\Embeded_Sys_Lab\FinalProject\MXTmpFiles\system.tmp_save
2023-05-20 22:27:06,457 [INFO] CodeEngine:279 - Generated code: D:\Code\CU\Embeded_Sys_Lab\FinalProject\MXTmpFiles\system.tmp
2023-05-20 22:27:06,465 [INFO] CodeEngine:311 - oldGeneratedFile, D:\Code\CU\Embeded_Sys_Lab\FinalProject\Core\Inc\stm32f4xx_hal_conf.h_save
2023-05-20 22:27:06,520 [INFO] CodeEngine:335 - Generated code: D:\Code\CU\Embeded_Sys_Lab\FinalProject\Core\Inc\stm32f4xx_hal_conf.h
2023-05-20 22:27:06,533 [WARN] IPConfigManager:3431 - IP not found : TIM
2023-05-20 22:27:06,533 [WARN] CodeGenerator:3754 - IP not found : null
2023-05-20 22:27:06,540 [INFO] CodeEngine:255 - oldGeneratedFile, D:\Code\CU\Embeded_Sys_Lab\FinalProject\Core\Inc\main.h_save
2023-05-20 22:27:06,591 [INFO] CodeEngine:279 - Generated code: D:\Code\CU\Embeded_Sys_Lab\FinalProject\Core\Inc\main.h
2023-05-20 22:27:06,596 [INFO] CodeEngine:255 - oldGeneratedFile, D:\Code\CU\Embeded_Sys_Lab\FinalProject\Core\Src\main.c_save
2023-05-20 22:27:06,691 [INFO] CodeEngine:279 - Generated code: D:\Code\CU\Embeded_Sys_Lab\FinalProject\Core\Src\main.c
2023-05-20 22:27:07,138 [INFO] ProjectBuilder:2996 - Time for Copy HAL[1] : 137mS.
2023-05-20 22:27:07,141 [INFO] ProjectBuilder:4304 - Project Generator version: 3.19.2
2023-05-20 22:27:07,301 [INFO] ConfigFileManager:1483 - The Die is : DIE431
2023-05-20 22:27:08,468 [INFO] ProjectBuilder:4505 - Time for Generating toolchain IDE Files: 1326mS.
2023-05-20 22:27:08,468 [INFO] ProjectBuilder:2867 - Time for Copy CMSIS : 0mS.
2023-05-20 22:27:08,470 [INFO] ProjectBuilder:2867 - Time for Copy CMSIS : 0mS.
