2023-05-19 00:28:14,163 [INFO] ApplicationProperties:184 - Using Application install path: D:\Program Files\STM32CubeIDE_1.11.0\STM32CubeIDE\plugins\com.st.stm32cube.common.mx_6.8.0.202302231600
2023-05-19 00:28:14,188 [INFO] DbMcusXml:78 - Set database path to: D:\Program Files\STM32CubeIDE_1.11.0\STM32CubeIDE\plugins\com.st.stm32cube.common.mx_6.8.0.202302231600\\db\/mcu/
2023-05-19 00:28:14,189 [INFO] ApiDb:274 - Set plugin database path to: D:\Program Files\STM32CubeIDE_1.11.0\STM32CubeIDE\plugins\com.st.stm32cube.common.mx_6.8.0.202302231600\\db\/plugins/boardmanager/
2023-05-19 00:28:14,190 [WARN] ApiDb:259 - Overriding images path with different value:  => D:\Program Files\STM32CubeIDE_1.11.0\STM32CubeIDE\plugins\com.st.stm32cube.common.mx_6.8.0.202302231600\\db\/plugins/mcufinder/images/
2023-05-19 00:28:14,201 [INFO] ApiDb:250 - Set database path to: C:\Users\bossy\.stmcufinder\plugins\mcufinder//mcu/
2023-05-19 00:28:14,203 [INFO] DbMcusAds:125 - Set database path to: C:\Users\bossy\.stmcufinder\plugins\mcufinder//mcu/
2023-05-19 00:28:14,247 [INFO] CrossReferenceDbSqlite:203 - Set database path to: C:\Users\bossy\.stmcufinder\plugins\mcufinder//mcu/cs/
2023-05-19 00:28:14,348 [INFO] RulesReader:64 - Compatibility file has been processed (293 Rules)
2023-05-19 00:28:14,432 [INFO] DbMcusXml:78 - Set database path to: D:\Program Files\STM32CubeIDE_1.11.0\STM32CubeIDE\plugins\com.st.stm32cube.common.mx_6.8.0.202302231600\\db\/mcu/
2023-05-19 00:28:14,432 [INFO] ApiDb:274 - Set plugin database path to: D:\Program Files\STM32CubeIDE_1.11.0\STM32CubeIDE\plugins\com.st.stm32cube.common.mx_6.8.0.202302231600\\db\/plugins/boardmanager/
2023-05-19 00:28:14,432 [INFO] ApiDb:261 - Set plugin images path to: D:\Program Files\STM32CubeIDE_1.11.0\STM32CubeIDE\plugins\com.st.stm32cube.common.mx_6.8.0.202302231600\\db\/plugins/mcufinder/images/
2023-05-19 00:28:14,432 [WARN] DbFile:41 - Overriding database path with different value: C:\Users\bossy\.stmcufinder\plugins\mcufinder/ => C:\Users\bossy\.stmcufinder\plugins\mcufinder
2023-05-19 00:28:14,432 [INFO] ApiDb:250 - Set database path to: C:\Users\bossy\.stmcufinder\plugins\mcufinder//mcu/
2023-05-19 00:28:14,432 [WARN] DbFile:41 - Overriding database path with different value: C:\Users\bossy\.stmcufinder\plugins\mcufinder/ => C:\Users\bossy\.stmcufinder\plugins\mcufinder
2023-05-19 00:28:14,432 [INFO] DbMcusAds:125 - Set database path to: C:\Users\bossy\.stmcufinder\plugins\mcufinder//mcu/
2023-05-19 00:28:14,432 [WARN] DbFile:41 - Overriding database path with different value: C:\Users\bossy\.stmcufinder\plugins\mcufinder/ => C:\Users\bossy\.stmcufinder\plugins\mcufinder
2023-05-19 00:28:14,433 [WARN] DbFile:41 - Overriding database path with different value: C:\Users\bossy\.stmcufinder\plugins\mcufinder/ => C:\Users\bossy\.stmcufinder\plugins\mcufinder
2023-05-19 00:28:14,433 [INFO] CrossReferenceDbSqlite:203 - Set database path to: C:\Users\bossy\.stmcufinder\plugins\mcufinder//mcu/cs/
2023-05-19 00:28:14,506 [INFO] MainPanel:253 - HeapMemory: 413138944
2023-05-19 00:28:14,611 [INFO] DbMcusXml:78 - Set database path to: D:\Program Files\STM32CubeIDE_1.11.0\STM32CubeIDE\plugins\com.st.stm32cube.common.mx_6.8.0.202302231600\\db\/mcu/
2023-05-19 00:28:14,611 [INFO] ApiDb:274 - Set plugin database path to: D:\Program Files\STM32CubeIDE_1.11.0\STM32CubeIDE\plugins\com.st.stm32cube.common.mx_6.8.0.202302231600\\db\/plugins/boardmanager/
2023-05-19 00:28:14,611 [INFO] ApiDb:261 - Set plugin images path to: D:\Program Files\STM32CubeIDE_1.11.0\STM32CubeIDE\plugins\com.st.stm32cube.common.mx_6.8.0.202302231600\\db\/plugins/mcufinder/images/
2023-05-19 00:28:14,611 [WARN] DbFile:41 - Overriding database path with different value: C:\Users\bossy\.stmcufinder\plugins\mcufinder/ => C:\Users\bossy\.stmcufinder\plugins\mcufinder
2023-05-19 00:28:14,611 [INFO] ApiDb:250 - Set database path to: C:\Users\bossy\.stmcufinder\plugins\mcufinder//mcu/
2023-05-19 00:28:14,611 [WARN] DbFile:41 - Overriding database path with different value: C:\Users\bossy\.stmcufinder\plugins\mcufinder/ => C:\Users\bossy\.stmcufinder\plugins\mcufinder
2023-05-19 00:28:14,611 [INFO] DbMcusAds:125 - Set database path to: C:\Users\bossy\.stmcufinder\plugins\mcufinder//mcu/
2023-05-19 00:28:14,611 [WARN] DbFile:41 - Overriding database path with different value: C:\Users\bossy\.stmcufinder\plugins\mcufinder/ => C:\Users\bossy\.stmcufinder\plugins\mcufinder
2023-05-19 00:28:14,612 [WARN] DbFile:41 - Overriding database path with different value: C:\Users\bossy\.stmcufinder\plugins\mcufinder/ => C:\Users\bossy\.stmcufinder\plugins\mcufinder
2023-05-19 00:28:14,612 [INFO] CrossReferenceDbSqlite:203 - Set database path to: C:\Users\bossy\.stmcufinder\plugins\mcufinder//mcu/cs/
2023-05-19 00:28:14,636 [INFO] ApplicationProperties:184 - Using Application install path: D:\Program Files\STM32CubeIDE_1.11.0\STM32CubeIDE\plugins\com.st.stm32cube.common.mx_6.8.0.202302231600
2023-05-19 00:28:14,638 [INFO] PluginManage:196 - Search for loadable plugins [exclusion list=, ]
2023-05-19 00:28:14,639 [INFO] PluginManage:310 - Check plugin analytics
2023-05-19 00:28:14,803 [INFO] AnalyticsPlugin:253 - Accepted Software Licenses: 
2023-05-19 00:28:14,803 [INFO] AnalyticsPlugin:255 - Accepted CMSIS Pack Licenses: 
2023-05-19 00:28:14,804 [INFO] AnalyticsPlugin:257 - Accepted Firmware Licenses: 
2023-05-19 00:28:14,808 [INFO] PluginManage:359 - Loaded plugin analytics (category:tool,tabindex:-1)
2023-05-19 00:28:14,808 [INFO] PluginManage:310 - Check plugin cadmodel
2023-05-19 00:28:14,815 [INFO] CADModel:105 - Init CAD model plugin
2023-05-19 00:28:14,815 [INFO] PluginManage:359 - Loaded plugin cadmodel (category:power,tabindex:5)
2023-05-19 00:28:14,815 [INFO] PluginManage:310 - Check plugin clock
2023-05-19 00:28:14,826 [INFO] PluginManage:359 - Loaded plugin clock (category:base,tabindex:2)
2023-05-19 00:28:14,826 [INFO] PluginManage:310 - Check plugin ddr
2023-05-19 00:28:14,830 [INFO] PluginManage:359 - Loaded plugin ddr (category:tool,tabindex:6)
2023-05-19 00:28:14,830 [INFO] PluginManage:310 - Check plugin filemanager
2023-05-19 00:28:14,960 [INFO] PluginManage:359 - Loaded plugin filemanager (category:base,tabindex:10)
2023-05-19 00:28:14,960 [INFO] PluginManage:310 - Check plugin ipmanager
2023-05-19 00:28:14,967 [INFO] PluginManage:359 - Loaded plugin ipmanager (category:base,tabindex:5)
2023-05-19 00:28:14,967 [INFO] PluginManage:310 - Check plugin lpbam
2023-05-19 00:28:14,976 [INFO] PluginManage:359 - Loaded plugin lpbam (category:base,tabindex:0)
2023-05-19 00:28:14,976 [INFO] PluginManage:310 - Check plugin pinoutandconfiguration
2023-05-19 00:28:14,985 [INFO] PluginManage:359 - Loaded plugin pinoutandconfiguration (category:base,tabindex:1)
2023-05-19 00:28:14,985 [INFO] PluginManage:310 - Check plugin pinoutconfig
2023-05-19 00:28:15,077 [WARN] SupportedApi:132 - Cannot load RTOS API schema: s4s-elt-must-match.1: The content of 'definitions' must match (annotation?, (simpleType | complexType)?, (unique | key | keyref)*)). A problem was found starting at: attribute.
2023-05-19 00:28:15,206 [INFO] PluginManage:359 - Loaded plugin pinoutconfig (category:base,tabindex:0)
2023-05-19 00:28:15,206 [INFO] PluginManage:310 - Check plugin power
2023-05-19 00:28:15,217 [INFO] PluginManage:359 - Loaded plugin power (category:power,tabindex:4)
2023-05-19 00:28:15,217 [INFO] PluginManage:310 - Check plugin projectmanager
2023-05-19 00:28:15,232 [INFO] PluginManage:359 - Loaded plugin projectmanager (category:projectmanager,tabindex:3)
2023-05-19 00:28:15,232 [INFO] PluginManage:310 - Check plugin thirdparty
2023-05-19 00:28:15,342 [INFO] PluginManage:359 - Loaded plugin thirdparty (category:base,tabindex:-1)
2023-05-19 00:28:15,342 [WARN] IntegrityCheckThread:84 - waiting for thirdparty lock release [integrity check]
2023-05-19 00:28:15,343 [INFO] PluginManage:310 - Check plugin tools
2023-05-19 00:28:15,343 [INFO] IntegrityCheckThread:86 - entering critical section [integrity check]
2023-05-19 00:28:15,344 [INFO] ThirdPartyUpdaterWithRetryManager:70 - Updater plugin not ready yet. [1/15]
2023-05-19 00:28:15,345 [INFO] PluginManage:359 - Loaded plugin tools (category:base,tabindex:7)
2023-05-19 00:28:15,345 [INFO] PluginManage:310 - Check plugin tutovideos
2023-05-19 00:28:15,536 [INFO] PluginManage:359 - Loaded plugin tutovideos (category:base,tabindex:-1)
2023-05-19 00:28:15,536 [INFO] PluginManage:310 - Check plugin updater
2023-05-19 00:28:15,550 [INFO] PluginManage:359 - Loaded plugin updater (category:base,tabindex:12)
2023-05-19 00:28:15,550 [INFO] PluginManage:283 - PluginManage : Loaded plugins [15]
2023-05-19 00:28:15,792 [INFO] PinOutPanel:1499 - setPackage(No Configuration,No Configuration)
2023-05-19 00:28:15,852 [INFO] CADModel:165 - CPN selected for project level
2023-05-19 00:28:15,852 [INFO] CADModel:114 - Register for checkConnection events
2023-05-19 00:28:15,869 [INFO] IPUIPlugin:80 - create IPUIPlugin
2023-05-19 00:28:15,869 [INFO] PluginManager:220 - loadIPPluginJar : add adc
2023-05-19 00:28:15,872 [INFO] IPUIPlugin:80 - create IPUIPlugin
2023-05-19 00:28:15,872 [INFO] PluginManager:220 - loadIPPluginJar : add aes
2023-05-19 00:28:15,873 [INFO] IPUIPlugin:80 - create IPUIPlugin
2023-05-19 00:28:15,873 [INFO] PluginManager:220 - loadIPPluginJar : add can
2023-05-19 00:28:15,875 [INFO] IPUIPlugin:80 - create IPUIPlugin
2023-05-19 00:28:15,875 [INFO] PluginManager:220 - loadIPPluginJar : add comp
2023-05-19 00:28:15,877 [INFO] IPUIPlugin:80 - create IPUIPlugin
2023-05-19 00:28:15,877 [INFO] PluginManager:220 - loadIPPluginJar : add cryp
2023-05-19 00:28:15,878 [INFO] IPUIPlugin:80 - create IPUIPlugin
2023-05-19 00:28:15,878 [INFO] PluginManager:220 - loadIPPluginJar : add dfsdm
2023-05-19 00:28:15,883 [INFO] IPUIPlugin:80 - create IPUIPlugin
2023-05-19 00:28:15,883 [INFO] PluginManager:220 - loadIPPluginJar : add dma
2023-05-19 00:28:15,885 [INFO] IPUIPlugin:80 - create IPUIPlugin
2023-05-19 00:28:15,886 [INFO] PluginManager:220 - loadIPPluginJar : add dma3
2023-05-19 00:28:15,887 [INFO] IPUIPlugin:80 - create IPUIPlugin
2023-05-19 00:28:15,887 [INFO] PluginManager:220 - loadIPPluginJar : add fatfs
2023-05-19 00:28:15,891 [INFO] IPUIPlugin:80 - create IPUIPlugin
2023-05-19 00:28:15,891 [INFO] PluginManager:220 - loadIPPluginJar : add fmc
2023-05-19 00:28:15,897 [INFO] IPUIPlugin:80 - create IPUIPlugin
2023-05-19 00:28:15,897 [INFO] PluginManager:220 - loadIPPluginJar : add freertos
2023-05-19 00:28:15,899 [INFO] IPUIPlugin:80 - create IPUIPlugin
2023-05-19 00:28:15,899 [INFO] PluginManager:220 - loadIPPluginJar : add genericplugin
2023-05-19 00:28:15,900 [INFO] IPUIPlugin:80 - create IPUIPlugin
2023-05-19 00:28:15,900 [INFO] PluginManager:220 - loadIPPluginJar : add gfxmmu
2023-05-19 00:28:15,905 [INFO] IPUIPlugin:80 - create IPUIPlugin
2023-05-19 00:28:15,905 [INFO] PluginManager:220 - loadIPPluginJar : add gic
2023-05-19 00:28:15,908 [INFO] IPUIPlugin:80 - create IPUIPlugin
2023-05-19 00:28:15,908 [INFO] PluginManager:220 - loadIPPluginJar : add gpio
2023-05-19 00:28:15,910 [INFO] IPUIPlugin:80 - create IPUIPlugin
2023-05-19 00:28:15,911 [INFO] PluginManager:220 - loadIPPluginJar : add gtzc
2023-05-19 00:28:15,912 [INFO] IPUIPlugin:80 - create IPUIPlugin
2023-05-19 00:28:15,912 [INFO] PluginManager:220 - loadIPPluginJar : add hash
2023-05-19 00:28:15,914 [INFO] IPUIPlugin:80 - create IPUIPlugin
2023-05-19 00:28:15,914 [INFO] PluginManager:220 - loadIPPluginJar : add i2c
2023-05-19 00:28:15,916 [INFO] IPUIPlugin:80 - create IPUIPlugin
2023-05-19 00:28:15,916 [INFO] PluginManager:220 - loadIPPluginJar : add i2s
2023-05-19 00:28:15,919 [INFO] IPUIPlugin:80 - create IPUIPlugin
2023-05-19 00:28:15,919 [INFO] PluginManager:220 - loadIPPluginJar : add i3c
2023-05-19 00:28:15,923 [INFO] IPUIPlugin:80 - create IPUIPlugin
2023-05-19 00:28:15,923 [INFO] PluginManager:220 - loadIPPluginJar : add ipddr
2023-05-19 00:28:15,929 [INFO] IPUIPlugin:80 - create IPUIPlugin
2023-05-19 00:28:15,929 [INFO] PluginManager:220 - loadIPPluginJar : add linkedlist
2023-05-19 00:28:15,932 [INFO] IPUIPlugin:80 - create IPUIPlugin
2023-05-19 00:28:15,932 [INFO] PluginManager:220 - loadIPPluginJar : add lorawan
2023-05-19 00:28:15,934 [INFO] IPUIPlugin:80 - create IPUIPlugin
2023-05-19 00:28:15,934 [INFO] PluginManager:220 - loadIPPluginJar : add ltdc
2023-05-19 00:28:15,939 [INFO] IPUIPlugin:80 - create IPUIPlugin
2023-05-19 00:28:15,939 [INFO] PluginManager:220 - loadIPPluginJar : add mdma
2023-05-19 00:28:15,941 [INFO] IPUIPlugin:80 - create IPUIPlugin
2023-05-19 00:28:15,941 [INFO] PluginManager:220 - loadIPPluginJar : add nvic
2023-05-19 00:28:15,943 [INFO] IPUIPlugin:80 - create IPUIPlugin
2023-05-19 00:28:15,943 [INFO] PluginManager:220 - loadIPPluginJar : add opamp
2023-05-19 00:28:15,947 [INFO] IPUIPlugin:80 - create IPUIPlugin
2023-05-19 00:28:15,947 [INFO] PluginManager:220 - loadIPPluginJar : add openamp
2023-05-19 00:28:15,950 [INFO] IPUIPlugin:80 - create IPUIPlugin
2023-05-19 00:28:15,950 [INFO] PluginManager:220 - loadIPPluginJar : add pdm2pcm
2023-05-19 00:28:15,955 [INFO] IPUIPlugin:80 - create IPUIPlugin
2023-05-19 00:28:15,957 [INFO] PluginManager:220 - loadIPPluginJar : add plateformsettings
2023-05-19 00:28:15,958 [INFO] IPUIPlugin:80 - create IPUIPlugin
2023-05-19 00:28:15,958 [INFO] PluginManager:220 - loadIPPluginJar : add quadspi
2023-05-19 00:28:15,962 [INFO] IPUIPlugin:80 - create IPUIPlugin
2023-05-19 00:28:15,962 [INFO] PluginManager:220 - loadIPPluginJar : add resmgrutility
2023-05-19 00:28:15,964 [INFO] IPUIPlugin:80 - create IPUIPlugin
2023-05-19 00:28:15,964 [INFO] PluginManager:220 - loadIPPluginJar : add sai
2023-05-19 00:28:15,967 [INFO] IPUIPlugin:80 - create IPUIPlugin
2023-05-19 00:28:15,967 [INFO] PluginManager:220 - loadIPPluginJar : add spi
2023-05-19 00:28:15,971 [INFO] IPUIPlugin:80 - create IPUIPlugin
2023-05-19 00:28:15,971 [INFO] PluginManager:220 - loadIPPluginJar : add stm32_wpan
2023-05-19 00:28:15,972 [INFO] IPUIPlugin:80 - create IPUIPlugin
2023-05-19 00:28:15,972 [INFO] PluginManager:220 - loadIPPluginJar : add tim
2023-05-19 00:28:15,975 [INFO] IPUIPlugin:80 - create IPUIPlugin
2023-05-19 00:28:15,975 [INFO] PluginManager:220 - loadIPPluginJar : add touchsensing
2023-05-19 00:28:15,977 [INFO] IPUIPlugin:80 - create IPUIPlugin
2023-05-19 00:28:15,977 [INFO] PluginManager:220 - loadIPPluginJar : add tracer_emb
2023-05-19 00:28:15,978 [INFO] IPUIPlugin:80 - create IPUIPlugin
2023-05-19 00:28:15,978 [INFO] PluginManager:220 - loadIPPluginJar : add ts
2023-05-19 00:28:15,979 [INFO] IPUIPlugin:80 - create IPUIPlugin
2023-05-19 00:28:15,979 [INFO] PluginManager:220 - loadIPPluginJar : add tsc
2023-05-19 00:28:15,981 [INFO] IPUIPlugin:80 - create IPUIPlugin
2023-05-19 00:28:15,981 [INFO] PluginManager:220 - loadIPPluginJar : add ucpd
2023-05-19 00:28:15,983 [INFO] IPUIPlugin:80 - create IPUIPlugin
2023-05-19 00:28:15,983 [INFO] PluginManager:220 - loadIPPluginJar : add usart
2023-05-19 00:28:15,986 [INFO] IPUIPlugin:80 - create IPUIPlugin
2023-05-19 00:28:15,986 [INFO] PluginManager:220 - loadIPPluginJar : add usbx
2023-05-19 00:28:16,110 [INFO] CADModel:165 - CPN selected for project level
2023-05-19 00:28:16,110 [INFO] CADModel:114 - Register for checkConnection events
2023-05-19 00:28:16,111 [FATAL] Updater:308 - Updater called before beeing initialized
2023-05-19 00:28:16,111 [ERROR] CADModel:125 - Updater not yet initialized, retry later 
2023-05-19 00:28:16,274 [INFO] CADModel:165 - CPN selected for project level
2023-05-19 00:28:16,274 [INFO] CADModel:114 - Register for checkConnection events
2023-05-19 00:28:16,274 [FATAL] Updater:308 - Updater called before beeing initialized
2023-05-19 00:28:16,274 [ERROR] CADModel:125 - Updater not yet initialized, retry later 
2023-05-19 00:28:16,277 [FATAL] Updater:308 - Updater called before beeing initialized
2023-05-19 00:28:16,393 [FATAL] Updater:308 - Updater called before beeing initialized
2023-05-19 00:28:16,399 [INFO] DbMcusAds:53 - JSON generation date=Tue Mar 07 15:50:54 ICT 2023 (1678179054945)
2023-05-19 00:28:16,399 [FATAL] Updater:308 - Updater called before beeing initialized
2023-05-19 00:28:16,449 [WARN] DetailPanel:346 - Failed to get advertising image, set to default
2023-05-19 00:28:16,546 [FATAL] Updater:308 - Updater called before beeing initialized
2023-05-19 00:28:16,548 [FATAL] Updater:308 - Updater called before beeing initialized
2023-05-19 00:28:16,548 [FATAL] Updater:308 - Updater called before beeing initialized
2023-05-19 00:28:16,548 [WARN] DetailPanel:346 - Failed to get advertising image, set to default
2023-05-19 00:28:16,550 [FATAL] Updater:308 - Updater called before beeing initialized
2023-05-19 00:28:16,593 [ERROR] Updater:1120 - MainUpdater not yet initialized. External WinMGr cannot be set.
2023-05-19 00:28:16,594 [INFO] Updater:1056 - Updater Version found : 6.8.0
2023-05-19 00:28:16,613 [INFO] ApplicationProperties:184 - Using Application install path: D:\Program Files\STM32CubeIDE_1.11.0\STM32CubeIDE\plugins\com.st.stm32cube.common.mx_6.8.0.202302231600
2023-05-19 00:28:16,684 [INFO] MainUpdater:2854 - connection check result : 10
2023-05-19 00:28:16,684 [INFO] MainUpdater:283 - Updater Check For Update Now.
2023-05-19 00:28:16,685 [INFO] MicroXplorer:498 - Change Database Version : DB.6.0.80
2023-05-19 00:28:16,833 [INFO] CheckServerUpdateThread:120 - End of CheckServer Thread
2023-05-19 00:28:16,891 [INFO] MainUpdater:2854 - connection check result : 10
2023-05-19 00:28:16,893 [INFO] MainUpdater:2854 - connection check result : 10
2023-05-19 00:28:16,938 [INFO] MicroXplorer:468 - Change Database Path : 
2023-05-19 00:28:16,939 [INFO] MicroXplorer:498 - Change Database Version : DB.6.0.80
2023-05-19 00:28:16,939 [WARN] ThirdParty:871 - waiting for thirdparty lock release [close project]
2023-05-19 00:28:18,504 [WARN] PackLoader:240 - Cannot read IP mode file for STMicroelectronics.X-CUBE-GNSS1.6.0.0
2023-05-19 00:28:18,526 [WARN] PackLoader:240 - Cannot read IP mode file for STMicroelectronics.X-CUBE-AZRTOS-F4.1.1.0
2023-05-19 00:28:18,535 [WARN] PackLoader:240 - Cannot read IP mode file for STMicroelectronics.X-CUBE-SMBUS.2.1.0
2023-05-19 00:28:18,547 [WARN] PackLoader:240 - Cannot read IP mode file for STMicroelectronics.X-CUBE-AZRTOS-F7.1.1.0
2023-05-19 00:28:18,582 [WARN] PackLoader:240 - Cannot read IP mode file for STMicroelectronics.X-CUBE-MEMS1.9.6.0
2023-05-19 00:28:18,709 [ERROR] RealEvaluatedCondition:428 - Found unsupported composite condition: CLASS='Data Exchange' GROUP='STM32_MetaDataManager'
2023-05-19 00:28:18,709 [ERROR] RealEvaluatedCondition:428 - Found unsupported composite condition: GROUP='STM32_MetaDataManager' CLASS='Data Exchange'
2023-05-19 00:28:18,710 [WARN] PackLoader:240 - Cannot read IP mode file for STMicroelectronics.FP-SNS-MOTENV1.4.3.0
2023-05-19 00:28:18,714 [WARN] PackLoader:240 - Cannot read IP mode file for STMicroelectronics.FP-SNS-FLIGHT1.5.0.0
2023-05-19 00:28:18,718 [WARN] PackLoader:240 - Cannot read IP mode file for STMicroelectronics.X-CUBE-BLE1.6.2.4
2023-05-19 00:28:18,724 [WARN] PackLoader:240 - Cannot read IP mode file for emotas.I-CUBE-CANOPEN.1.1.3
2023-05-19 00:28:18,730 [WARN] PackLoader:240 - Cannot read IP mode file for STMicroelectronics.X-CUBE-BLEMGR.2.0.0
2023-05-19 00:28:18,735 [WARN] PackLoader:240 - Cannot read IP mode file for STMicroelectronics.X-CUBE-NFC4.2.0.5
2023-05-19 00:28:18,747 [WARN] ConditionMgr:438 - getConditionDescription Invalid condition id : UX DEVICE CLASS RTOS Condition cause : null
2023-05-19 00:28:18,747 [WARN] ConditionMgr:438 - getConditionDescription Invalid condition id : UX DEVICE CLASS RTOS Condition cause : null
2023-05-19 00:28:18,750 [WARN] PackLoader:240 - Cannot read IP mode file for STMicroelectronics.X-CUBE-AZRTOS-H7.3.1.0
2023-05-19 00:28:18,751 [WARN] ConditionMgr:1039 - genDependencies : Invalid condition id : UX DEVICE CLASS RTOS Condition cause : null
2023-05-19 00:28:18,751 [WARN] ConditionMgr:1039 - genDependencies : Invalid condition id : UX DEVICE CLASS RTOS Condition cause : null
2023-05-19 00:28:18,751 [WARN] ConditionMgr:1039 - genDependencies : Invalid condition id : UX DEVICE CLASS RTOS Condition cause : null
2023-05-19 00:28:18,751 [WARN] ConditionMgr:1039 - genDependencies : Invalid condition id : UX DEVICE CLASS RTOS Condition cause : null
2023-05-19 00:28:18,751 [WARN] ConditionMgr:1039 - genDependencies : Invalid condition id : UX DEVICE CLASS RTOS Condition cause : null
2023-05-19 00:28:18,757 [WARN] PackLoader:240 - Cannot read IP mode file for STMicroelectronics.X-CUBE-DISPLAY.3.0.0
2023-05-19 00:28:18,763 [WARN] PackLoader:240 - Cannot read IP mode file for wolfSSL.I-CUBE-wolfSSL.5.5.4
2023-05-19 00:28:18,767 [WARN] PackLoader:240 - Cannot read IP mode file for STMicroelectronics.X-CUBE-NFC7.1.0.0
2023-05-19 00:28:18,773 [WARN] PackLoader:240 - Cannot read IP mode file for STMicroelectronics.X-CUBE-EEPRMA1.4.1.0
2023-05-19 00:28:18,780 [WARN] PackLoader:240 - Cannot read IP mode file for WES.I-CUBE-Cesium.1.3.0
2023-05-19 00:28:18,785 [WARN] PackLoader:240 - Cannot read IP mode file for STMicroelectronics.X-CUBE-SFXS2LP1.4.0.0
2023-05-19 00:28:18,789 [WARN] PackLoader:240 - Cannot read IP mode file for STMicroelectronics.X-CUBE-BLE2.3.3.0
2023-05-19 00:28:18,794 [WARN] PackLoader:240 - Cannot read IP mode file for STMicroelectronics.X-CUBE-DISPLAY.2.2.0
2023-05-19 00:28:18,803 [WARN] PackLoader:240 - Cannot read IP mode file for STMicroelectronics.X-CUBE-TOF1.3.2.0
2023-05-19 00:28:18,819 [WARN] PackLoader:240 - Cannot read IP mode file for STMicroelectronics.X-CUBE-AZRTOS-H7.3.0.0
2023-05-19 00:28:18,824 [WARN] PackLoader:240 - Cannot read IP mode file for STMicroelectronics.X-CUBE-ISPU.1.1.0
2023-05-19 00:28:18,831 [WARN] PackLoader:240 - Cannot read IP mode file for RoweBots.I-CUBE-UNISONRTOS.5.5.0-4
2023-05-19 00:28:18,836 [WARN] PackLoader:240 - Cannot read IP mode file for STMicroelectronics.X-CUBE-AI.8.0.0
2023-05-19 00:28:18,841 [WARN] PackLoader:240 - Cannot read IP mode file for STMicroelectronics.X-CUBE-FREERTOS.1.0.0
2023-05-19 00:28:18,844 [WARN] PackLoader:240 - Cannot read IP mode file for STMicroelectronics.X-CUBE-FREERTOS.1.0.1
2023-05-19 00:28:18,848 [WARN] PackLoader:240 - Cannot read IP mode file for STMicroelectronics.X-CUBE-TOUCHGFX.4.21.1
2023-05-19 00:28:18,852 [WARN] PackLoader:240 - Cannot read IP mode file for STMicroelectronics.X-CUBE-TOUCHGFX.4.21.0
2023-05-19 00:28:18,855 [WARN] PackLoader:240 - Cannot read IP mode file for STMicroelectronics.X-CUBE-TOUCHGFX.4.21.3
2023-05-19 00:28:18,857 [WARN] PackLoader:240 - Cannot read IP mode file for STMicroelectronics.X-CUBE-TOUCHGFX.4.21.4
2023-05-19 00:28:18,880 [WARN] PackLoader:240 - Cannot read IP mode file for STMicroelectronics.X-CUBE-MEMS1.9.4.0
2023-05-19 00:28:18,972 [WARN] PackLoader:240 - Cannot read IP mode file for STMicroelectronics.X-CUBE-AI.7.3.0
2023-05-19 00:28:18,979 [WARN] PackLoader:240 - Cannot read IP mode file for STMicroelectronics.X-CUBE-ALGOBUILD.1.3.0
2023-05-19 00:28:19,016 [WARN] PackLoader:240 - Cannot read IP mode file for STMicroelectronics.X-CUBE-AZRTOS-L5.1.1.0
2023-05-19 00:28:19,033 [WARN] PackLoader:240 - Cannot read IP mode file for STMicroelectronics.X-CUBE-AZRTOS-G0.1.1.0
2023-05-19 00:28:19,037 [WARN] PackLoader:240 - Cannot read IP mode file for STMicroelectronics.X-CUBE-AI.8.0.1
2023-05-19 00:28:19,045 [WARN] PackLoader:240 - Cannot read IP mode file for STMicroelectronics.X-CUBE-SUBG2.5.0.0
2023-05-19 00:28:19,051 [WARN] PackLoader:240 - Cannot read IP mode file for STMicroelectronics.X-CUBE-NFC4.3.0.0
2023-05-19 00:28:19,064 [WARN] PackLoader:240 - Cannot read IP mode file for STMicroelectronics.X-CUBE-AZRTOS-G4.2.0.0
2023-05-19 00:28:19,073 [WARN] PackLoader:240 - Cannot read IP mode file for STMicroelectronics.X-CUBE-TOF1.3.3.0
2023-05-19 00:28:19,081 [WARN] PackLoader:240 - Cannot read IP mode file for STMicroelectronics.FP-ATR-ASTRA1.1.1.1
2023-05-19 00:28:19,088 [WARN] PackLoader:240 - Cannot read IP mode file for STMicroelectronics.X-CUBE-BLEMGR.1.3.0
2023-05-19 00:28:19,099 [WARN] PackLoader:240 - Cannot read IP mode file for STMicroelectronics.X-CUBE-AZRTOS-G4.1.0.0
2023-05-19 00:28:19,104 [WARN] PackLoader:240 - Cannot read IP mode file for STMicroelectronics.FP-ATR-SIGFOX1.3.2.0
2023-05-19 00:28:19,115 [WARN] PackLoader:240 - Cannot read IP mode file for STMicroelectronics.X-CUBE-AZRTOS-L4.1.0.0
2023-05-19 00:28:19,127 [WARN] PackLoader:240 - Cannot read IP mode file for STMicroelectronics.X-CUBE-AZRTOS-WL.1.0.0
2023-05-19 00:28:19,133 [WARN] PackLoader:240 - Cannot read IP mode file for portGmbH.I-Cube-SoM-uGOAL.1.1.0
2023-05-19 00:28:19,137 [WARN] PackLoader:240 - Cannot read IP mode file for STMicroelectronics.X-CUBE-ALS.1.0.1
2023-05-19 00:28:19,164 [WARN] PackLoader:240 - Cannot read IP mode file for STMicroelectronics.X-CUBE-MEMS1.9.5.0
2023-05-19 00:28:19,253 [WARN] PackLoader:240 - Cannot read IP mode file for STMicroelectronics.X-CUBE-AZRTOS-WB.1.1.0
2023-05-19 00:28:19,277 [WARN] PackLoader:240 - Cannot read IP mode file for SEGGER.I-CUBE-embOS.1.3.1
2023-05-19 00:28:19,318 [WARN] PackLoader:240 - Cannot read IP mode file for SEGGER.I-CUBE-embOS.1.3.0
2023-05-19 00:28:19,335 [WARN] PackLoader:240 - Cannot read IP mode file for STMicroelectronics.FP-ATR-ASTRA1.2.0.0
2023-05-19 00:28:19,337 [INFO] ThirdParty:978 - Integrity check success = true
2023-05-19 00:28:19,338 [INFO] IntegrityCheckThread:100 - exiting critical section [integrity check]
2023-05-19 00:28:19,338 [INFO] IntegrityCheckThread:103 - End integrity checks thread
2023-05-19 00:28:19,338 [INFO] ThirdParty:873 - entering critical section [close project]
2023-05-19 00:28:19,339 [INFO] ThirdParty:883 - exiting critical section [close project]
2023-05-19 00:28:19,345 [INFO] PinOutPanel:1499 - setPackage(No Configuration,No Configuration)
2023-05-19 00:28:19,351 [INFO] UtilMem:75 - Begin LoadConfig() Used Memory: 264170384 Bytes (413138944)
2023-05-19 00:28:19,353 [INFO] MicroXplorer:468 - Change Database Path : 
2023-05-19 00:28:19,353 [INFO] MicroXplorer:498 - Change Database Version : DB.6.0.80
2023-05-19 00:28:19,353 [INFO] OpenFileManager:308 - Change cursor
2023-05-19 00:28:19,394 [INFO] Mcu:1937 - Initializing MCU STM32F411R(C-E)Tx STM32F411RETx STM32F411RET6
2023-05-19 00:28:20,257 [INFO] Context:659 - Trying to add GPIOservice into a context  which must be forbidden
2023-05-19 00:28:20,703 [INFO] RtosManager:555 - Registered RTOS mode: class=CMSIS, group=RTOS, mode=CMSIS_V1, owner=FREERTOS
2023-05-19 00:28:20,703 [INFO] RtosManager:555 - Registered RTOS mode: class=CMSIS, group=RTOS2, mode=CMSIS_V2, owner=FREERTOS
2023-05-19 00:28:20,703 [INFO] RtosManager:555 - Registered RTOS mode: class=RTOS, group=Core, mode=CMSIS_V1, owner=FREERTOS
2023-05-19 00:28:20,703 [INFO] RtosManager:555 - Registered RTOS mode: class=RTOS, group=Core, mode=CMSIS_V2, owner=FREERTOS
2023-05-19 00:28:20,703 [WARN] ModelIntegratedComponent:184 - Missing modes for component STMicroelectronics:FreeRTOS:0.0.1:STMicroelectronics:RTOS:FreeRTOS:Core:::10.2.0:
2023-05-19 00:28:20,707 [WARN] ModelIntegratedComponent:182 - Modes not found for component STMicroelectronics:USB_HOST:1.0.0:STMicroelectronics:USB::USB Host:Audio HS::1.0:USB_HOST_1_0_RESTRICTED_HS
2023-05-19 00:28:20,707 [WARN] ModelIntegratedComponent:188 - Modes not found for component STMicroelectronics:USB_HOST:1.0.0:STMicroelectronics:USB::USB Host:Audio HS::1.0:USB_HOST_1_0_RESTRICTED_HS
2023-05-19 00:28:20,707 [WARN] ModelIntegratedComponent:182 - Modes not found for component STMicroelectronics:USB_HOST:1.0.0:STMicroelectronics:USB::USB Host:CDC HS::1.0:USB_HOST_1_0_RESTRICTED_HS
2023-05-19 00:28:20,707 [WARN] ModelIntegratedComponent:188 - Modes not found for component STMicroelectronics:USB_HOST:1.0.0:STMicroelectronics:USB::USB Host:CDC HS::1.0:USB_HOST_1_0_RESTRICTED_HS
2023-05-19 00:28:20,707 [WARN] ModelIntegratedComponent:182 - Modes not found for component STMicroelectronics:USB_HOST:1.0.0:STMicroelectronics:USB::USB Host:MSC HS::1.0:USB_HOST_1_0_RESTRICTED_HS
2023-05-19 00:28:20,709 [WARN] ModelIntegratedComponent:188 - Modes not found for component STMicroelectronics:USB_HOST:1.0.0:STMicroelectronics:USB::USB Host:MSC HS::1.0:USB_HOST_1_0_RESTRICTED_HS
2023-05-19 00:28:20,709 [WARN] ModelIntegratedComponent:182 - Modes not found for component STMicroelectronics:USB_HOST:1.0.0:STMicroelectronics:USB::USB Host:HID HS::1.0:USB_HOST_1_0_RESTRICTED_HS
2023-05-19 00:28:20,709 [WARN] ModelIntegratedComponent:188 - Modes not found for component STMicroelectronics:USB_HOST:1.0.0:STMicroelectronics:USB::USB Host:HID HS::1.0:USB_HOST_1_0_RESTRICTED_HS
2023-05-19 00:28:20,709 [WARN] ModelIntegratedComponent:182 - Modes not found for component STMicroelectronics:USB_HOST:1.0.0:STMicroelectronics:USB::USB Host:MTP HS::1.0:USB_HOST_1_0_RESTRICTED_HS
2023-05-19 00:28:20,709 [WARN] ModelIntegratedComponent:188 - Modes not found for component STMicroelectronics:USB_HOST:1.0.0:STMicroelectronics:USB::USB Host:MTP HS::1.0:USB_HOST_1_0_RESTRICTED_HS
2023-05-19 00:28:20,716 [WARN] ModelIntegratedComponent:63 - No mode defined for component null
2023-05-19 00:28:20,716 [WARN] ModelIntegratedComponent:63 - No mode defined for component null
2023-05-19 00:28:20,716 [WARN] ModelIntegratedComponent:63 - No mode defined for component null
2023-05-19 00:28:20,716 [WARN] ModelIntegratedComponent:63 - No mode defined for component null
2023-05-19 00:28:20,716 [WARN] ModelIntegratedComponent:63 - No mode defined for component null
2023-05-19 00:28:20,716 [WARN] ModelIntegratedComponent:63 - No mode defined for component null
2023-05-19 00:28:20,716 [WARN] ModelIntegratedComponent:63 - No mode defined for component null
2023-05-19 00:28:20,716 [WARN] ModelIntegratedComponent:63 - No mode defined for component null
2023-05-19 00:28:20,716 [WARN] ModelIntegratedComponent:63 - No mode defined for component null
2023-05-19 00:28:20,716 [WARN] ModelIntegratedComponent:63 - No mode defined for component null
2023-05-19 00:28:20,717 [WARN] ModelIntegratedComponent:63 - No mode defined for component null
2023-05-19 00:28:20,717 [WARN] ModelIntegratedComponent:63 - No mode defined for component null
2023-05-19 00:28:20,717 [WARN] ModelIntegratedComponent:63 - No mode defined for component null
2023-05-19 00:28:20,717 [WARN] ModelIntegratedComponent:63 - No mode defined for component null
2023-05-19 00:28:20,717 [WARN] ModelIntegratedComponent:63 - No mode defined for component null
2023-05-19 00:28:20,717 [WARN] ModelIntegratedComponent:63 - No mode defined for component null
2023-05-19 00:28:20,717 [WARN] ModelIntegratedComponent:63 - No mode defined for component null
2023-05-19 00:28:20,717 [WARN] ModelIntegratedComponent:63 - No mode defined for component null
2023-05-19 00:28:20,717 [WARN] ModelIntegratedComponent:63 - No mode defined for component null
2023-05-19 00:28:20,717 [WARN] ModelIntegratedComponent:63 - No mode defined for component null
2023-05-19 00:28:20,717 [WARN] ModelIntegratedComponent:63 - No mode defined for component null
2023-05-19 00:28:20,717 [WARN] ModelIntegratedComponent:63 - No mode defined for component null
2023-05-19 00:28:20,717 [WARN] ModelIntegratedComponent:63 - No mode defined for component null
2023-05-19 00:28:20,717 [WARN] ModelIntegratedComponent:63 - No mode defined for component null
2023-05-19 00:28:20,717 [WARN] ModelIntegratedComponent:63 - No mode defined for component null
2023-05-19 00:28:20,717 [WARN] ModelIntegratedComponent:63 - No mode defined for component null
2023-05-19 00:28:20,717 [WARN] ModelIntegratedComponent:63 - No mode defined for component null
2023-05-19 00:28:20,717 [WARN] ModelIntegratedComponent:63 - No mode defined for component null
2023-05-19 00:28:20,717 [WARN] ModelIntegratedComponent:63 - No mode defined for component null
2023-05-19 00:28:20,717 [WARN] ModelIntegratedComponent:63 - No mode defined for component null
2023-05-19 00:28:20,718 [WARN] ModelIntegratedComponent:63 - No mode defined for component null
2023-05-19 00:28:20,718 [WARN] ModelIntegratedComponent:63 - No mode defined for component null
2023-05-19 00:28:20,718 [WARN] ModelIntegratedComponent:63 - No mode defined for component null
2023-05-19 00:28:20,763 [WARN] ModelIntegratedComponent:182 - Modes not found for component STMicroelectronics:USB_DEVICE:1.0.0:STMicroelectronics:USB::USB Device:Audio HS::1.0:USB_DEVICE_1_0_RESTRICTED_HS
2023-05-19 00:28:20,763 [WARN] ModelIntegratedComponent:188 - Modes not found for component STMicroelectronics:USB_DEVICE:1.0.0:STMicroelectronics:USB::USB Device:Audio HS::1.0:USB_DEVICE_1_0_RESTRICTED_HS
2023-05-19 00:28:20,763 [WARN] ModelIntegratedComponent:182 - Modes not found for component STMicroelectronics:USB_DEVICE:1.0.0:STMicroelectronics:USB::USB Device:CDC HS::1.0:USB_DEVICE_1_0_RESTRICTED_HS
2023-05-19 00:28:20,764 [WARN] ModelIntegratedComponent:188 - Modes not found for component STMicroelectronics:USB_DEVICE:1.0.0:STMicroelectronics:USB::USB Device:CDC HS::1.0:USB_DEVICE_1_0_RESTRICTED_HS
2023-05-19 00:28:20,764 [WARN] ModelIntegratedComponent:182 - Modes not found for component STMicroelectronics:USB_DEVICE:1.0.0:STMicroelectronics:USB::USB Device:DFU HS::1.0:USB_DEVICE_1_0_RESTRICTED_HS
2023-05-19 00:28:20,764 [WARN] ModelIntegratedComponent:188 - Modes not found for component STMicroelectronics:USB_DEVICE:1.0.0:STMicroelectronics:USB::USB Device:DFU HS::1.0:USB_DEVICE_1_0_RESTRICTED_HS
2023-05-19 00:28:20,764 [WARN] ModelIntegratedComponent:182 - Modes not found for component STMicroelectronics:USB_DEVICE:1.0.0:STMicroelectronics:USB::USB Device:HID HS::1.0:USB_DEVICE_1_0_RESTRICTED_HS
2023-05-19 00:28:20,764 [WARN] ModelIntegratedComponent:188 - Modes not found for component STMicroelectronics:USB_DEVICE:1.0.0:STMicroelectronics:USB::USB Device:HID HS::1.0:USB_DEVICE_1_0_RESTRICTED_HS
2023-05-19 00:28:20,764 [WARN] ModelIntegratedComponent:182 - Modes not found for component STMicroelectronics:USB_DEVICE:1.0.0:STMicroelectronics:USB::USB Device:Custom HID HS::1.0:USB_DEVICE_1_0_RESTRICTED_HS
2023-05-19 00:28:20,764 [WARN] ModelIntegratedComponent:188 - Modes not found for component STMicroelectronics:USB_DEVICE:1.0.0:STMicroelectronics:USB::USB Device:Custom HID HS::1.0:USB_DEVICE_1_0_RESTRICTED_HS
2023-05-19 00:28:20,764 [WARN] ModelIntegratedComponent:182 - Modes not found for component STMicroelectronics:USB_DEVICE:1.0.0:STMicroelectronics:USB::USB Device:MSC HS::1.0:USB_DEVICE_1_0_RESTRICTED_HS
2023-05-19 00:28:20,764 [WARN] ModelIntegratedComponent:188 - Modes not found for component STMicroelectronics:USB_DEVICE:1.0.0:STMicroelectronics:USB::USB Device:MSC HS::1.0:USB_DEVICE_1_0_RESTRICTED_HS
2023-05-19 00:28:20,784 [INFO] ThirdPartyModel:298 - Start build external matchings
2023-05-19 00:28:21,198 [INFO] ThirdPartyModel:316 - End build external matchings
2023-05-19 00:28:21,223 [INFO] ImportTextPane:194 - (OptionalMessage_ERROR) IP (RCC) : Parameter (48MHZClocksFreq_Value) has invalid value (50000000)
2023-05-19 00:28:21,225 [INFO] ImportTextPane:194 - (OptionalMessage_ERROR) IP (RCC) : Parameter (FLatency) has Id (AdvancedSettings) currently not set
2023-05-19 00:28:21,225 [INFO] ImportTextPane:194 - (OptionalMessage_ERROR) IP (RCC) : Parameter (RTCHSEDivFreq_Value) has invalid value (4000000)
2023-05-19 00:28:21,431 [INFO] UtilMem:75 - End LoadConfig() Used Memory: 196610040 Bytes (413138944)
2023-05-19 00:28:21,522 [INFO] ApiDb:581 - Connected to CubeFinder SQLite database (C:\Users\bossy\.stmcufinder\plugins\mcufinder\mcu\cube-finder-db.db)
2023-05-19 00:28:21,605 [INFO] ApiDb:668 - CubeFinder database Data Model version=2.1
2023-05-19 00:28:21,606 [INFO] ApiDb:669 - CubeFinder database Configuration version=3.0.35
2023-05-19 00:28:21,606 [INFO] ApiDb:670 - CubeFinder database generation date=2023-05-12 (1683877179)
2023-05-19 00:28:21,606 [INFO] ApiDb:671 - CubeFinder database FW Pack versions=[FP-ATR-ASTRA1_V2.0.0, FP-SNS-FLIGHT1_V5.0.0, FP-SNS-MOTENV1_V4.3.0, STM32Cube_FW_C0_V1.0.1, STM32Cube_FW_F0_V1.11.4, STM32Cube_FW_F3_V1.11.4, STM32Cube_FW_F4_V1.27.1, STM32Cube_FW_F7_V1.17.0, STM32Cube_FW_G0_V1.6.1, STM32Cube_FW_G4_V1.5.1, STM32Cube_FW_H5_V0.5.1, STM32Cube_FW_H5_V1.0.0, STM32Cube_FW_H7_V1.11.0, STM32Cube_FW_L0_V1.12.2, STM32Cube_FW_L5_V1.5.0, STM32Cube_FW_U5_V1.2.0, STM32Cube_FW_WBA_V1.0.0, STM32Cube_FW_WBA_V1.0.0RC1, STM32Cube_FW_WBA_V1.0.0RC3, STM32Cube_FW_WB_V1.15.0RC1, STM32Cube_FW_WB_V1.16.0, STM32Cube_FW_WB_V1.16.0RC2, STM32Cube_FW_WL_V1.3.0, X-CUBE-ALGOBUILD_V1.3.0, X-CUBE-ALS_V1.0.1, X-CUBE-AZRTOS-F4_V1.1.0, X-CUBE-AZRTOS-F7_V1.1.0, X-CUBE-AZRTOS-G0_V1.1.0, X-CUBE-AZRTOS-G4_V2.0.0, X-CUBE-AZRTOS-H7_V3.1.0, X-CUBE-AZRTOS-L4_V1.0.0, X-CUBE-AZRTOS-L5_V1.1.0, X-CUBE-AZRTOS-WB_V1.1.0, X-CUBE-AZRTOS-WL_V1.0.0, X-CUBE-BLE1_V6.2.4, X-CUBE-BLE2_V3.3.0, X-CUBE-BLEMGR_V2.0.0, X-CUBE-EEPRMA1_V4.1.0, X-CUBE-FREERTOS_V1.0.1, X-CUBE-GNSS1_V6.0.0, X-CUBE-MEMS1_V9.1.0, X-CUBE-MEMS1_V9.4.0, X-CUBE-MEMS1_V9.6.0, X-CUBE-NFC4_V3.0.0, X-CUBE-NFC7_V1.0.0, X-CUBE-SFXS2LP1_V4.0.0, X-CUBE-SUBG2_V5.0.0]
2023-05-19 00:28:23,884 [INFO] ApiDb:240 - Found 297 in-development CPN: [B-G473E-ZEST1S, B-WB1M-WPAN1, B-WL5M-SUBG1, NUCLEO-C031C6, NUCLEO-H503RB, NUCLEO-H563ZI, NUCLEO-U545RE-Q, NUCLEO-U5A5ZJ-Q, NUCLEO-WBA52CG, STEVAL-PROTEUS1, STEVAL-STWINBX1, STM320518-EVAL, STM32C0116-DK, STM32C011D6Y3TR, STM32C011D6Y6TR, STM32C011F4P3, STM32C011F4P6, STM32C011F4U3, STM32C011F4U6TR, STM32C011F6P3, STM32C011F6P6, STM32C011F6U3, STM32C011F6U6TR, STM32C011J4M3, STM32C011J4M6, STM32C011J6M3, STM32C011J6M6, STM32C0316-DK, STM32C031C4T3, STM32C031C4T6, STM32C031C4U3, STM32C031C4U6, STM32C031C6T3, STM32C031C6T6, STM32C031C6U3, STM32C031C6U6, STM32C031F4P3, STM32C031F4P6, STM32C031F6P3, STM32C031F6P6, STM32C031G4U3, STM32C031G4U6, STM32C031G6U3, STM32C031G6U6, STM32C031K4T3, STM32C031K4T6, STM32C031K4U3, STM32C031K4U6, STM32C031K6T3, STM32C031K6T6, STM32C031K6U3, STM32C031K6U6, STM32G071K8TXN, STM32G071K8UXN, STM32G081GBU6N, STM32G081KBT6N, STM32G081KBUXN, STM32G0B1CCT6N, STM32G0B1KCT6, STM32G0B1NEY6TR, STM32G0B1RCT6N, STM32G0C1CCT6, STM32G0C1CCT6N, STM32G0C1CCU6N, STM32G0C1CET6N, STM32G0C1CEU6N, STM32G0C1KCT6, STM32G0C1NEY6TR, STM32G0C1RCI6N, STM32G0C1RCT6N, STM32G0C1REI6N, STM32G0C1RET6N, STM32G0C1VCI6, STM32G0C1VEI6, STM32G471CCT6, STM32G471CCU6, STM32G471CET3, STM32G471CET6, STM32G471CEU3, STM32G471CEU6, STM32G471MCT6, STM32G471MET3, STM32G471MET6, STM32G471MEY6TR, STM32G471QCT6, STM32G471QET3, STM32G471RCT6, STM32G471RET3, STM32G471RET6, STM32G471VCH6, STM32G471VCI6, STM32G471VCT6, STM32G471VEH3, STM32G471VEH6, STM32G471VEI3, STM32G471VEI6, STM32G471VET3, STM32G471VET6, STM32G474CCT6, STM32H503CBT6, STM32H503CBU6, STM32H503EBY6TR, STM32H503KBU6, STM32H503RBT6, STM32H562AGI6, STM32H562AII6, STM32H562IGK6, STM32H562IGT6, STM32H562IIK6, STM32H562IIT6, STM32H562RGT6, STM32H562RGV6, STM32H562RIT6, STM32H562RIV6, STM32H562VGT6, STM32H562VIT6, STM32H562ZGT6, STM32H562ZIT6, STM32H563AGI6, STM32H563AII3Q, STM32H563AII6, STM32H563IGK6, STM32H563IGT6, STM32H563IIK3Q, STM32H563IIK6, STM32H563IIT3Q, STM32H563IIT6, STM32H563MIY3QTR, STM32H563RGT6, STM32H563RGV6, STM32H563RIT6, STM32H563RIV6, STM32H563VGT6, STM32H563VIT3Q, STM32H563VIT6, STM32H563ZGT6, STM32H563ZIT3Q, STM32H563ZIT6, STM32H573AII3Q, STM32H573AII6, STM32H573I-DK, STM32H573IIK3Q, STM32H573IIK6, STM32H573IIT3Q, STM32H573IIT6, STM32H573MIY3QTR, STM32H573RIT6, STM32H573RIV6, STM32H573VIT3Q, STM32H573VIT6, STM32H573ZIT3Q, STM32H573ZIT6, STM32L4R5QGI6STR, STM32MP131AAE3, STM32MP131AAF3, STM32MP131AAG3, STM32MP131CAE3, STM32MP131CAF3, STM32MP131CAG3, STM32MP131DAE7, STM32MP131DAF7, STM32MP131DAG7, STM32MP131FAE7, STM32MP131FAF7, STM32MP131FAG7, STM32MP133AAE3, STM32MP133AAF3, STM32MP133AAG3, STM32MP133CAE3, STM32MP133CAF3, STM32MP133CAG3, STM32MP133DAE7, STM32MP133DAF7, STM32MP133DAG7, STM32MP133FAE7, STM32MP133FAF7, STM32MP133FAG7, STM32MP135AAE3, STM32MP135AAF3, STM32MP135AAG3, STM32MP135CAE3, STM32MP135CAF3, STM32MP135CAG3, STM32MP135DAE7, STM32MP135DAF7, STM32MP135DAG7, STM32MP135F-DK, STM32MP135FAE7, STM32MP135FAF7, STM32MP135FAF7T, STM32MP135FAF7U, STM32MP135FAG7, STM32U535CBT6, STM32U535CBT6Q, STM32U535CBU6, STM32U535CBU6Q, STM32U535CCT6, STM32U535CCT6Q, STM32U535CCU6, STM32U535CCU6Q, STM32U535CET6, STM32U535CET6Q, STM32U535CEU6, STM32U535CEU6Q, STM32U535JEY6QTR, STM32U535NCY6QTR, STM32U535NEY6QTR, STM32U535RBI6, STM32U535RBI6Q, STM32U535RBT6, STM32U535RBT6Q, STM32U535RCI6, STM32U535RCI6Q, STM32U535RCT6, STM32U535RCT6Q, STM32U535REI6, STM32U535REI6Q, STM32U535RET6, STM32U535RET6Q, STM32U535VCI6, STM32U535VCI6Q, STM32U535VCT6, STM32U535VCT6Q, STM32U535VEI6, STM32U535VEI6Q, STM32U535VET6, STM32U535VET6Q, STM32U545CET6, STM32U545CET6Q, STM32U545CEU6, STM32U545CEU6Q, STM32U545JEY6QTR, STM32U545NEY6QTR, STM32U545REI6, STM32U545REI6Q, STM32U545RET6, STM32U545RET6Q, STM32U545VEI6, STM32U545VEI6Q, STM32U545VET6, STM32U545VET6Q, STM32U595AIH6, STM32U595AIH6Q, STM32U595AJH6, STM32U595AJH6Q, STM32U595QII6, STM32U595QII6Q, STM32U595QJI6, STM32U595QJI6Q, STM32U595RIT6, STM32U595RIT6Q, STM32U595RJT6, STM32U595RJT6Q, STM32U595VIT6, STM32U595VIT6Q, STM32U595VJT6, STM32U595VJT6Q, STM32U595ZIT6, STM32U595ZIT6Q, STM32U595ZIY6QTR, STM32U595ZJT6, STM32U595ZJT6Q, STM32U595ZJY6QTR, STM32U599BJY6QTR, STM32U599NIH6Q, STM32U599NJH6Q, STM32U599VIT6Q, STM32U599VJT6, STM32U599VJT6Q, STM32U599ZIT6Q, STM32U599ZIY6QTR, STM32U599ZJT6Q, STM32U599ZJY6QTR, STM32U5A5AJH6, STM32U5A5AJH6Q, STM32U5A5QJI6, STM32U5A5QJI6Q, STM32U5A5RJT6, STM32U5A5RJT6Q, STM32U5A5VJT6, STM32U5A5VJT6Q, STM32U5A5ZJT6, STM32U5A5ZJT6Q, STM32U5A5ZJY6QTR, STM32U5A9BJY6QTR, STM32U5A9J-DK, STM32U5A9NJH6Q, STM32U5A9VJT6Q, STM32U5A9ZJT6Q, STM32U5A9ZJY6QTR, STM32WB1MMCH6, STM32WBA52CEU6, STM32WBA52CEU6T, STM32WBA52CGU6, STM32WBA52CGU6T, STM32WL5MOCH6, STM32WL5MOCH6TR]
2023-05-19 00:28:23,887 [INFO] DbMcus:216 - Found 3775 MCUs, 3775 are supported
2023-05-19 00:28:23,889 [INFO] ApiDb:423 - Load user favorites file C:\Users\bossy/.stm32cubeide/favorites.mcus.txt: 0 item(s)
2023-05-19 00:28:23,889 [INFO] ApiDb:427 - User favorites MCUs=[]
2023-05-19 00:28:23,889 [INFO] DbMcus:222 - Set 0 / 0 favorites MCUs
2023-05-19 00:28:24,289 [WARN] ThirdParty:833 - waiting for thirdparty lock release [change project]
2023-05-19 00:28:24,289 [INFO] ThirdParty:835 - entering critical section [change project]
2023-05-19 00:28:24,289 [INFO] ThirdParty:1030 - CMSIS Pack Vendor :STMicroelectronics X-CUBE-ISPU 1.1.0
2023-05-19 00:28:24,289 [INFO] ThirdParty:1030 - CMSIS Pack Vendor :RoweBots I-CUBE-UNISONRTOS 5.5.0-4
2023-05-19 00:28:24,289 [INFO] ThirdParty:1030 - CMSIS Pack Vendor :STMicroelectronics X-CUBE-GNSS1 6.0.0
2023-05-19 00:28:24,289 [INFO] ThirdParty:1030 - CMSIS Pack Vendor :STMicroelectronics USB_HOST 2.0.0
2023-05-19 00:28:24,289 [INFO] ThirdParty:1030 - CMSIS Pack Vendor :STMicroelectronics X-CUBE-AZRTOS-F4 1.1.0
2023-05-19 00:28:24,289 [INFO] ThirdParty:1030 - CMSIS Pack Vendor :STMicroelectronics LIBJPEG 8.0.0
2023-05-19 00:28:24,289 [INFO] ThirdParty:1030 - CMSIS Pack Vendor :STMicroelectronics X-CUBE-SMBUS 2.1.0
2023-05-19 00:28:24,290 [INFO] ThirdParty:1030 - CMSIS Pack Vendor :STMicroelectronics USB_DEVICE 3.0.0
2023-05-19 00:28:24,290 [INFO] ThirdParty:1030 - CMSIS Pack Vendor :STMicroelectronics X-CUBE-AI 8.0.0
2023-05-19 00:28:24,290 [INFO] ThirdParty:1030 - CMSIS Pack Vendor :STMicroelectronics X-CUBE-FREERTOS 1.0.0
2023-05-19 00:28:24,290 [INFO] ThirdParty:1030 - CMSIS Pack Vendor :STMicroelectronics X-CUBE-FREERTOS 1.0.1
2023-05-19 00:28:24,290 [INFO] ThirdParty:1030 - CMSIS Pack Vendor :STMicroelectronics X-CUBE-TOUCHGFX 4.21.1
2023-05-19 00:28:24,290 [INFO] ThirdParty:1030 - CMSIS Pack Vendor :STMicroelectronics X-CUBE-TOUCHGFX 4.21.0
2023-05-19 00:28:24,290 [INFO] ThirdParty:1030 - CMSIS Pack Vendor :STMicroelectronics X-CUBE-TOUCHGFX 4.21.3
2023-05-19 00:28:24,290 [INFO] ThirdParty:1030 - CMSIS Pack Vendor :STMicroelectronics X-CUBE-AZRTOS-F7 1.1.0
2023-05-19 00:28:24,290 [INFO] ThirdParty:1030 - CMSIS Pack Vendor :STMicroelectronics X-CUBE-TOUCHGFX 4.21.4
2023-05-19 00:28:24,290 [INFO] ThirdParty:1030 - CMSIS Pack Vendor :STMicroelectronics X-CUBE-MEMS1 9.4.0
2023-05-19 00:28:24,290 [INFO] ThirdParty:1030 - CMSIS Pack Vendor :STMicroelectronics USB_DEVICE 2.0.0
2023-05-19 00:28:24,290 [INFO] ThirdParty:1030 - CMSIS Pack Vendor :STMicroelectronics X-CUBE-MEMS1 9.6.0
2023-05-19 00:28:24,290 [INFO] ThirdParty:1030 - CMSIS Pack Vendor :STMicroelectronics X-CUBE-AI 7.3.0
2023-05-19 00:28:24,290 [INFO] ThirdParty:1030 - CMSIS Pack Vendor :STMicroelectronics FP-SNS-MOTENV1 4.3.0
2023-05-19 00:28:24,290 [INFO] ThirdParty:1030 - CMSIS Pack Vendor :STMicroelectronics FP-SNS-FLIGHT1 5.0.0
2023-05-19 00:28:24,290 [INFO] ThirdParty:1030 - CMSIS Pack Vendor :STMicroelectronics X-CUBE-ALGOBUILD 1.3.0
2023-05-19 00:28:24,290 [INFO] ThirdParty:1030 - CMSIS Pack Vendor :STMicroelectronics X-CUBE-BLE1 6.2.4
2023-05-19 00:28:24,290 [INFO] ThirdParty:1030 - CMSIS Pack Vendor :STMicroelectronics X-CUBE-AZRTOS-L5 1.1.0
2023-05-19 00:28:24,290 [INFO] ThirdParty:1030 - CMSIS Pack Vendor :STMicroelectronics FreeRTOS 0.0.1
2023-05-19 00:28:24,290 [INFO] ThirdParty:1030 - CMSIS Pack Vendor :emotas I-CUBE-CANOPEN 1.1.3
2023-05-19 00:28:24,290 [INFO] ThirdParty:1030 - CMSIS Pack Vendor :STMicroelectronics X-CUBE-AZRTOS-G0 1.1.0
2023-05-19 00:28:24,291 [INFO] ThirdParty:1030 - CMSIS Pack Vendor :STMicroelectronics X-CUBE-BLEMGR 2.0.0
2023-05-19 00:28:24,291 [INFO] ThirdParty:1030 - CMSIS Pack Vendor :STMicroelectronics X-CUBE-AI 8.0.1
2023-05-19 00:28:24,291 [INFO] ThirdParty:1030 - CMSIS Pack Vendor :STMicroelectronics X-CUBE-SUBG2 5.0.0
2023-05-19 00:28:24,291 [INFO] ThirdParty:1030 - CMSIS Pack Vendor :STMicroelectronics X-CUBE-NFC4 3.0.0
2023-05-19 00:28:24,291 [INFO] ThirdParty:1030 - CMSIS Pack Vendor :STMicroelectronics STM32_WPAN 1.0.0
2023-05-19 00:28:24,291 [INFO] ThirdParty:1030 - CMSIS Pack Vendor :STMicroelectronics lwIP 2.0.3
2023-05-19 00:28:24,291 [INFO] ThirdParty:1030 - CMSIS Pack Vendor :STMicroelectronics X-CUBE-NFC4 2.0.5
2023-05-19 00:28:24,291 [INFO] ThirdParty:1030 - CMSIS Pack Vendor :STMicroelectronics USB_HOST 1.0.0
2023-05-19 00:28:24,291 [INFO] ThirdParty:1030 - CMSIS Pack Vendor :STMicroelectronics X-CUBE-AZRTOS-G4 2.0.0
2023-05-19 00:28:24,291 [INFO] ThirdParty:1030 - CMSIS Pack Vendor :STMicroelectronics PDM2PCM 3.1.0
2023-05-19 00:28:24,291 [INFO] ThirdParty:1030 - CMSIS Pack Vendor :STMicroelectronics X-CUBE-AZRTOS-H7 3.1.0
2023-05-19 00:28:24,291 [INFO] ThirdParty:1030 - CMSIS Pack Vendor :STMicroelectronics X-CUBE-TOF1 3.3.0
2023-05-19 00:28:24,291 [INFO] ThirdParty:1030 - CMSIS Pack Vendor :STMicroelectronics FP-ATR-ASTRA1 1.1.1
2023-05-19 00:28:24,291 [INFO] ThirdParty:1030 - CMSIS Pack Vendor :STMicroelectronics PDM2PCM 3.3.0
2023-05-19 00:28:24,291 [INFO] ThirdParty:1030 - CMSIS Pack Vendor :STMicroelectronics X-CUBE-DISPLAY 3.0.0
2023-05-19 00:28:24,291 [INFO] ThirdParty:1030 - CMSIS Pack Vendor :STMicroelectronics X-CUBE-BLEMGR 1.3.0
2023-05-19 00:28:24,291 [INFO] ThirdParty:1030 - CMSIS Pack Vendor :STMicroelectronics X-CUBE-AZRTOS-G4 1.0.0
2023-05-19 00:28:24,291 [INFO] ThirdParty:1030 - CMSIS Pack Vendor :STMicroelectronics FP-ATR-SIGFOX1 3.2.0
2023-05-19 00:28:24,291 [INFO] ThirdParty:1030 - CMSIS Pack Vendor :wolfSSL I-CUBE-wolfSSL 5.5.4
2023-05-19 00:28:24,291 [INFO] ThirdParty:1030 - CMSIS Pack Vendor :STMicroelectronics X-CUBE-AZRTOS-L4 1.0.0
2023-05-19 00:28:24,291 [INFO] ThirdParty:1030 - CMSIS Pack Vendor :STMicroelectronics HAL Drivers 0.0.0
2023-05-19 00:28:24,291 [INFO] ThirdParty:1030 - CMSIS Pack Vendor :STMicroelectronics MBEDTLS 2.16.2
2023-05-19 00:28:24,291 [INFO] ThirdParty:1030 - CMSIS Pack Vendor :STMicroelectronics MBEDTLS 2.14.1
2023-05-19 00:28:24,291 [INFO] ThirdParty:1030 - CMSIS Pack Vendor :STMicroelectronics X-CUBE-NFC7 1.0.0
2023-05-19 00:28:24,291 [INFO] ThirdParty:1030 - CMSIS Pack Vendor :STMicroelectronics X-CUBE-AZRTOS-WL 1.0.0
2023-05-19 00:28:24,293 [INFO] ThirdParty:1030 - CMSIS Pack Vendor :STMicroelectronics X-CUBE-EEPRMA1 4.1.0
2023-05-19 00:28:24,293 [INFO] ThirdParty:1030 - CMSIS Pack Vendor :portGmbH I-Cube-SoM-uGOAL 1.1.0
2023-05-19 00:28:24,293 [INFO] ThirdParty:1030 - CMSIS Pack Vendor :STMicroelectronics X-CUBE-ALS 1.0.1
2023-05-19 00:28:24,293 [INFO] ThirdParty:1030 - CMSIS Pack Vendor :STMicroelectronics X-CUBE-MEMS1 9.5.0
2023-05-19 00:28:24,293 [INFO] ThirdParty:1030 - CMSIS Pack Vendor :STMicroelectronics ThreadX 1.0.0
2023-05-19 00:28:24,293 [INFO] ThirdParty:1030 - CMSIS Pack Vendor :STMicroelectronics X-CUBE-AZRTOS-WB 1.1.0
2023-05-19 00:28:24,293 [INFO] ThirdParty:1030 - CMSIS Pack Vendor :SEGGER I-CUBE-embOS 1.3.1
2023-05-19 00:28:24,293 [INFO] ThirdParty:1030 - CMSIS Pack Vendor :STMicroelectronics USB_DEVICE 1.0.0
2023-05-19 00:28:24,293 [INFO] ThirdParty:1030 - CMSIS Pack Vendor :SEGGER I-CUBE-embOS 1.3.0
2023-05-19 00:28:24,293 [INFO] ThirdParty:1030 - CMSIS Pack Vendor :STMicroelectronics ThreadX 0.0.2
2023-05-19 00:28:24,293 [INFO] ThirdParty:1030 - CMSIS Pack Vendor :WES I-CUBE-Cesium 1.3.0
2023-05-19 00:28:24,293 [INFO] ThirdParty:1030 - CMSIS Pack Vendor :STMicroelectronics FP-ATR-ASTRA1 2.0.0
2023-05-19 00:28:24,293 [INFO] ThirdParty:1030 - CMSIS Pack Vendor :STMicroelectronics lwIP 2.1.2
2023-05-19 00:28:24,293 [INFO] ThirdParty:1030 - CMSIS Pack Vendor :STMicroelectronics X-CUBE-SFXS2LP1 4.0.0
2023-05-19 00:28:24,293 [INFO] ThirdParty:1030 - CMSIS Pack Vendor :STMicroelectronics X-CUBE-BLE2 3.3.0
2023-05-19 00:28:24,293 [INFO] ThirdParty:1030 - CMSIS Pack Vendor :STMicroelectronics X-CUBE-DISPLAY 2.2.0
2023-05-19 00:28:24,293 [INFO] ThirdParty:1030 - CMSIS Pack Vendor :STMicroelectronics X-CUBE-TOF1 3.2.0
2023-05-19 00:28:24,293 [INFO] ThirdParty:1030 - CMSIS Pack Vendor :STMicroelectronics PDM2PCM 3.2.0
2023-05-19 00:28:24,294 [INFO] ThirdParty:1030 - CMSIS Pack Vendor :STMicroelectronics X-CUBE-AZRTOS-H7 3.0.0
2023-05-19 00:28:24,294 [INFO] ThirdParty:841 - exiting critical section [change project]
2023-05-19 00:28:24,600 [INFO] PinOutPanel:1499 - setPackage(No Configuration,No Configuration)
2023-05-19 00:28:24,601 [INFO] PinOutPanel:1499 - setPackage(STM32F411RETx,LQFP64)
2023-05-19 00:28:25,071 [INFO] UtilMem:75 - Before build in PCC Used Memory: 197307520 Bytes (413138944)
2023-05-19 00:28:25,826 [INFO] UtilMem:75 - After build in PCC Used Memory: 251266752 Bytes (413138944)
2023-05-19 00:28:25,856 [INFO] IPUIPlugin:80 - create IPUIPlugin
2023-05-19 00:28:25,857 [INFO] IPUIPlugin:80 - create IPUIPlugin
2023-05-19 00:28:25,857 [INFO] IPUIPlugin:80 - create IPUIPlugin
2023-05-19 00:28:25,857 [INFO] IPUIPlugin:80 - create IPUIPlugin
2023-05-19 00:28:25,857 [INFO] IPUIPlugin:80 - create IPUIPlugin
2023-05-19 00:28:25,857 [INFO] IPUIPlugin:80 - create IPUIPlugin
2023-05-19 00:28:25,859 [INFO] IPUIPlugin:80 - create IPUIPlugin
2023-05-19 00:28:25,859 [INFO] IPUIPlugin:80 - create IPUIPlugin
2023-05-19 00:28:25,859 [INFO] IPUIPlugin:80 - create IPUIPlugin
2023-05-19 00:28:25,859 [INFO] IPUIPlugin:80 - create IPUIPlugin
2023-05-19 00:28:25,859 [INFO] IPUIPlugin:80 - create IPUIPlugin
2023-05-19 00:28:25,859 [INFO] IPUIPlugin:80 - create IPUIPlugin
2023-05-19 00:28:25,859 [INFO] IPUIPlugin:80 - create IPUIPlugin
2023-05-19 00:28:25,859 [INFO] IPUIPlugin:80 - create IPUIPlugin
2023-05-19 00:28:25,860 [INFO] IPUIPlugin:80 - create IPUIPlugin
2023-05-19 00:28:25,860 [INFO] IPUIPlugin:80 - create IPUIPlugin
2023-05-19 00:28:25,860 [INFO] IPUIPlugin:80 - create IPUIPlugin
2023-05-19 00:28:25,860 [INFO] IPUIPlugin:80 - create IPUIPlugin
2023-05-19 00:28:25,861 [INFO] IPUIPlugin:80 - create IPUIPlugin
2023-05-19 00:28:25,861 [INFO] IPUIPlugin:80 - create IPUIPlugin
2023-05-19 00:28:25,861 [INFO] IPUIPlugin:80 - create IPUIPlugin
2023-05-19 00:28:25,861 [INFO] IPUIPlugin:80 - create IPUIPlugin
2023-05-19 00:28:25,861 [INFO] IPUIPlugin:80 - create IPUIPlugin
2023-05-19 00:28:25,861 [INFO] IPUIPlugin:80 - create IPUIPlugin
2023-05-19 00:28:25,862 [INFO] IPUIPlugin:80 - create IPUIPlugin
2023-05-19 00:28:25,862 [INFO] IPUIPlugin:80 - create IPUIPlugin
2023-05-19 00:28:25,862 [INFO] IPUIPlugin:80 - create IPUIPlugin
2023-05-19 00:28:25,862 [INFO] IPUIPlugin:80 - create IPUIPlugin
2023-05-19 00:28:25,862 [INFO] IPUIPlugin:80 - create IPUIPlugin
2023-05-19 00:28:25,863 [INFO] IPUIPlugin:80 - create IPUIPlugin
2023-05-19 00:28:25,863 [INFO] IPUIPlugin:80 - create IPUIPlugin
2023-05-19 00:28:25,863 [INFO] IPUIPlugin:80 - create IPUIPlugin
2023-05-19 00:28:25,863 [INFO] IPUIPlugin:80 - create IPUIPlugin
2023-05-19 00:28:25,863 [INFO] IPUIPlugin:80 - create IPUIPlugin
2023-05-19 00:28:25,863 [INFO] IPUIPlugin:80 - create IPUIPlugin
2023-05-19 00:28:25,863 [INFO] IPUIPlugin:80 - create IPUIPlugin
2023-05-19 00:28:25,865 [INFO] IPUIPlugin:80 - create IPUIPlugin
2023-05-19 00:28:25,865 [INFO] IPUIPlugin:80 - create IPUIPlugin
2023-05-19 00:28:25,865 [INFO] IPUIPlugin:80 - create IPUIPlugin
2023-05-19 00:28:25,865 [INFO] IPUIPlugin:80 - create IPUIPlugin
2023-05-19 00:28:25,865 [INFO] IPUIPlugin:80 - create IPUIPlugin
2023-05-19 00:28:25,866 [INFO] IPUIPlugin:80 - create IPUIPlugin
2023-05-19 00:28:25,866 [INFO] IPUIPlugin:80 - create IPUIPlugin
2023-05-19 00:28:25,923 [INFO] ApiDbMcu:507 - Load IP Config File for PDM2PCM
2023-05-19 00:28:26,124 [INFO] CADModel:165 - CPN selected for project levelSTM32F411RET6
2023-05-19 00:28:26,126 [INFO] CADModel:114 - Register for checkConnection events
2023-05-19 00:28:26,179 [INFO] OpenFileManager:328 - Restore cursor
2023-05-19 00:29:21,823 [INFO] UtilMem:75 - End SaveConfig() Used Memory: 271689904 Bytes (413138944)
2023-05-19 00:29:21,879 [INFO] UtilMem:75 - End SaveConfig() Used Memory: 292085152 Bytes (413138944)
2023-05-19 00:29:22,097 [INFO] UtilMem:75 - End SaveConfig() Used Memory: 313084240 Bytes (413138944)
2023-05-19 00:29:22,704 [INFO] BlockDiagram:2759 - set Specific Code input for plugin: NVIC
2023-05-19 00:29:22,704 [INFO] BlockDiagram:2759 - set Specific Code input for plugin: USART
2023-05-19 00:29:22,705 [INFO] BlockDiagram:2759 - set Specific Code input for plugin: USART
2023-05-19 00:29:22,705 [INFO] BlockDiagram:2759 - set Specific Code input for plugin: TIM1_8
2023-05-19 00:29:22,705 [INFO] BlockDiagram:2759 - set Specific Code input for plugin: SYS
2023-05-19 00:29:22,705 [INFO] BlockDiagram:2759 - set Specific Code input for plugin: GPIO
2023-05-19 00:29:22,705 [INFO] BlockDiagram:2759 - set Specific Code input for plugin: ADC
2023-05-19 00:29:22,705 [INFO] BlockDiagram:2759 - set Specific Code input for plugin: RCC
2023-05-19 00:29:22,708 [INFO] CodeGenerator:793 - code generatio: config db path: D:\Program Files\STM32CubeIDE_1.11.0\STM32CubeIDE\plugins\com.st.stm32cube.common.mx_6.8.0.202302231600\\db\
2023-05-19 00:29:22,993 [INFO] CodeEngine:255 - oldGeneratedFile, D:\Code\CU\Embeded_Sys_Lab\FinalProject\MXTmpFiles\license.tmp_save
2023-05-19 00:29:23,326 [INFO] CodeEngine:279 - Generated code: D:\Code\CU\Embeded_Sys_Lab\FinalProject\MXTmpFiles\license.tmp
2023-05-19 00:29:23,378 [INFO] CodeEngine:255 - oldGeneratedFile, D:\Code\CU\Embeded_Sys_Lab\FinalProject\MXTmpFiles\gpio.tmp_save
2023-05-19 00:29:23,515 [INFO] CodeEngine:279 - Generated code: D:\Code\CU\Embeded_Sys_Lab\FinalProject\MXTmpFiles\gpio.tmp
2023-05-19 00:29:23,684 [INFO] CodeEngine:255 - oldGeneratedFile, D:\Code\CU\Embeded_Sys_Lab\FinalProject\Core\Src\stm32f4xx_it.c_save
2023-05-19 00:29:23,794 [INFO] CodeEngine:279 - Generated code: D:\Code\CU\Embeded_Sys_Lab\FinalProject\Core\Src\stm32f4xx_it.c
2023-05-19 00:29:23,803 [INFO] CodeEngine:255 - oldGeneratedFile, D:\Code\CU\Embeded_Sys_Lab\FinalProject\Core\Inc\stm32f4xx_it.h_save
2023-05-19 00:29:23,893 [INFO] CodeEngine:279 - Generated code: D:\Code\CU\Embeded_Sys_Lab\FinalProject\Core\Inc\stm32f4xx_it.h
2023-05-19 00:29:23,909 [INFO] CodeEngine:255 - oldGeneratedFile, D:\Code\CU\Embeded_Sys_Lab\FinalProject\Core\Src\stm32f4xx_hal_msp.c_save
2023-05-19 00:29:24,065 [INFO] CodeEngine:279 - Generated code: D:\Code\CU\Embeded_Sys_Lab\FinalProject\Core\Src\stm32f4xx_hal_msp.c
2023-05-19 00:29:24,071 [INFO] CodeEngine:255 - oldGeneratedFile, D:\Code\CU\Embeded_Sys_Lab\FinalProject\MXTmpFiles\system.tmp_save
2023-05-19 00:29:24,124 [INFO] CodeEngine:279 - Generated code: D:\Code\CU\Embeded_Sys_Lab\FinalProject\MXTmpFiles\system.tmp
2023-05-19 00:29:24,135 [INFO] CodeEngine:311 - oldGeneratedFile, D:\Code\CU\Embeded_Sys_Lab\FinalProject\Core\Inc\stm32f4xx_hal_conf.h_save
2023-05-19 00:29:24,199 [INFO] CodeEngine:335 - Generated code: D:\Code\CU\Embeded_Sys_Lab\FinalProject\Core\Inc\stm32f4xx_hal_conf.h
2023-05-19 00:29:24,224 [WARN] IPConfigManager:3431 - IP not found : TIM
2023-05-19 00:29:24,224 [WARN] CodeGenerator:3754 - IP not found : null
2023-05-19 00:29:24,232 [INFO] CodeEngine:255 - oldGeneratedFile, D:\Code\CU\Embeded_Sys_Lab\FinalProject\Core\Inc\main.h_save
2023-05-19 00:29:24,370 [INFO] CodeEngine:279 - Generated code: D:\Code\CU\Embeded_Sys_Lab\FinalProject\Core\Inc\main.h
2023-05-19 00:29:24,377 [INFO] CodeEngine:255 - oldGeneratedFile, D:\Code\CU\Embeded_Sys_Lab\FinalProject\Core\Src\main.c_save
2023-05-19 00:29:24,537 [INFO] CodeEngine:279 - Generated code: D:\Code\CU\Embeded_Sys_Lab\FinalProject\Core\Src\main.c
2023-05-19 00:29:25,232 [INFO] ProjectBuilder:2996 - Time for Copy HAL[1] : 206mS.
2023-05-19 00:29:25,242 [INFO] ProjectBuilder:4304 - Project Generator version: 3.19.2
2023-05-19 00:29:25,488 [INFO] ConfigFileManager:1483 - The Die is : DIE431
2023-05-19 00:29:25,496 [INFO] ApiDbMcu:507 - Load IP Config File for FATFS
2023-05-19 00:29:25,499 [INFO] ApiDbMcu:507 - Load IP Config File for FREERTOS
2023-05-19 00:29:25,501 [INFO] ApiDbMcu:507 - Load IP Config File for LIBJPEG
2023-05-19 00:29:25,506 [INFO] ApiDbMcu:507 - Load IP Config File for MBEDTLS
2023-05-19 00:29:25,512 [INFO] ApiDbMcu:507 - Load IP Config File for USB_DEVICE
2023-05-19 00:29:25,516 [INFO] ApiDbMcu:507 - Load IP Config File for USB_HOST
