2023-05-22 12:58:52,132 [INFO] Activator:176 - 


2023-05-22 12:58:52,138 [INFO] Activator:177 - !SESSION log4j initialized
2023-05-22 12:58:57,626 [INFO] LogOutputStream:77 - [STDOUT_REDIRECT] 
2023-05-22 12:59:16,528 [ERROR] LogOutputStream:75 - [STDERR_REDIRECT] SLF4J: Failed to load class "org.slf4j.impl.StaticLoggerBinder".
2023-05-22 12:59:16,528 [ERROR] LogOutputStream:75 - [STDERR_REDIRECT] SLF4J: Defaulting to no-operation (NOP) logger implementation
2023-05-22 12:59:16,531 [ERROR] LogOutputStream:75 - [STDERR_REDIRECT] SLF4J: See http://www.slf4j.org/codes.html#StaticLoggerBinder for further details.
2023-05-22 14:15:43,091 [INFO] Activator:176 - 


2023-05-22 14:15:43,091 [INFO] Activator:177 - !SESSION log4j initialized
2023-05-22 14:15:47,851 [INFO] LogOutputStream:77 - [STDOUT_REDIRECT] 
2023-05-22 14:16:01,713 [INFO] ApplicationProperties:184 - Using Application install path: D:\Program Files\STM32CubeIDE_1.11.0\STM32CubeIDE\plugins\com.st.stm32cube.common.mx_6.8.0.202302231600
2023-05-22 14:16:01,744 [INFO] DbMcusXml:78 - Set database path to: D:\Program Files\STM32CubeIDE_1.11.0\STM32CubeIDE\plugins\com.st.stm32cube.common.mx_6.8.0.202302231600\\db\/mcu/
2023-05-22 14:16:01,745 [INFO] ApiDb:274 - Set plugin database path to: D:\Program Files\STM32CubeIDE_1.11.0\STM32CubeIDE\plugins\com.st.stm32cube.common.mx_6.8.0.202302231600\\db\/plugins/boardmanager/
2023-05-22 14:16:01,745 [WARN] ApiDb:259 - Overriding images path with different value:  => D:\Program Files\STM32CubeIDE_1.11.0\STM32CubeIDE\plugins\com.st.stm32cube.common.mx_6.8.0.202302231600\\db\/plugins/mcufinder/images/
2023-05-22 14:16:01,759 [INFO] ApiDb:250 - Set database path to: C:\Users\bossy\.stmcufinder\plugins\mcufinder//mcu/
2023-05-22 14:16:01,760 [INFO] DbMcusAds:125 - Set database path to: C:\Users\bossy\.stmcufinder\plugins\mcufinder//mcu/
2023-05-22 14:16:01,791 [INFO] CrossReferenceDbSqlite:203 - Set database path to: C:\Users\bossy\.stmcufinder\plugins\mcufinder//mcu/cs/
2023-05-22 14:16:01,869 [INFO] RulesReader:64 - Compatibility file has been processed (293 Rules)
2023-05-22 14:16:01,963 [INFO] DbMcusXml:78 - Set database path to: D:\Program Files\STM32CubeIDE_1.11.0\STM32CubeIDE\plugins\com.st.stm32cube.common.mx_6.8.0.202302231600\\db\/mcu/
2023-05-22 14:16:01,963 [INFO] ApiDb:274 - Set plugin database path to: D:\Program Files\STM32CubeIDE_1.11.0\STM32CubeIDE\plugins\com.st.stm32cube.common.mx_6.8.0.202302231600\\db\/plugins/boardmanager/
2023-05-22 14:16:01,963 [INFO] ApiDb:261 - Set plugin images path to: D:\Program Files\STM32CubeIDE_1.11.0\STM32CubeIDE\plugins\com.st.stm32cube.common.mx_6.8.0.202302231600\\db\/plugins/mcufinder/images/
2023-05-22 14:16:01,963 [WARN] DbFile:41 - Overriding database path with different value: C:\Users\bossy\.stmcufinder\plugins\mcufinder/ => C:\Users\bossy\.stmcufinder\plugins\mcufinder
2023-05-22 14:16:01,963 [INFO] ApiDb:250 - Set database path to: C:\Users\bossy\.stmcufinder\plugins\mcufinder//mcu/
2023-05-22 14:16:01,963 [WARN] DbFile:41 - Overriding database path with different value: C:\Users\bossy\.stmcufinder\plugins\mcufinder/ => C:\Users\bossy\.stmcufinder\plugins\mcufinder
2023-05-22 14:16:01,963 [INFO] DbMcusAds:125 - Set database path to: C:\Users\bossy\.stmcufinder\plugins\mcufinder//mcu/
2023-05-22 14:16:01,963 [WARN] DbFile:41 - Overriding database path with different value: C:\Users\bossy\.stmcufinder\plugins\mcufinder/ => C:\Users\bossy\.stmcufinder\plugins\mcufinder
2023-05-22 14:16:01,963 [WARN] DbFile:41 - Overriding database path with different value: C:\Users\bossy\.stmcufinder\plugins\mcufinder/ => C:\Users\bossy\.stmcufinder\plugins\mcufinder
2023-05-22 14:16:01,963 [INFO] CrossReferenceDbSqlite:203 - Set database path to: C:\Users\bossy\.stmcufinder\plugins\mcufinder//mcu/cs/
2023-05-22 14:16:02,025 [INFO] MainPanel:253 - HeapMemory: 268435456
2023-05-22 14:16:02,119 [INFO] DbMcusXml:78 - Set database path to: D:\Program Files\STM32CubeIDE_1.11.0\STM32CubeIDE\plugins\com.st.stm32cube.common.mx_6.8.0.202302231600\\db\/mcu/
2023-05-22 14:16:02,119 [INFO] ApiDb:274 - Set plugin database path to: D:\Program Files\STM32CubeIDE_1.11.0\STM32CubeIDE\plugins\com.st.stm32cube.common.mx_6.8.0.202302231600\\db\/plugins/boardmanager/
2023-05-22 14:16:02,119 [INFO] ApiDb:261 - Set plugin images path to: D:\Program Files\STM32CubeIDE_1.11.0\STM32CubeIDE\plugins\com.st.stm32cube.common.mx_6.8.0.202302231600\\db\/plugins/mcufinder/images/
2023-05-22 14:16:02,119 [WARN] DbFile:41 - Overriding database path with different value: C:\Users\bossy\.stmcufinder\plugins\mcufinder/ => C:\Users\bossy\.stmcufinder\plugins\mcufinder
2023-05-22 14:16:02,119 [INFO] ApiDb:250 - Set database path to: C:\Users\bossy\.stmcufinder\plugins\mcufinder//mcu/
2023-05-22 14:16:02,119 [WARN] DbFile:41 - Overriding database path with different value: C:\Users\bossy\.stmcufinder\plugins\mcufinder/ => C:\Users\bossy\.stmcufinder\plugins\mcufinder
2023-05-22 14:16:02,119 [INFO] DbMcusAds:125 - Set database path to: C:\Users\bossy\.stmcufinder\plugins\mcufinder//mcu/
2023-05-22 14:16:02,119 [WARN] DbFile:41 - Overriding database path with different value: C:\Users\bossy\.stmcufinder\plugins\mcufinder/ => C:\Users\bossy\.stmcufinder\plugins\mcufinder
2023-05-22 14:16:02,119 [WARN] DbFile:41 - Overriding database path with different value: C:\Users\bossy\.stmcufinder\plugins\mcufinder/ => C:\Users\bossy\.stmcufinder\plugins\mcufinder
2023-05-22 14:16:02,119 [INFO] CrossReferenceDbSqlite:203 - Set database path to: C:\Users\bossy\.stmcufinder\plugins\mcufinder//mcu/cs/
2023-05-22 14:16:02,151 [INFO] ApplicationProperties:184 - Using Application install path: D:\Program Files\STM32CubeIDE_1.11.0\STM32CubeIDE\plugins\com.st.stm32cube.common.mx_6.8.0.202302231600
2023-05-22 14:16:02,152 [INFO] PluginManage:196 - Search for loadable plugins [exclusion list=, ]
2023-05-22 14:16:02,152 [INFO] PluginManage:310 - Check plugin analytics
2023-05-22 14:16:02,277 [INFO] AnalyticsPlugin:253 - Accepted Software Licenses: 
2023-05-22 14:16:02,277 [INFO] AnalyticsPlugin:255 - Accepted CMSIS Pack Licenses: 
2023-05-22 14:16:02,277 [INFO] AnalyticsPlugin:257 - Accepted Firmware Licenses: 
2023-05-22 14:16:02,277 [INFO] PluginManage:359 - Loaded plugin analytics (category:tool,tabindex:-1)
2023-05-22 14:16:02,277 [INFO] PluginManage:310 - Check plugin cadmodel
2023-05-22 14:16:02,292 [INFO] CADModel:105 - Init CAD model plugin
2023-05-22 14:16:02,294 [INFO] PluginManage:359 - Loaded plugin cadmodel (category:power,tabindex:5)
2023-05-22 14:16:02,294 [INFO] PluginManage:310 - Check plugin clock
2023-05-22 14:16:02,294 [INFO] PluginManage:359 - Loaded plugin clock (category:base,tabindex:2)
2023-05-22 14:16:02,294 [INFO] PluginManage:310 - Check plugin ddr
2023-05-22 14:16:02,308 [INFO] PluginManage:359 - Loaded plugin ddr (category:tool,tabindex:6)
2023-05-22 14:16:02,308 [INFO] PluginManage:310 - Check plugin filemanager
2023-05-22 14:16:02,418 [INFO] PluginManage:359 - Loaded plugin filemanager (category:base,tabindex:10)
2023-05-22 14:16:02,418 [INFO] PluginManage:310 - Check plugin ipmanager
2023-05-22 14:16:02,434 [INFO] PluginManage:359 - Loaded plugin ipmanager (category:base,tabindex:5)
2023-05-22 14:16:02,434 [INFO] PluginManage:310 - Check plugin lpbam
2023-05-22 14:16:02,434 [INFO] PluginManage:359 - Loaded plugin lpbam (category:base,tabindex:0)
2023-05-22 14:16:02,434 [INFO] PluginManage:310 - Check plugin pinoutandconfiguration
2023-05-22 14:16:02,449 [INFO] PluginManage:359 - Loaded plugin pinoutandconfiguration (category:base,tabindex:1)
2023-05-22 14:16:02,449 [INFO] PluginManage:310 - Check plugin pinoutconfig
2023-05-22 14:16:02,528 [WARN] SupportedApi:132 - Cannot load RTOS API schema: s4s-elt-must-match.1: The content of 'definitions' must match (annotation?, (simpleType | complexType)?, (unique | key | keyref)*)). A problem was found starting at: attribute.
2023-05-22 14:16:02,653 [INFO] PluginManage:359 - Loaded plugin pinoutconfig (category:base,tabindex:0)
2023-05-22 14:16:02,653 [INFO] PluginManage:310 - Check plugin power
2023-05-22 14:16:02,653 [INFO] PluginManage:359 - Loaded plugin power (category:power,tabindex:4)
2023-05-22 14:16:02,653 [INFO] PluginManage:310 - Check plugin projectmanager
2023-05-22 14:16:02,677 [INFO] PluginManage:359 - Loaded plugin projectmanager (category:projectmanager,tabindex:3)
2023-05-22 14:16:02,677 [INFO] PluginManage:310 - Check plugin thirdparty
2023-05-22 14:16:02,781 [INFO] PluginManage:359 - Loaded plugin thirdparty (category:base,tabindex:-1)
2023-05-22 14:16:02,781 [WARN] IntegrityCheckThread:84 - waiting for thirdparty lock release [integrity check]
2023-05-22 14:16:02,781 [INFO] PluginManage:310 - Check plugin tools
2023-05-22 14:16:02,781 [INFO] IntegrityCheckThread:86 - entering critical section [integrity check]
2023-05-22 14:16:02,781 [INFO] ThirdPartyUpdaterWithRetryManager:70 - Updater plugin not ready yet. [1/15]
2023-05-22 14:16:02,781 [INFO] PluginManage:359 - Loaded plugin tools (category:base,tabindex:7)
2023-05-22 14:16:02,781 [INFO] PluginManage:310 - Check plugin tutovideos
2023-05-22 14:16:02,953 [INFO] PluginManage:359 - Loaded plugin tutovideos (category:base,tabindex:-1)
2023-05-22 14:16:02,953 [INFO] PluginManage:310 - Check plugin updater
2023-05-22 14:16:02,985 [INFO] PluginManage:359 - Loaded plugin updater (category:base,tabindex:12)
2023-05-22 14:16:02,985 [INFO] PluginManage:283 - PluginManage : Loaded plugins [15]
2023-05-22 14:16:03,205 [INFO] PinOutPanel:1499 - setPackage(No Configuration,No Configuration)
2023-05-22 14:16:03,252 [INFO] CADModel:165 - CPN selected for project level
2023-05-22 14:16:03,252 [INFO] CADModel:114 - Register for checkConnection events
2023-05-22 14:16:03,268 [INFO] IPUIPlugin:80 - create IPUIPlugin
2023-05-22 14:16:03,268 [INFO] PluginManager:220 - loadIPPluginJar : add adc
2023-05-22 14:16:03,268 [INFO] IPUIPlugin:80 - create IPUIPlugin
2023-05-22 14:16:03,268 [INFO] PluginManager:220 - loadIPPluginJar : add aes
2023-05-22 14:16:03,284 [INFO] IPUIPlugin:80 - create IPUIPlugin
2023-05-22 14:16:03,284 [INFO] PluginManager:220 - loadIPPluginJar : add can
2023-05-22 14:16:03,284 [INFO] IPUIPlugin:80 - create IPUIPlugin
2023-05-22 14:16:03,284 [INFO] PluginManager:220 - loadIPPluginJar : add comp
2023-05-22 14:16:03,284 [INFO] IPUIPlugin:80 - create IPUIPlugin
2023-05-22 14:16:03,284 [INFO] PluginManager:220 - loadIPPluginJar : add cryp
2023-05-22 14:16:03,284 [INFO] IPUIPlugin:80 - create IPUIPlugin
2023-05-22 14:16:03,284 [INFO] PluginManager:220 - loadIPPluginJar : add dfsdm
2023-05-22 14:16:03,284 [INFO] IPUIPlugin:80 - create IPUIPlugin
2023-05-22 14:16:03,284 [INFO] PluginManager:220 - loadIPPluginJar : add dma
2023-05-22 14:16:03,284 [INFO] IPUIPlugin:80 - create IPUIPlugin
2023-05-22 14:16:03,284 [INFO] PluginManager:220 - loadIPPluginJar : add dma3
2023-05-22 14:16:03,284 [INFO] IPUIPlugin:80 - create IPUIPlugin
2023-05-22 14:16:03,284 [INFO] PluginManager:220 - loadIPPluginJar : add fatfs
2023-05-22 14:16:03,299 [INFO] IPUIPlugin:80 - create IPUIPlugin
2023-05-22 14:16:03,299 [INFO] PluginManager:220 - loadIPPluginJar : add fmc
2023-05-22 14:16:03,299 [INFO] IPUIPlugin:80 - create IPUIPlugin
2023-05-22 14:16:03,299 [INFO] PluginManager:220 - loadIPPluginJar : add freertos
2023-05-22 14:16:03,299 [INFO] IPUIPlugin:80 - create IPUIPlugin
2023-05-22 14:16:03,299 [INFO] PluginManager:220 - loadIPPluginJar : add genericplugin
2023-05-22 14:16:03,299 [INFO] IPUIPlugin:80 - create IPUIPlugin
2023-05-22 14:16:03,299 [INFO] PluginManager:220 - loadIPPluginJar : add gfxmmu
2023-05-22 14:16:03,315 [INFO] IPUIPlugin:80 - create IPUIPlugin
2023-05-22 14:16:03,315 [INFO] PluginManager:220 - loadIPPluginJar : add gic
2023-05-22 14:16:03,315 [INFO] IPUIPlugin:80 - create IPUIPlugin
2023-05-22 14:16:03,315 [INFO] PluginManager:220 - loadIPPluginJar : add gpio
2023-05-22 14:16:03,315 [INFO] IPUIPlugin:80 - create IPUIPlugin
2023-05-22 14:16:03,315 [INFO] PluginManager:220 - loadIPPluginJar : add gtzc
2023-05-22 14:16:03,315 [INFO] IPUIPlugin:80 - create IPUIPlugin
2023-05-22 14:16:03,315 [INFO] PluginManager:220 - loadIPPluginJar : add hash
2023-05-22 14:16:03,315 [INFO] IPUIPlugin:80 - create IPUIPlugin
2023-05-22 14:16:03,315 [INFO] PluginManager:220 - loadIPPluginJar : add i2c
2023-05-22 14:16:03,315 [INFO] IPUIPlugin:80 - create IPUIPlugin
2023-05-22 14:16:03,315 [INFO] PluginManager:220 - loadIPPluginJar : add i2s
2023-05-22 14:16:03,330 [INFO] IPUIPlugin:80 - create IPUIPlugin
2023-05-22 14:16:03,330 [INFO] PluginManager:220 - loadIPPluginJar : add i3c
2023-05-22 14:16:03,330 [INFO] IPUIPlugin:80 - create IPUIPlugin
2023-05-22 14:16:03,330 [INFO] PluginManager:220 - loadIPPluginJar : add ipddr
2023-05-22 14:16:03,330 [INFO] IPUIPlugin:80 - create IPUIPlugin
2023-05-22 14:16:03,330 [INFO] PluginManager:220 - loadIPPluginJar : add linkedlist
2023-05-22 14:16:03,330 [INFO] IPUIPlugin:80 - create IPUIPlugin
2023-05-22 14:16:03,330 [INFO] PluginManager:220 - loadIPPluginJar : add lorawan
2023-05-22 14:16:03,346 [INFO] IPUIPlugin:80 - create IPUIPlugin
2023-05-22 14:16:03,346 [INFO] PluginManager:220 - loadIPPluginJar : add ltdc
2023-05-22 14:16:03,346 [INFO] IPUIPlugin:80 - create IPUIPlugin
2023-05-22 14:16:03,346 [INFO] PluginManager:220 - loadIPPluginJar : add mdma
2023-05-22 14:16:03,346 [INFO] IPUIPlugin:80 - create IPUIPlugin
2023-05-22 14:16:03,346 [INFO] PluginManager:220 - loadIPPluginJar : add nvic
2023-05-22 14:16:03,346 [INFO] IPUIPlugin:80 - create IPUIPlugin
2023-05-22 14:16:03,346 [INFO] PluginManager:220 - loadIPPluginJar : add opamp
2023-05-22 14:16:03,346 [INFO] IPUIPlugin:80 - create IPUIPlugin
2023-05-22 14:16:03,346 [INFO] PluginManager:220 - loadIPPluginJar : add openamp
2023-05-22 14:16:03,362 [INFO] IPUIPlugin:80 - create IPUIPlugin
2023-05-22 14:16:03,362 [INFO] PluginManager:220 - loadIPPluginJar : add pdm2pcm
2023-05-22 14:16:03,362 [INFO] IPUIPlugin:80 - create IPUIPlugin
2023-05-22 14:16:03,362 [INFO] PluginManager:220 - loadIPPluginJar : add plateformsettings
2023-05-22 14:16:03,362 [INFO] IPUIPlugin:80 - create IPUIPlugin
2023-05-22 14:16:03,362 [INFO] PluginManager:220 - loadIPPluginJar : add quadspi
2023-05-22 14:16:03,362 [INFO] IPUIPlugin:80 - create IPUIPlugin
2023-05-22 14:16:03,362 [INFO] PluginManager:220 - loadIPPluginJar : add resmgrutility
2023-05-22 14:16:03,378 [INFO] IPUIPlugin:80 - create IPUIPlugin
2023-05-22 14:16:03,378 [INFO] PluginManager:220 - loadIPPluginJar : add sai
2023-05-22 14:16:03,379 [INFO] IPUIPlugin:80 - create IPUIPlugin
2023-05-22 14:16:03,379 [INFO] PluginManager:220 - loadIPPluginJar : add spi
2023-05-22 14:16:03,379 [INFO] IPUIPlugin:80 - create IPUIPlugin
2023-05-22 14:16:03,379 [INFO] PluginManager:220 - loadIPPluginJar : add stm32_wpan
2023-05-22 14:16:03,379 [INFO] IPUIPlugin:80 - create IPUIPlugin
2023-05-22 14:16:03,379 [INFO] PluginManager:220 - loadIPPluginJar : add tim
2023-05-22 14:16:03,379 [INFO] IPUIPlugin:80 - create IPUIPlugin
2023-05-22 14:16:03,379 [INFO] PluginManager:220 - loadIPPluginJar : add touchsensing
2023-05-22 14:16:03,379 [INFO] IPUIPlugin:80 - create IPUIPlugin
2023-05-22 14:16:03,379 [INFO] PluginManager:220 - loadIPPluginJar : add tracer_emb
2023-05-22 14:16:03,379 [INFO] IPUIPlugin:80 - create IPUIPlugin
2023-05-22 14:16:03,379 [INFO] PluginManager:220 - loadIPPluginJar : add ts
2023-05-22 14:16:03,379 [INFO] IPUIPlugin:80 - create IPUIPlugin
2023-05-22 14:16:03,379 [INFO] PluginManager:220 - loadIPPluginJar : add tsc
2023-05-22 14:16:03,393 [INFO] IPUIPlugin:80 - create IPUIPlugin
2023-05-22 14:16:03,393 [INFO] PluginManager:220 - loadIPPluginJar : add ucpd
2023-05-22 14:16:03,393 [INFO] IPUIPlugin:80 - create IPUIPlugin
2023-05-22 14:16:03,393 [INFO] PluginManager:220 - loadIPPluginJar : add usart
2023-05-22 14:16:03,393 [INFO] IPUIPlugin:80 - create IPUIPlugin
2023-05-22 14:16:03,393 [INFO] PluginManager:220 - loadIPPluginJar : add usbx
2023-05-22 14:16:03,525 [INFO] CADModel:165 - CPN selected for project level
2023-05-22 14:16:03,525 [INFO] CADModel:114 - Register for checkConnection events
2023-05-22 14:16:03,527 [FATAL] Updater:308 - Updater called before beeing initialized
2023-05-22 14:16:03,527 [ERROR] CADModel:125 - Updater not yet initialized, retry later 
2023-05-22 14:16:03,664 [INFO] CADModel:165 - CPN selected for project level
2023-05-22 14:16:03,664 [INFO] CADModel:114 - Register for checkConnection events
2023-05-22 14:16:03,664 [FATAL] Updater:308 - Updater called before beeing initialized
2023-05-22 14:16:03,664 [ERROR] CADModel:125 - Updater not yet initialized, retry later 
2023-05-22 14:16:03,666 [FATAL] Updater:308 - Updater called before beeing initialized
2023-05-22 14:16:03,755 [FATAL] Updater:308 - Updater called before beeing initialized
2023-05-22 14:16:03,763 [INFO] DbMcusAds:53 - JSON generation date=Tue Mar 07 15:50:54 ICT 2023 (1678179054945)
2023-05-22 14:16:03,763 [FATAL] Updater:308 - Updater called before beeing initialized
2023-05-22 14:16:03,808 [WARN] DetailPanel:346 - Failed to get advertising image, set to default
2023-05-22 14:16:03,904 [FATAL] Updater:308 - Updater called before beeing initialized
2023-05-22 14:16:03,904 [FATAL] Updater:308 - Updater called before beeing initialized
2023-05-22 14:16:03,904 [FATAL] Updater:308 - Updater called before beeing initialized
2023-05-22 14:16:03,904 [WARN] DetailPanel:346 - Failed to get advertising image, set to default
2023-05-22 14:16:03,904 [FATAL] Updater:308 - Updater called before beeing initialized
2023-05-22 14:16:03,949 [ERROR] Updater:1120 - MainUpdater not yet initialized. External WinMGr cannot be set.
2023-05-22 14:16:03,949 [INFO] Updater:1056 - Updater Version found : 6.8.0
2023-05-22 14:16:03,965 [INFO] ApplicationProperties:184 - Using Application install path: D:\Program Files\STM32CubeIDE_1.11.0\STM32CubeIDE\plugins\com.st.stm32cube.common.mx_6.8.0.202302231600
2023-05-22 14:16:04,062 [INFO] MainUpdater:2854 - connection check result : 10
2023-05-22 14:16:04,062 [INFO] MainUpdater:3548 - Updater definition file requires update
2023-05-22 14:16:04,062 [INFO] MainUpdater:283 - Updater Check For Update Now.
2023-05-22 14:16:04,062 [INFO] MicroXplorer:498 - Change Database Version : DB.6.0.80
2023-05-22 14:16:04,093 [INFO] ServerAccessManage:473 - Download File updaters.zip
2023-05-22 14:16:04,124 [INFO] FileExtend:240 - Unzip File : updaters.zip
2023-05-22 14:16:04,124 [INFO] FileExtend:255 - Standard Zip Deflate
2023-05-22 14:16:04,387 [INFO] ServerAccessManage:473 - Download File PacksControlFlags.xml
2023-05-22 14:16:04,423 [INFO] ServerAccessManage:473 - Download File cubemx.pidx
2023-05-22 14:16:04,508 [INFO] LoadServerUpdatesThread:373 - End of LoadServerUpdate Thread
2023-05-22 14:16:04,660 [INFO] CheckServerUpdateThread:120 - End of CheckServer Thread
2023-05-22 14:16:04,692 [INFO] MainUpdater:2854 - connection check result : 10
2023-05-22 14:16:04,692 [INFO] MainUpdater:2854 - connection check result : 10
2023-05-22 14:16:04,744 [INFO] MicroXplorer:468 - Change Database Path : 
2023-05-22 14:16:04,744 [INFO] MicroXplorer:498 - Change Database Version : DB.6.0.80
2023-05-22 14:16:04,744 [WARN] ThirdParty:871 - waiting for thirdparty lock release [close project]
2023-05-22 14:16:05,927 [WARN] PackLoader:240 - Cannot read IP mode file for STMicroelectronics.X-CUBE-GNSS1.6.0.0
2023-05-22 14:16:05,941 [WARN] PackLoader:240 - Cannot read IP mode file for STMicroelectronics.X-CUBE-AZRTOS-F4.1.1.0
2023-05-22 14:16:05,956 [WARN] PackLoader:240 - Cannot read IP mode file for STMicroelectronics.X-CUBE-SMBUS.2.1.0
2023-05-22 14:16:05,972 [WARN] PackLoader:240 - Cannot read IP mode file for STMicroelectronics.X-CUBE-AZRTOS-F7.1.1.0
2023-05-22 14:16:06,008 [WARN] PackLoader:240 - Cannot read IP mode file for STMicroelectronics.X-CUBE-MEMS1.9.6.0
2023-05-22 14:16:06,119 [ERROR] RealEvaluatedCondition:428 - Found unsupported composite condition: CLASS='Data Exchange' GROUP='STM32_MetaDataManager'
2023-05-22 14:16:06,119 [ERROR] RealEvaluatedCondition:428 - Found unsupported composite condition: CLASS='Data Exchange' GROUP='STM32_MetaDataManager'
2023-05-22 14:16:06,119 [WARN] PackLoader:240 - Cannot read IP mode file for STMicroelectronics.FP-SNS-MOTENV1.4.3.0
2023-05-22 14:16:06,128 [WARN] PackLoader:240 - Cannot read IP mode file for STMicroelectronics.FP-SNS-FLIGHT1.5.0.0
2023-05-22 14:16:06,133 [WARN] PackLoader:240 - Cannot read IP mode file for STMicroelectronics.X-CUBE-BLE1.6.2.4
2023-05-22 14:16:06,138 [WARN] PackLoader:240 - Cannot read IP mode file for emotas.I-CUBE-CANOPEN.1.1.3
2023-05-22 14:16:06,149 [WARN] PackLoader:240 - Cannot read IP mode file for STMicroelectronics.X-CUBE-BLEMGR.2.0.0
2023-05-22 14:16:06,176 [WARN] PackLoader:240 - Cannot read IP mode file for STMicroelectronics.X-CUBE-NFC4.2.0.5
2023-05-22 14:16:06,192 [WARN] ConditionMgr:438 - getConditionDescription Invalid condition id : UX DEVICE CLASS RTOS Condition cause : null
2023-05-22 14:16:06,192 [WARN] ConditionMgr:438 - getConditionDescription Invalid condition id : UX DEVICE CLASS RTOS Condition cause : null
2023-05-22 14:16:06,192 [WARN] PackLoader:240 - Cannot read IP mode file for STMicroelectronics.X-CUBE-AZRTOS-H7.3.1.0
2023-05-22 14:16:06,192 [WARN] ConditionMgr:1039 - genDependencies : Invalid condition id : UX DEVICE CLASS RTOS Condition cause : null
2023-05-22 14:16:06,192 [WARN] ConditionMgr:1039 - genDependencies : Invalid condition id : UX DEVICE CLASS RTOS Condition cause : null
2023-05-22 14:16:06,201 [WARN] ConditionMgr:1039 - genDependencies : Invalid condition id : UX DEVICE CLASS RTOS Condition cause : null
2023-05-22 14:16:06,201 [WARN] ConditionMgr:1039 - genDependencies : Invalid condition id : UX DEVICE CLASS RTOS Condition cause : null
2023-05-22 14:16:06,201 [WARN] ConditionMgr:1039 - genDependencies : Invalid condition id : UX DEVICE CLASS RTOS Condition cause : null
2023-05-22 14:16:06,207 [WARN] PackLoader:240 - Cannot read IP mode file for STMicroelectronics.X-CUBE-DISPLAY.3.0.0
2023-05-22 14:16:06,207 [WARN] PackLoader:240 - Cannot read IP mode file for wolfSSL.I-CUBE-wolfSSL.5.5.4
2023-05-22 14:16:06,217 [WARN] PackLoader:240 - Cannot read IP mode file for STMicroelectronics.X-CUBE-NFC7.1.0.0
2023-05-22 14:16:06,223 [WARN] PackLoader:240 - Cannot read IP mode file for STMicroelectronics.X-CUBE-EEPRMA1.4.1.0
2023-05-22 14:16:06,231 [WARN] PackLoader:240 - Cannot read IP mode file for WES.I-CUBE-Cesium.1.3.0
2023-05-22 14:16:06,239 [WARN] PackLoader:240 - Cannot read IP mode file for STMicroelectronics.X-CUBE-SFXS2LP1.4.0.0
2023-05-22 14:16:06,249 [WARN] PackLoader:240 - Cannot read IP mode file for STMicroelectronics.X-CUBE-BLE2.3.3.0
2023-05-22 14:16:06,255 [WARN] PackLoader:240 - Cannot read IP mode file for STMicroelectronics.X-CUBE-DISPLAY.2.2.0
2023-05-22 14:16:06,255 [WARN] PackLoader:240 - Cannot read IP mode file for STMicroelectronics.X-CUBE-TOF1.3.2.0
2023-05-22 14:16:06,287 [WARN] PackLoader:240 - Cannot read IP mode file for STMicroelectronics.X-CUBE-AZRTOS-H7.3.0.0
2023-05-22 14:16:06,291 [WARN] PackLoader:240 - Cannot read IP mode file for STMicroelectronics.X-CUBE-ISPU.1.1.0
2023-05-22 14:16:06,291 [WARN] PackLoader:240 - Cannot read IP mode file for RoweBots.I-CUBE-UNISONRTOS.5.5.0-4
2023-05-22 14:16:06,303 [WARN] PackLoader:240 - Cannot read IP mode file for STMicroelectronics.X-CUBE-AI.8.0.0
2023-05-22 14:16:06,311 [WARN] PackLoader:240 - Cannot read IP mode file for STMicroelectronics.X-CUBE-FREERTOS.1.0.0
2023-05-22 14:16:06,312 [WARN] PackLoader:240 - Cannot read IP mode file for STMicroelectronics.X-CUBE-FREERTOS.1.0.1
2023-05-22 14:16:06,320 [WARN] PackLoader:240 - Cannot read IP mode file for STMicroelectronics.X-CUBE-TOUCHGFX.4.21.1
2023-05-22 14:16:06,320 [WARN] PackLoader:240 - Cannot read IP mode file for STMicroelectronics.X-CUBE-TOUCHGFX.4.21.0
2023-05-22 14:16:06,320 [WARN] PackLoader:240 - Cannot read IP mode file for STMicroelectronics.X-CUBE-TOUCHGFX.4.21.3
2023-05-22 14:16:06,320 [WARN] PackLoader:240 - Cannot read IP mode file for STMicroelectronics.X-CUBE-TOUCHGFX.4.21.4
2023-05-22 14:16:06,350 [WARN] PackLoader:240 - Cannot read IP mode file for STMicroelectronics.X-CUBE-MEMS1.9.4.0
2023-05-22 14:16:06,446 [WARN] PackLoader:240 - Cannot read IP mode file for STMicroelectronics.X-CUBE-AI.7.3.0
2023-05-22 14:16:06,456 [WARN] PackLoader:240 - Cannot read IP mode file for STMicroelectronics.X-CUBE-ALGOBUILD.1.3.0
2023-05-22 14:16:06,462 [WARN] PackLoader:240 - Cannot read IP mode file for STMicroelectronics.X-CUBE-AZRTOS-L5.1.1.0
2023-05-22 14:16:06,500 [WARN] PackLoader:240 - Cannot read IP mode file for STMicroelectronics.X-CUBE-AZRTOS-G0.1.1.0
2023-05-22 14:16:06,500 [WARN] PackLoader:240 - Cannot read IP mode file for STMicroelectronics.X-CUBE-AI.8.0.1
2023-05-22 14:16:06,513 [WARN] PackLoader:240 - Cannot read IP mode file for STMicroelectronics.X-CUBE-SUBG2.5.0.0
2023-05-22 14:16:06,526 [WARN] PackLoader:240 - Cannot read IP mode file for STMicroelectronics.X-CUBE-NFC4.3.0.0
2023-05-22 14:16:06,542 [WARN] PackLoader:240 - Cannot read IP mode file for STMicroelectronics.X-CUBE-AZRTOS-G4.2.0.0
2023-05-22 14:16:06,551 [WARN] PackLoader:240 - Cannot read IP mode file for STMicroelectronics.X-CUBE-TOF1.3.3.0
2023-05-22 14:16:06,557 [WARN] PackLoader:240 - Cannot read IP mode file for STMicroelectronics.FP-ATR-ASTRA1.1.1.1
2023-05-22 14:16:06,573 [WARN] PackLoader:240 - Cannot read IP mode file for STMicroelectronics.X-CUBE-BLEMGR.1.3.0
2023-05-22 14:16:06,581 [WARN] PackLoader:240 - Cannot read IP mode file for STMicroelectronics.X-CUBE-AZRTOS-G4.1.0.0
2023-05-22 14:16:06,589 [WARN] PackLoader:240 - Cannot read IP mode file for STMicroelectronics.FP-ATR-SIGFOX1.3.2.0
2023-05-22 14:16:06,605 [WARN] PackLoader:240 - Cannot read IP mode file for STMicroelectronics.X-CUBE-AZRTOS-L4.1.0.0
2023-05-22 14:16:06,621 [WARN] PackLoader:240 - Cannot read IP mode file for STMicroelectronics.X-CUBE-AZRTOS-WL.1.0.0
2023-05-22 14:16:06,627 [WARN] PackLoader:240 - Cannot read IP mode file for portGmbH.I-Cube-SoM-uGOAL.1.1.0
2023-05-22 14:16:06,629 [WARN] PackLoader:240 - Cannot read IP mode file for STMicroelectronics.X-CUBE-ALS.1.0.1
2023-05-22 14:16:06,664 [WARN] PackLoader:240 - Cannot read IP mode file for STMicroelectronics.X-CUBE-MEMS1.9.5.0
2023-05-22 14:16:06,764 [WARN] PackLoader:240 - Cannot read IP mode file for STMicroelectronics.X-CUBE-AZRTOS-WB.1.1.0
2023-05-22 14:16:06,823 [WARN] PackLoader:240 - Cannot read IP mode file for SEGGER.I-CUBE-embOS.1.3.1
2023-05-22 14:16:06,870 [WARN] PackLoader:240 - Cannot read IP mode file for SEGGER.I-CUBE-embOS.1.3.0
2023-05-22 14:16:06,891 [WARN] PackLoader:240 - Cannot read IP mode file for STMicroelectronics.FP-ATR-ASTRA1.2.0.0
2023-05-22 14:16:06,891 [INFO] ThirdParty:978 - Integrity check success = true
2023-05-22 14:16:06,891 [INFO] IntegrityCheckThread:100 - exiting critical section [integrity check]
2023-05-22 14:16:06,891 [INFO] IntegrityCheckThread:103 - End integrity checks thread
2023-05-22 14:16:06,891 [INFO] ThirdParty:873 - entering critical section [close project]
2023-05-22 14:16:06,903 [INFO] ThirdParty:883 - exiting critical section [close project]
2023-05-22 14:16:06,907 [INFO] PinOutPanel:1499 - setPackage(No Configuration,No Configuration)
2023-05-22 14:16:06,915 [INFO] UtilMem:75 - Begin LoadConfig() Used Memory: 158204688 Bytes (268435456)
2023-05-22 14:16:06,915 [INFO] MicroXplorer:468 - Change Database Path : 
2023-05-22 14:16:06,915 [INFO] MicroXplorer:498 - Change Database Version : DB.6.0.80
2023-05-22 14:16:06,915 [INFO] OpenFileManager:308 - Change cursor
2023-05-22 14:16:06,957 [INFO] Mcu:1937 - Initializing MCU STM32F411R(C-E)Tx STM32F411RETx STM32F411RET6
2023-05-22 14:16:07,024 [ERROR] LogOutputStream:75 - [STDERR_REDIRECT] SLF4J: Failed to load class "org.slf4j.impl.StaticLoggerBinder".
2023-05-22 14:16:07,028 [ERROR] LogOutputStream:75 - [STDERR_REDIRECT] SLF4J: Defaulting to no-operation (NOP) logger implementation
2023-05-22 14:16:07,028 [ERROR] LogOutputStream:75 - [STDERR_REDIRECT] SLF4J: See http://www.slf4j.org/codes.html#StaticLoggerBinder for further details.
2023-05-22 14:16:07,855 [INFO] Context:659 - Trying to add GPIOservice into a context  which must be forbidden
2023-05-22 14:16:08,273 [INFO] RtosManager:555 - Registered RTOS mode: class=CMSIS, group=RTOS, mode=CMSIS_V1, owner=FREERTOS
2023-05-22 14:16:08,274 [INFO] RtosManager:555 - Registered RTOS mode: class=CMSIS, group=RTOS2, mode=CMSIS_V2, owner=FREERTOS
2023-05-22 14:16:08,274 [INFO] RtosManager:555 - Registered RTOS mode: class=RTOS, group=Core, mode=CMSIS_V1, owner=FREERTOS
2023-05-22 14:16:08,274 [INFO] RtosManager:555 - Registered RTOS mode: class=RTOS, group=Core, mode=CMSIS_V2, owner=FREERTOS
2023-05-22 14:16:08,274 [WARN] ModelIntegratedComponent:184 - Missing modes for component STMicroelectronics:FreeRTOS:0.0.1:STMicroelectronics:RTOS:FreeRTOS:Core:::10.2.0:
2023-05-22 14:16:08,276 [WARN] ModelIntegratedComponent:182 - Modes not found for component STMicroelectronics:USB_HOST:1.0.0:STMicroelectronics:USB::USB Host:Audio HS::1.0:USB_HOST_1_0_RESTRICTED_HS
2023-05-22 14:16:08,276 [WARN] ModelIntegratedComponent:188 - Modes not found for component STMicroelectronics:USB_HOST:1.0.0:STMicroelectronics:USB::USB Host:Audio HS::1.0:USB_HOST_1_0_RESTRICTED_HS
2023-05-22 14:16:08,276 [WARN] ModelIntegratedComponent:182 - Modes not found for component STMicroelectronics:USB_HOST:1.0.0:STMicroelectronics:USB::USB Host:CDC HS::1.0:USB_HOST_1_0_RESTRICTED_HS
2023-05-22 14:16:08,276 [WARN] ModelIntegratedComponent:188 - Modes not found for component STMicroelectronics:USB_HOST:1.0.0:STMicroelectronics:USB::USB Host:CDC HS::1.0:USB_HOST_1_0_RESTRICTED_HS
2023-05-22 14:16:08,276 [WARN] ModelIntegratedComponent:182 - Modes not found for component STMicroelectronics:USB_HOST:1.0.0:STMicroelectronics:USB::USB Host:MSC HS::1.0:USB_HOST_1_0_RESTRICTED_HS
2023-05-22 14:16:08,276 [WARN] ModelIntegratedComponent:188 - Modes not found for component STMicroelectronics:USB_HOST:1.0.0:STMicroelectronics:USB::USB Host:MSC HS::1.0:USB_HOST_1_0_RESTRICTED_HS
2023-05-22 14:16:08,276 [WARN] ModelIntegratedComponent:182 - Modes not found for component STMicroelectronics:USB_HOST:1.0.0:STMicroelectronics:USB::USB Host:HID HS::1.0:USB_HOST_1_0_RESTRICTED_HS
2023-05-22 14:16:08,276 [WARN] ModelIntegratedComponent:188 - Modes not found for component STMicroelectronics:USB_HOST:1.0.0:STMicroelectronics:USB::USB Host:HID HS::1.0:USB_HOST_1_0_RESTRICTED_HS
2023-05-22 14:16:08,276 [WARN] ModelIntegratedComponent:182 - Modes not found for component STMicroelectronics:USB_HOST:1.0.0:STMicroelectronics:USB::USB Host:MTP HS::1.0:USB_HOST_1_0_RESTRICTED_HS
2023-05-22 14:16:08,276 [WARN] ModelIntegratedComponent:188 - Modes not found for component STMicroelectronics:USB_HOST:1.0.0:STMicroelectronics:USB::USB Host:MTP HS::1.0:USB_HOST_1_0_RESTRICTED_HS
2023-05-22 14:16:08,285 [WARN] ModelIntegratedComponent:63 - No mode defined for component null
2023-05-22 14:16:08,285 [WARN] ModelIntegratedComponent:63 - No mode defined for component null
2023-05-22 14:16:08,285 [WARN] ModelIntegratedComponent:63 - No mode defined for component null
2023-05-22 14:16:08,285 [WARN] ModelIntegratedComponent:63 - No mode defined for component null
2023-05-22 14:16:08,285 [WARN] ModelIntegratedComponent:63 - No mode defined for component null
2023-05-22 14:16:08,285 [WARN] ModelIntegratedComponent:63 - No mode defined for component null
2023-05-22 14:16:08,285 [WARN] ModelIntegratedComponent:63 - No mode defined for component null
2023-05-22 14:16:08,285 [WARN] ModelIntegratedComponent:63 - No mode defined for component null
2023-05-22 14:16:08,287 [WARN] ModelIntegratedComponent:63 - No mode defined for component null
2023-05-22 14:16:08,287 [WARN] ModelIntegratedComponent:63 - No mode defined for component null
2023-05-22 14:16:08,287 [WARN] ModelIntegratedComponent:63 - No mode defined for component null
2023-05-22 14:16:08,287 [WARN] ModelIntegratedComponent:63 - No mode defined for component null
2023-05-22 14:16:08,287 [WARN] ModelIntegratedComponent:63 - No mode defined for component null
2023-05-22 14:16:08,287 [WARN] ModelIntegratedComponent:63 - No mode defined for component null
2023-05-22 14:16:08,287 [WARN] ModelIntegratedComponent:63 - No mode defined for component null
2023-05-22 14:16:08,287 [WARN] ModelIntegratedComponent:63 - No mode defined for component null
2023-05-22 14:16:08,287 [WARN] ModelIntegratedComponent:63 - No mode defined for component null
2023-05-22 14:16:08,287 [WARN] ModelIntegratedComponent:63 - No mode defined for component null
2023-05-22 14:16:08,287 [WARN] ModelIntegratedComponent:63 - No mode defined for component null
2023-05-22 14:16:08,287 [WARN] ModelIntegratedComponent:63 - No mode defined for component null
2023-05-22 14:16:08,287 [WARN] ModelIntegratedComponent:63 - No mode defined for component null
2023-05-22 14:16:08,287 [WARN] ModelIntegratedComponent:63 - No mode defined for component null
2023-05-22 14:16:08,287 [WARN] ModelIntegratedComponent:63 - No mode defined for component null
2023-05-22 14:16:08,287 [WARN] ModelIntegratedComponent:63 - No mode defined for component null
2023-05-22 14:16:08,287 [WARN] ModelIntegratedComponent:63 - No mode defined for component null
2023-05-22 14:16:08,287 [WARN] ModelIntegratedComponent:63 - No mode defined for component null
2023-05-22 14:16:08,287 [WARN] ModelIntegratedComponent:63 - No mode defined for component null
2023-05-22 14:16:08,287 [WARN] ModelIntegratedComponent:63 - No mode defined for component null
2023-05-22 14:16:08,287 [WARN] ModelIntegratedComponent:63 - No mode defined for component null
2023-05-22 14:16:08,287 [WARN] ModelIntegratedComponent:63 - No mode defined for component null
2023-05-22 14:16:08,287 [WARN] ModelIntegratedComponent:63 - No mode defined for component null
2023-05-22 14:16:08,287 [WARN] ModelIntegratedComponent:63 - No mode defined for component null
2023-05-22 14:16:08,287 [WARN] ModelIntegratedComponent:63 - No mode defined for component null
2023-05-22 14:16:08,330 [WARN] ModelIntegratedComponent:182 - Modes not found for component STMicroelectronics:USB_DEVICE:1.0.0:STMicroelectronics:USB::USB Device:Audio HS::1.0:USB_DEVICE_1_0_RESTRICTED_HS
2023-05-22 14:16:08,332 [WARN] ModelIntegratedComponent:188 - Modes not found for component STMicroelectronics:USB_DEVICE:1.0.0:STMicroelectronics:USB::USB Device:Audio HS::1.0:USB_DEVICE_1_0_RESTRICTED_HS
2023-05-22 14:16:08,332 [WARN] ModelIntegratedComponent:182 - Modes not found for component STMicroelectronics:USB_DEVICE:1.0.0:STMicroelectronics:USB::USB Device:CDC HS::1.0:USB_DEVICE_1_0_RESTRICTED_HS
2023-05-22 14:16:08,332 [WARN] ModelIntegratedComponent:188 - Modes not found for component STMicroelectronics:USB_DEVICE:1.0.0:STMicroelectronics:USB::USB Device:CDC HS::1.0:USB_DEVICE_1_0_RESTRICTED_HS
2023-05-22 14:16:08,332 [WARN] ModelIntegratedComponent:182 - Modes not found for component STMicroelectronics:USB_DEVICE:1.0.0:STMicroelectronics:USB::USB Device:DFU HS::1.0:USB_DEVICE_1_0_RESTRICTED_HS
2023-05-22 14:16:08,332 [WARN] ModelIntegratedComponent:188 - Modes not found for component STMicroelectronics:USB_DEVICE:1.0.0:STMicroelectronics:USB::USB Device:DFU HS::1.0:USB_DEVICE_1_0_RESTRICTED_HS
2023-05-22 14:16:08,332 [WARN] ModelIntegratedComponent:182 - Modes not found for component STMicroelectronics:USB_DEVICE:1.0.0:STMicroelectronics:USB::USB Device:HID HS::1.0:USB_DEVICE_1_0_RESTRICTED_HS
2023-05-22 14:16:08,332 [WARN] ModelIntegratedComponent:188 - Modes not found for component STMicroelectronics:USB_DEVICE:1.0.0:STMicroelectronics:USB::USB Device:HID HS::1.0:USB_DEVICE_1_0_RESTRICTED_HS
2023-05-22 14:16:08,332 [WARN] ModelIntegratedComponent:182 - Modes not found for component STMicroelectronics:USB_DEVICE:1.0.0:STMicroelectronics:USB::USB Device:Custom HID HS::1.0:USB_DEVICE_1_0_RESTRICTED_HS
2023-05-22 14:16:08,332 [WARN] ModelIntegratedComponent:188 - Modes not found for component STMicroelectronics:USB_DEVICE:1.0.0:STMicroelectronics:USB::USB Device:Custom HID HS::1.0:USB_DEVICE_1_0_RESTRICTED_HS
2023-05-22 14:16:08,332 [WARN] ModelIntegratedComponent:182 - Modes not found for component STMicroelectronics:USB_DEVICE:1.0.0:STMicroelectronics:USB::USB Device:MSC HS::1.0:USB_DEVICE_1_0_RESTRICTED_HS
2023-05-22 14:16:08,332 [WARN] ModelIntegratedComponent:188 - Modes not found for component STMicroelectronics:USB_DEVICE:1.0.0:STMicroelectronics:USB::USB Device:MSC HS::1.0:USB_DEVICE_1_0_RESTRICTED_HS
2023-05-22 14:16:08,361 [INFO] ThirdPartyModel:298 - Start build external matchings
2023-05-22 14:16:08,755 [INFO] ThirdPartyModel:316 - End build external matchings
2023-05-22 14:16:08,776 [WARN] IP:2113 - I2C_Coeff_DF not found: check if there is a RefParameter without a condition.
2023-05-22 14:16:08,779 [WARN] IP:2113 - Analog_Filter not found: check if there is a RefParameter without a condition.
2023-05-22 14:16:08,779 [INFO] ImportTextPane:194 - (OptionalMessage_ERROR) IP (RCC) : Parameter (48MHZClocksFreq_Value) has invalid value (50000000)
2023-05-22 14:16:08,779 [INFO] ImportTextPane:194 - (OptionalMessage_ERROR) IP (RCC) : Parameter (FLatency) has Id (AdvancedSettings) currently not set
2023-05-22 14:16:08,779 [INFO] ImportTextPane:194 - (OptionalMessage_ERROR) IP (RCC) : Parameter (RTCHSEDivFreq_Value) has invalid value (4000000)
2023-05-22 14:16:08,982 [INFO] UtilMem:75 - End LoadConfig() Used Memory: 180469944 Bytes (268435456)
2023-05-22 14:16:09,173 [INFO] ApiDb:581 - Connected to CubeFinder SQLite database (C:\Users\bossy\.stmcufinder\plugins\mcufinder\mcu\cube-finder-db.db)
2023-05-22 14:16:09,245 [INFO] ApiDb:668 - CubeFinder database Data Model version=2.1
2023-05-22 14:16:09,245 [INFO] ApiDb:669 - CubeFinder database Configuration version=3.0.35
2023-05-22 14:16:09,246 [INFO] ApiDb:670 - CubeFinder database generation date=2023-05-12 (1683877179)
2023-05-22 14:16:09,246 [INFO] ApiDb:671 - CubeFinder database FW Pack versions=[FP-ATR-ASTRA1_V2.0.0, FP-SNS-FLIGHT1_V5.0.0, FP-SNS-MOTENV1_V4.3.0, STM32Cube_FW_C0_V1.0.1, STM32Cube_FW_F0_V1.11.4, STM32Cube_FW_F3_V1.11.4, STM32Cube_FW_F4_V1.27.1, STM32Cube_FW_F7_V1.17.0, STM32Cube_FW_G0_V1.6.1, STM32Cube_FW_G4_V1.5.1, STM32Cube_FW_H5_V0.5.1, STM32Cube_FW_H5_V1.0.0, STM32Cube_FW_H7_V1.11.0, STM32Cube_FW_L0_V1.12.2, STM32Cube_FW_L5_V1.5.0, STM32Cube_FW_U5_V1.2.0, STM32Cube_FW_WBA_V1.0.0, STM32Cube_FW_WBA_V1.0.0RC1, STM32Cube_FW_WBA_V1.0.0RC3, STM32Cube_FW_WB_V1.15.0RC1, STM32Cube_FW_WB_V1.16.0, STM32Cube_FW_WB_V1.16.0RC2, STM32Cube_FW_WL_V1.3.0, X-CUBE-ALGOBUILD_V1.3.0, X-CUBE-ALS_V1.0.1, X-CUBE-AZRTOS-F4_V1.1.0, X-CUBE-AZRTOS-F7_V1.1.0, X-CUBE-AZRTOS-G0_V1.1.0, X-CUBE-AZRTOS-G4_V2.0.0, X-CUBE-AZRTOS-H7_V3.1.0, X-CUBE-AZRTOS-L4_V1.0.0, X-CUBE-AZRTOS-L5_V1.1.0, X-CUBE-AZRTOS-WB_V1.1.0, X-CUBE-AZRTOS-WL_V1.0.0, X-CUBE-BLE1_V6.2.4, X-CUBE-BLE2_V3.3.0, X-CUBE-BLEMGR_V2.0.0, X-CUBE-EEPRMA1_V4.1.0, X-CUBE-FREERTOS_V1.0.1, X-CUBE-GNSS1_V6.0.0, X-CUBE-MEMS1_V9.1.0, X-CUBE-MEMS1_V9.4.0, X-CUBE-MEMS1_V9.6.0, X-CUBE-NFC4_V3.0.0, X-CUBE-NFC7_V1.0.0, X-CUBE-SFXS2LP1_V4.0.0, X-CUBE-SUBG2_V5.0.0]
2023-05-22 14:16:11,152 [INFO] ApiDb:240 - Found 297 in-development CPN: [B-G473E-ZEST1S, B-WB1M-WPAN1, B-WL5M-SUBG1, NUCLEO-C031C6, NUCLEO-H503RB, NUCLEO-H563ZI, NUCLEO-U545RE-Q, NUCLEO-U5A5ZJ-Q, NUCLEO-WBA52CG, STEVAL-PROTEUS1, STEVAL-STWINBX1, STM320518-EVAL, STM32C0116-DK, STM32C011D6Y3TR, STM32C011D6Y6TR, STM32C011F4P3, STM32C011F4P6, STM32C011F4U3, STM32C011F4U6TR, STM32C011F6P3, STM32C011F6P6, STM32C011F6U3, STM32C011F6U6TR, STM32C011J4M3, STM32C011J4M6, STM32C011J6M3, STM32C011J6M6, STM32C0316-DK, STM32C031C4T3, STM32C031C4T6, STM32C031C4U3, STM32C031C4U6, STM32C031C6T3, STM32C031C6T6, STM32C031C6U3, STM32C031C6U6, STM32C031F4P3, STM32C031F4P6, STM32C031F6P3, STM32C031F6P6, STM32C031G4U3, STM32C031G4U6, STM32C031G6U3, STM32C031G6U6, STM32C031K4T3, STM32C031K4T6, STM32C031K4U3, STM32C031K4U6, STM32C031K6T3, STM32C031K6T6, STM32C031K6U3, STM32C031K6U6, STM32G071K8TXN, STM32G071K8UXN, STM32G081GBU6N, STM32G081KBT6N, STM32G081KBUXN, STM32G0B1CCT6N, STM32G0B1KCT6, STM32G0B1NEY6TR, STM32G0B1RCT6N, STM32G0C1CCT6, STM32G0C1CCT6N, STM32G0C1CCU6N, STM32G0C1CET6N, STM32G0C1CEU6N, STM32G0C1KCT6, STM32G0C1NEY6TR, STM32G0C1RCI6N, STM32G0C1RCT6N, STM32G0C1REI6N, STM32G0C1RET6N, STM32G0C1VCI6, STM32G0C1VEI6, STM32G471CCT6, STM32G471CCU6, STM32G471CET3, STM32G471CET6, STM32G471CEU3, STM32G471CEU6, STM32G471MCT6, STM32G471MET3, STM32G471MET6, STM32G471MEY6TR, STM32G471QCT6, STM32G471QET3, STM32G471RCT6, STM32G471RET3, STM32G471RET6, STM32G471VCH6, STM32G471VCI6, STM32G471VCT6, STM32G471VEH3, STM32G471VEH6, STM32G471VEI3, STM32G471VEI6, STM32G471VET3, STM32G471VET6, STM32G474CCT6, STM32H503CBT6, STM32H503CBU6, STM32H503EBY6TR, STM32H503KBU6, STM32H503RBT6, STM32H562AGI6, STM32H562AII6, STM32H562IGK6, STM32H562IGT6, STM32H562IIK6, STM32H562IIT6, STM32H562RGT6, STM32H562RGV6, STM32H562RIT6, STM32H562RIV6, STM32H562VGT6, STM32H562VIT6, STM32H562ZGT6, STM32H562ZIT6, STM32H563AGI6, STM32H563AII3Q, STM32H563AII6, STM32H563IGK6, STM32H563IGT6, STM32H563IIK3Q, STM32H563IIK6, STM32H563IIT3Q, STM32H563IIT6, STM32H563MIY3QTR, STM32H563RGT6, STM32H563RGV6, STM32H563RIT6, STM32H563RIV6, STM32H563VGT6, STM32H563VIT3Q, STM32H563VIT6, STM32H563ZGT6, STM32H563ZIT3Q, STM32H563ZIT6, STM32H573AII3Q, STM32H573AII6, STM32H573I-DK, STM32H573IIK3Q, STM32H573IIK6, STM32H573IIT3Q, STM32H573IIT6, STM32H573MIY3QTR, STM32H573RIT6, STM32H573RIV6, STM32H573VIT3Q, STM32H573VIT6, STM32H573ZIT3Q, STM32H573ZIT6, STM32L4R5QGI6STR, STM32MP131AAE3, STM32MP131AAF3, STM32MP131AAG3, STM32MP131CAE3, STM32MP131CAF3, STM32MP131CAG3, STM32MP131DAE7, STM32MP131DAF7, STM32MP131DAG7, STM32MP131FAE7, STM32MP131FAF7, STM32MP131FAG7, STM32MP133AAE3, STM32MP133AAF3, STM32MP133AAG3, STM32MP133CAE3, STM32MP133CAF3, STM32MP133CAG3, STM32MP133DAE7, STM32MP133DAF7, STM32MP133DAG7, STM32MP133FAE7, STM32MP133FAF7, STM32MP133FAG7, STM32MP135AAE3, STM32MP135AAF3, STM32MP135AAG3, STM32MP135CAE3, STM32MP135CAF3, STM32MP135CAG3, STM32MP135DAE7, STM32MP135DAF7, STM32MP135DAG7, STM32MP135F-DK, STM32MP135FAE7, STM32MP135FAF7, STM32MP135FAF7T, STM32MP135FAF7U, STM32MP135FAG7, STM32U535CBT6, STM32U535CBT6Q, STM32U535CBU6, STM32U535CBU6Q, STM32U535CCT6, STM32U535CCT6Q, STM32U535CCU6, STM32U535CCU6Q, STM32U535CET6, STM32U535CET6Q, STM32U535CEU6, STM32U535CEU6Q, STM32U535JEY6QTR, STM32U535NCY6QTR, STM32U535NEY6QTR, STM32U535RBI6, STM32U535RBI6Q, STM32U535RBT6, STM32U535RBT6Q, STM32U535RCI6, STM32U535RCI6Q, STM32U535RCT6, STM32U535RCT6Q, STM32U535REI6, STM32U535REI6Q, STM32U535RET6, STM32U535RET6Q, STM32U535VCI6, STM32U535VCI6Q, STM32U535VCT6, STM32U535VCT6Q, STM32U535VEI6, STM32U535VEI6Q, STM32U535VET6, STM32U535VET6Q, STM32U545CET6, STM32U545CET6Q, STM32U545CEU6, STM32U545CEU6Q, STM32U545JEY6QTR, STM32U545NEY6QTR, STM32U545REI6, STM32U545REI6Q, STM32U545RET6, STM32U545RET6Q, STM32U545VEI6, STM32U545VEI6Q, STM32U545VET6, STM32U545VET6Q, STM32U595AIH6, STM32U595AIH6Q, STM32U595AJH6, STM32U595AJH6Q, STM32U595QII6, STM32U595QII6Q, STM32U595QJI6, STM32U595QJI6Q, STM32U595RIT6, STM32U595RIT6Q, STM32U595RJT6, STM32U595RJT6Q, STM32U595VIT6, STM32U595VIT6Q, STM32U595VJT6, STM32U595VJT6Q, STM32U595ZIT6, STM32U595ZIT6Q, STM32U595ZIY6QTR, STM32U595ZJT6, STM32U595ZJT6Q, STM32U595ZJY6QTR, STM32U599BJY6QTR, STM32U599NIH6Q, STM32U599NJH6Q, STM32U599VIT6Q, STM32U599VJT6, STM32U599VJT6Q, STM32U599ZIT6Q, STM32U599ZIY6QTR, STM32U599ZJT6Q, STM32U599ZJY6QTR, STM32U5A5AJH6, STM32U5A5AJH6Q, STM32U5A5QJI6, STM32U5A5QJI6Q, STM32U5A5RJT6, STM32U5A5RJT6Q, STM32U5A5VJT6, STM32U5A5VJT6Q, STM32U5A5ZJT6, STM32U5A5ZJT6Q, STM32U5A5ZJY6QTR, STM32U5A9BJY6QTR, STM32U5A9J-DK, STM32U5A9NJH6Q, STM32U5A9VJT6Q, STM32U5A9ZJT6Q, STM32U5A9ZJY6QTR, STM32WB1MMCH6, STM32WBA52CEU6, STM32WBA52CEU6T, STM32WBA52CGU6, STM32WBA52CGU6T, STM32WL5MOCH6, STM32WL5MOCH6TR]
2023-05-22 14:16:11,169 [INFO] DbMcus:216 - Found 3775 MCUs, 3775 are supported
2023-05-22 14:16:11,172 [INFO] ApiDb:423 - Load user favorites file C:\Users\bossy/.stm32cubeide/favorites.mcus.txt: 0 item(s)
2023-05-22 14:16:11,172 [INFO] ApiDb:427 - User favorites MCUs=[]
2023-05-22 14:16:11,172 [INFO] DbMcus:222 - Set 0 / 0 favorites MCUs
2023-05-22 14:16:11,483 [WARN] ThirdParty:833 - waiting for thirdparty lock release [change project]
2023-05-22 14:16:11,483 [INFO] ThirdParty:835 - entering critical section [change project]
2023-05-22 14:16:11,483 [INFO] ThirdParty:1030 - CMSIS Pack Vendor :STMicroelectronics X-CUBE-ISPU 1.1.0
2023-05-22 14:16:11,483 [INFO] ThirdParty:1030 - CMSIS Pack Vendor :RoweBots I-CUBE-UNISONRTOS 5.5.0-4
2023-05-22 14:16:11,483 [INFO] ThirdParty:1030 - CMSIS Pack Vendor :STMicroelectronics X-CUBE-GNSS1 6.0.0
2023-05-22 14:16:11,483 [INFO] ThirdParty:1030 - CMSIS Pack Vendor :STMicroelectronics USB_HOST 2.0.0
2023-05-22 14:16:11,483 [INFO] ThirdParty:1030 - CMSIS Pack Vendor :STMicroelectronics X-CUBE-AZRTOS-F4 1.1.0
2023-05-22 14:16:11,483 [INFO] ThirdParty:1030 - CMSIS Pack Vendor :STMicroelectronics LIBJPEG 8.0.0
2023-05-22 14:16:11,483 [INFO] ThirdParty:1030 - CMSIS Pack Vendor :STMicroelectronics X-CUBE-SMBUS 2.1.0
2023-05-22 14:16:11,483 [INFO] ThirdParty:1030 - CMSIS Pack Vendor :STMicroelectronics USB_DEVICE 3.0.0
2023-05-22 14:16:11,483 [INFO] ThirdParty:1030 - CMSIS Pack Vendor :STMicroelectronics X-CUBE-AI 8.0.0
2023-05-22 14:16:11,483 [INFO] ThirdParty:1030 - CMSIS Pack Vendor :STMicroelectronics X-CUBE-FREERTOS 1.0.0
2023-05-22 14:16:11,483 [INFO] ThirdParty:1030 - CMSIS Pack Vendor :STMicroelectronics X-CUBE-FREERTOS 1.0.1
2023-05-22 14:16:11,483 [INFO] ThirdParty:1030 - CMSIS Pack Vendor :STMicroelectronics X-CUBE-TOUCHGFX 4.21.1
2023-05-22 14:16:11,483 [INFO] ThirdParty:1030 - CMSIS Pack Vendor :STMicroelectronics X-CUBE-TOUCHGFX 4.21.0
2023-05-22 14:16:11,483 [INFO] ThirdParty:1030 - CMSIS Pack Vendor :STMicroelectronics X-CUBE-TOUCHGFX 4.21.3
2023-05-22 14:16:11,483 [INFO] ThirdParty:1030 - CMSIS Pack Vendor :STMicroelectronics X-CUBE-AZRTOS-F7 1.1.0
2023-05-22 14:16:11,483 [INFO] ThirdParty:1030 - CMSIS Pack Vendor :STMicroelectronics X-CUBE-TOUCHGFX 4.21.4
2023-05-22 14:16:11,483 [INFO] ThirdParty:1030 - CMSIS Pack Vendor :STMicroelectronics X-CUBE-MEMS1 9.4.0
2023-05-22 14:16:11,483 [INFO] ThirdParty:1030 - CMSIS Pack Vendor :STMicroelectronics USB_DEVICE 2.0.0
2023-05-22 14:16:11,483 [INFO] ThirdParty:1030 - CMSIS Pack Vendor :STMicroelectronics X-CUBE-MEMS1 9.6.0
2023-05-22 14:16:11,483 [INFO] ThirdParty:1030 - CMSIS Pack Vendor :STMicroelectronics X-CUBE-AI 7.3.0
2023-05-22 14:16:11,483 [INFO] ThirdParty:1030 - CMSIS Pack Vendor :STMicroelectronics FP-SNS-MOTENV1 4.3.0
2023-05-22 14:16:11,483 [INFO] ThirdParty:1030 - CMSIS Pack Vendor :STMicroelectronics FP-SNS-FLIGHT1 5.0.0
2023-05-22 14:16:11,483 [INFO] ThirdParty:1030 - CMSIS Pack Vendor :STMicroelectronics X-CUBE-ALGOBUILD 1.3.0
2023-05-22 14:16:11,483 [INFO] ThirdParty:1030 - CMSIS Pack Vendor :STMicroelectronics X-CUBE-BLE1 6.2.4
2023-05-22 14:16:11,483 [INFO] ThirdParty:1030 - CMSIS Pack Vendor :STMicroelectronics X-CUBE-AZRTOS-L5 1.1.0
2023-05-22 14:16:11,483 [INFO] ThirdParty:1030 - CMSIS Pack Vendor :STMicroelectronics FreeRTOS 0.0.1
2023-05-22 14:16:11,483 [INFO] ThirdParty:1030 - CMSIS Pack Vendor :emotas I-CUBE-CANOPEN 1.1.3
2023-05-22 14:16:11,483 [INFO] ThirdParty:1030 - CMSIS Pack Vendor :STMicroelectronics X-CUBE-AZRTOS-G0 1.1.0
2023-05-22 14:16:11,483 [INFO] ThirdParty:1030 - CMSIS Pack Vendor :STMicroelectronics X-CUBE-BLEMGR 2.0.0
2023-05-22 14:16:11,483 [INFO] ThirdParty:1030 - CMSIS Pack Vendor :STMicroelectronics X-CUBE-AI 8.0.1
2023-05-22 14:16:11,483 [INFO] ThirdParty:1030 - CMSIS Pack Vendor :STMicroelectronics X-CUBE-SUBG2 5.0.0
2023-05-22 14:16:11,483 [INFO] ThirdParty:1030 - CMSIS Pack Vendor :STMicroelectronics X-CUBE-NFC4 3.0.0
2023-05-22 14:16:11,483 [INFO] ThirdParty:1030 - CMSIS Pack Vendor :STMicroelectronics STM32_WPAN 1.0.0
2023-05-22 14:16:11,483 [INFO] ThirdParty:1030 - CMSIS Pack Vendor :STMicroelectronics lwIP 2.0.3
2023-05-22 14:16:11,483 [INFO] ThirdParty:1030 - CMSIS Pack Vendor :STMicroelectronics X-CUBE-NFC4 2.0.5
2023-05-22 14:16:11,483 [INFO] ThirdParty:1030 - CMSIS Pack Vendor :STMicroelectronics USB_HOST 1.0.0
2023-05-22 14:16:11,483 [INFO] ThirdParty:1030 - CMSIS Pack Vendor :STMicroelectronics X-CUBE-AZRTOS-G4 2.0.0
2023-05-22 14:16:11,483 [INFO] ThirdParty:1030 - CMSIS Pack Vendor :STMicroelectronics PDM2PCM 3.1.0
2023-05-22 14:16:11,483 [INFO] ThirdParty:1030 - CMSIS Pack Vendor :STMicroelectronics X-CUBE-AZRTOS-H7 3.1.0
2023-05-22 14:16:11,483 [INFO] ThirdParty:1030 - CMSIS Pack Vendor :STMicroelectronics X-CUBE-TOF1 3.3.0
2023-05-22 14:16:11,483 [INFO] ThirdParty:1030 - CMSIS Pack Vendor :STMicroelectronics FP-ATR-ASTRA1 1.1.1
2023-05-22 14:16:11,483 [INFO] ThirdParty:1030 - CMSIS Pack Vendor :STMicroelectronics PDM2PCM 3.3.0
2023-05-22 14:16:11,483 [INFO] ThirdParty:1030 - CMSIS Pack Vendor :STMicroelectronics X-CUBE-DISPLAY 3.0.0
2023-05-22 14:16:11,483 [INFO] ThirdParty:1030 - CMSIS Pack Vendor :STMicroelectronics X-CUBE-BLEMGR 1.3.0
2023-05-22 14:16:11,483 [INFO] ThirdParty:1030 - CMSIS Pack Vendor :STMicroelectronics X-CUBE-AZRTOS-G4 1.0.0
2023-05-22 14:16:11,483 [INFO] ThirdParty:1030 - CMSIS Pack Vendor :STMicroelectronics FP-ATR-SIGFOX1 3.2.0
2023-05-22 14:16:11,483 [INFO] ThirdParty:1030 - CMSIS Pack Vendor :wolfSSL I-CUBE-wolfSSL 5.5.4
2023-05-22 14:16:11,483 [INFO] ThirdParty:1030 - CMSIS Pack Vendor :STMicroelectronics X-CUBE-AZRTOS-L4 1.0.0
2023-05-22 14:16:11,483 [INFO] ThirdParty:1030 - CMSIS Pack Vendor :STMicroelectronics HAL Drivers 0.0.0
2023-05-22 14:16:11,483 [INFO] ThirdParty:1030 - CMSIS Pack Vendor :STMicroelectronics MBEDTLS 2.16.2
2023-05-22 14:16:11,483 [INFO] ThirdParty:1030 - CMSIS Pack Vendor :STMicroelectronics MBEDTLS 2.14.1
2023-05-22 14:16:11,483 [INFO] ThirdParty:1030 - CMSIS Pack Vendor :STMicroelectronics X-CUBE-NFC7 1.0.0
2023-05-22 14:16:11,483 [INFO] ThirdParty:1030 - CMSIS Pack Vendor :STMicroelectronics X-CUBE-AZRTOS-WL 1.0.0
2023-05-22 14:16:11,483 [INFO] ThirdParty:1030 - CMSIS Pack Vendor :STMicroelectronics X-CUBE-EEPRMA1 4.1.0
2023-05-22 14:16:11,483 [INFO] ThirdParty:1030 - CMSIS Pack Vendor :portGmbH I-Cube-SoM-uGOAL 1.1.0
2023-05-22 14:16:11,483 [INFO] ThirdParty:1030 - CMSIS Pack Vendor :STMicroelectronics X-CUBE-ALS 1.0.1
2023-05-22 14:16:11,483 [INFO] ThirdParty:1030 - CMSIS Pack Vendor :STMicroelectronics X-CUBE-MEMS1 9.5.0
2023-05-22 14:16:11,483 [INFO] ThirdParty:1030 - CMSIS Pack Vendor :STMicroelectronics ThreadX 1.0.0
2023-05-22 14:16:11,483 [INFO] ThirdParty:1030 - CMSIS Pack Vendor :STMicroelectronics X-CUBE-AZRTOS-WB 1.1.0
2023-05-22 14:16:11,483 [INFO] ThirdParty:1030 - CMSIS Pack Vendor :SEGGER I-CUBE-embOS 1.3.1
2023-05-22 14:16:11,483 [INFO] ThirdParty:1030 - CMSIS Pack Vendor :STMicroelectronics USB_DEVICE 1.0.0
2023-05-22 14:16:11,483 [INFO] ThirdParty:1030 - CMSIS Pack Vendor :SEGGER I-CUBE-embOS 1.3.0
2023-05-22 14:16:11,483 [INFO] ThirdParty:1030 - CMSIS Pack Vendor :STMicroelectronics ThreadX 0.0.2
2023-05-22 14:16:11,483 [INFO] ThirdParty:1030 - CMSIS Pack Vendor :WES I-CUBE-Cesium 1.3.0
2023-05-22 14:16:11,483 [INFO] ThirdParty:1030 - CMSIS Pack Vendor :STMicroelectronics FP-ATR-ASTRA1 2.0.0
2023-05-22 14:16:11,483 [INFO] ThirdParty:1030 - CMSIS Pack Vendor :STMicroelectronics lwIP 2.1.2
2023-05-22 14:16:11,483 [INFO] ThirdParty:1030 - CMSIS Pack Vendor :STMicroelectronics X-CUBE-SFXS2LP1 4.0.0
2023-05-22 14:16:11,483 [INFO] ThirdParty:1030 - CMSIS Pack Vendor :STMicroelectronics X-CUBE-BLE2 3.3.0
2023-05-22 14:16:11,483 [INFO] ThirdParty:1030 - CMSIS Pack Vendor :STMicroelectronics X-CUBE-DISPLAY 2.2.0
2023-05-22 14:16:11,483 [INFO] ThirdParty:1030 - CMSIS Pack Vendor :STMicroelectronics X-CUBE-TOF1 3.2.0
2023-05-22 14:16:11,483 [INFO] ThirdParty:1030 - CMSIS Pack Vendor :STMicroelectronics PDM2PCM 3.2.0
2023-05-22 14:16:11,483 [INFO] ThirdParty:1030 - CMSIS Pack Vendor :STMicroelectronics X-CUBE-AZRTOS-H7 3.0.0
2023-05-22 14:16:11,483 [INFO] ThirdParty:841 - exiting critical section [change project]
2023-05-22 14:16:11,759 [INFO] PinOutPanel:1499 - setPackage(No Configuration,No Configuration)
2023-05-22 14:16:11,759 [INFO] PinOutPanel:1499 - setPackage(STM32F411RETx,LQFP64)
2023-05-22 14:16:12,225 [INFO] UtilMem:75 - Before build in PCC Used Memory: 221081640 Bytes (268435456)
2023-05-22 14:16:12,890 [INFO] UtilMem:75 - After build in PCC Used Memory: 206655576 Bytes (268435456)
2023-05-22 14:16:12,917 [INFO] IPUIPlugin:80 - create IPUIPlugin
2023-05-22 14:16:12,917 [INFO] IPUIPlugin:80 - create IPUIPlugin
2023-05-22 14:16:12,917 [INFO] IPUIPlugin:80 - create IPUIPlugin
2023-05-22 14:16:12,917 [INFO] IPUIPlugin:80 - create IPUIPlugin
2023-05-22 14:16:12,917 [INFO] IPUIPlugin:80 - create IPUIPlugin
2023-05-22 14:16:12,917 [INFO] IPUIPlugin:80 - create IPUIPlugin
2023-05-22 14:16:12,917 [INFO] IPUIPlugin:80 - create IPUIPlugin
2023-05-22 14:16:12,919 [INFO] IPUIPlugin:80 - create IPUIPlugin
2023-05-22 14:16:12,919 [INFO] IPUIPlugin:80 - create IPUIPlugin
2023-05-22 14:16:12,919 [INFO] IPUIPlugin:80 - create IPUIPlugin
2023-05-22 14:16:12,919 [INFO] IPUIPlugin:80 - create IPUIPlugin
2023-05-22 14:16:12,919 [INFO] IPUIPlugin:80 - create IPUIPlugin
2023-05-22 14:16:12,919 [INFO] IPUIPlugin:80 - create IPUIPlugin
2023-05-22 14:16:12,919 [INFO] IPUIPlugin:80 - create IPUIPlugin
2023-05-22 14:16:12,919 [INFO] IPUIPlugin:80 - create IPUIPlugin
2023-05-22 14:16:12,919 [INFO] IPUIPlugin:80 - create IPUIPlugin
2023-05-22 14:16:12,919 [INFO] IPUIPlugin:80 - create IPUIPlugin
2023-05-22 14:16:12,921 [INFO] IPUIPlugin:80 - create IPUIPlugin
2023-05-22 14:16:12,921 [INFO] IPUIPlugin:80 - create IPUIPlugin
2023-05-22 14:16:12,921 [INFO] IPUIPlugin:80 - create IPUIPlugin
2023-05-22 14:16:12,921 [INFO] IPUIPlugin:80 - create IPUIPlugin
2023-05-22 14:16:12,921 [INFO] IPUIPlugin:80 - create IPUIPlugin
2023-05-22 14:16:12,921 [INFO] IPUIPlugin:80 - create IPUIPlugin
2023-05-22 14:16:12,921 [INFO] IPUIPlugin:80 - create IPUIPlugin
2023-05-22 14:16:12,921 [INFO] IPUIPlugin:80 - create IPUIPlugin
2023-05-22 14:16:12,921 [INFO] IPUIPlugin:80 - create IPUIPlugin
2023-05-22 14:16:12,921 [INFO] IPUIPlugin:80 - create IPUIPlugin
2023-05-22 14:16:12,921 [INFO] IPUIPlugin:80 - create IPUIPlugin
2023-05-22 14:16:12,923 [INFO] IPUIPlugin:80 - create IPUIPlugin
2023-05-22 14:16:12,923 [INFO] IPUIPlugin:80 - create IPUIPlugin
2023-05-22 14:16:12,923 [INFO] IPUIPlugin:80 - create IPUIPlugin
2023-05-22 14:16:12,923 [INFO] IPUIPlugin:80 - create IPUIPlugin
2023-05-22 14:16:12,923 [INFO] IPUIPlugin:80 - create IPUIPlugin
2023-05-22 14:16:12,924 [INFO] IPUIPlugin:80 - create IPUIPlugin
2023-05-22 14:16:12,924 [INFO] IPUIPlugin:80 - create IPUIPlugin
2023-05-22 14:16:12,924 [INFO] IPUIPlugin:80 - create IPUIPlugin
2023-05-22 14:16:12,924 [INFO] IPUIPlugin:80 - create IPUIPlugin
2023-05-22 14:16:12,924 [INFO] IPUIPlugin:80 - create IPUIPlugin
2023-05-22 14:16:12,925 [INFO] IPUIPlugin:80 - create IPUIPlugin
2023-05-22 14:16:12,925 [INFO] IPUIPlugin:80 - create IPUIPlugin
2023-05-22 14:16:12,925 [INFO] IPUIPlugin:80 - create IPUIPlugin
2023-05-22 14:16:12,925 [INFO] IPUIPlugin:80 - create IPUIPlugin
2023-05-22 14:16:12,925 [INFO] IPUIPlugin:80 - create IPUIPlugin
2023-05-22 14:16:12,978 [INFO] ApiDbMcu:507 - Load IP Config File for PDM2PCM
2023-05-22 14:16:12,997 [WARN] IP:2113 - I2C_Coeff_DF not found: check if there is a RefParameter without a condition.
2023-05-22 14:16:12,997 [WARN] IP:2113 - Analog_Filter not found: check if there is a RefParameter without a condition.
2023-05-22 14:16:13,167 [INFO] CADModel:165 - CPN selected for project levelSTM32F411RET6
2023-05-22 14:16:13,167 [INFO] CADModel:114 - Register for checkConnection events
2023-05-22 14:16:13,220 [INFO] OpenFileManager:328 - Restore cursor
2023-05-22 14:16:13,427 [WARN] IP:2113 - I2C_Coeff_DF not found: check if there is a RefParameter without a condition.
2023-05-22 14:16:13,427 [WARN] IP:2113 - Analog_Filter not found: check if there is a RefParameter without a condition.
2023-05-22 14:16:13,427 [WARN] IP:2113 - I2C_Coeff_DF not found: check if there is a RefParameter without a condition.
2023-05-22 14:16:13,427 [WARN] IP:2113 - Analog_Filter not found: check if there is a RefParameter without a condition.
2023-05-22 14:16:18,066 [INFO] NvicIntPanel:101 - NVIC parent = com.st.microxplorer.plugins.ip.nvic.MultiNvicIntPanel[,0,0,0x0,invalid,layout=javax.swing.BoxLayout,alignmentX=0.0,alignmentY=0.0,border=,flags=9,maximumSize=,minimumSize=,preferredSize=]
2023-05-22 14:17:19,437 [INFO] NvicIntPanel:101 - NVIC parent = com.st.microxplorer.plugins.ip.nvic.MultiNvicIntPanel[,0,0,0x0,invalid,layout=javax.swing.BoxLayout,alignmentX=0.0,alignmentY=0.0,border=,flags=9,maximumSize=,minimumSize=,preferredSize=]
2023-05-22 14:46:34,281 [INFO] MainUpdater:2854 - connection check result : 10
2023-05-22 14:46:34,307 [INFO] MainUpdater:2854 - connection check result : 10
2023-05-22 14:46:34,554 [INFO] MicroXplorer:468 - Change Database Path : 
2023-05-22 14:46:34,555 [INFO] MicroXplorer:498 - Change Database Version : DB.6.0.80
2023-05-22 14:46:34,576 [WARN] ThirdParty:871 - waiting for thirdparty lock release [close project]
2023-05-22 14:46:34,577 [INFO] ThirdParty:873 - entering critical section [close project]
2023-05-22 14:46:34,577 [INFO] ThirdParty:883 - exiting critical section [close project]
2023-05-22 14:46:34,580 [INFO] PinOutPanel:1499 - setPackage(No Configuration,No Configuration)
2023-05-22 14:46:34,588 [WARN] IpParametersView:150 - Warning: This peripheral hasn't parameters
2023-05-22 14:46:34,596 [WARN] MainPanel:257 - <html><b><center>Warning: This peripheral has no parameters to be configured<br></b></html>
2023-05-22 14:46:34,610 [INFO] UtilMem:75 - Begin LoadConfig() Used Memory: 385244368 Bytes (537919488)
2023-05-22 14:46:34,611 [INFO] MicroXplorer:468 - Change Database Path : 
2023-05-22 14:46:34,611 [INFO] MicroXplorer:498 - Change Database Version : DB.6.0.80
2023-05-22 14:46:34,611 [INFO] OpenFileManager:308 - Change cursor
2023-05-22 14:46:34,629 [INFO] Mcu:1937 - Initializing MCU STM32F411R(C-E)Tx STM32F411RETx STM32F411RET6
2023-05-22 14:46:35,267 [INFO] Context:659 - Trying to add GPIOservice into a context  which must be forbidden
2023-05-22 14:46:35,548 [INFO] RtosManager:555 - Registered RTOS mode: class=CMSIS, group=RTOS, mode=CMSIS_V1, owner=FREERTOS
2023-05-22 14:46:35,548 [INFO] RtosManager:555 - Registered RTOS mode: class=CMSIS, group=RTOS2, mode=CMSIS_V2, owner=FREERTOS
2023-05-22 14:46:35,549 [INFO] RtosManager:555 - Registered RTOS mode: class=RTOS, group=Core, mode=CMSIS_V1, owner=FREERTOS
2023-05-22 14:46:35,549 [INFO] RtosManager:555 - Registered RTOS mode: class=RTOS, group=Core, mode=CMSIS_V2, owner=FREERTOS
2023-05-22 14:46:35,549 [WARN] ModelIntegratedComponent:184 - Missing modes for component STMicroelectronics:FreeRTOS:0.0.1:STMicroelectronics:RTOS:FreeRTOS:Core:::10.2.0:
2023-05-22 14:46:35,553 [WARN] ModelIntegratedComponent:182 - Modes not found for component STMicroelectronics:USB_HOST:1.0.0:STMicroelectronics:USB::USB Host:Audio HS::1.0:USB_HOST_1_0_RESTRICTED_HS
2023-05-22 14:46:35,554 [WARN] ModelIntegratedComponent:188 - Modes not found for component STMicroelectronics:USB_HOST:1.0.0:STMicroelectronics:USB::USB Host:Audio HS::1.0:USB_HOST_1_0_RESTRICTED_HS
2023-05-22 14:46:35,554 [WARN] ModelIntegratedComponent:182 - Modes not found for component STMicroelectronics:USB_HOST:1.0.0:STMicroelectronics:USB::USB Host:CDC HS::1.0:USB_HOST_1_0_RESTRICTED_HS
2023-05-22 14:46:35,554 [WARN] ModelIntegratedComponent:188 - Modes not found for component STMicroelectronics:USB_HOST:1.0.0:STMicroelectronics:USB::USB Host:CDC HS::1.0:USB_HOST_1_0_RESTRICTED_HS
2023-05-22 14:46:35,554 [WARN] ModelIntegratedComponent:182 - Modes not found for component STMicroelectronics:USB_HOST:1.0.0:STMicroelectronics:USB::USB Host:MSC HS::1.0:USB_HOST_1_0_RESTRICTED_HS
2023-05-22 14:46:35,554 [WARN] ModelIntegratedComponent:188 - Modes not found for component STMicroelectronics:USB_HOST:1.0.0:STMicroelectronics:USB::USB Host:MSC HS::1.0:USB_HOST_1_0_RESTRICTED_HS
2023-05-22 14:46:35,555 [WARN] ModelIntegratedComponent:182 - Modes not found for component STMicroelectronics:USB_HOST:1.0.0:STMicroelectronics:USB::USB Host:HID HS::1.0:USB_HOST_1_0_RESTRICTED_HS
2023-05-22 14:46:35,555 [WARN] ModelIntegratedComponent:188 - Modes not found for component STMicroelectronics:USB_HOST:1.0.0:STMicroelectronics:USB::USB Host:HID HS::1.0:USB_HOST_1_0_RESTRICTED_HS
2023-05-22 14:46:35,555 [WARN] ModelIntegratedComponent:182 - Modes not found for component STMicroelectronics:USB_HOST:1.0.0:STMicroelectronics:USB::USB Host:MTP HS::1.0:USB_HOST_1_0_RESTRICTED_HS
2023-05-22 14:46:35,555 [WARN] ModelIntegratedComponent:188 - Modes not found for component STMicroelectronics:USB_HOST:1.0.0:STMicroelectronics:USB::USB Host:MTP HS::1.0:USB_HOST_1_0_RESTRICTED_HS
2023-05-22 14:46:35,563 [WARN] ModelIntegratedComponent:63 - No mode defined for component null
2023-05-22 14:46:35,563 [WARN] ModelIntegratedComponent:63 - No mode defined for component null
2023-05-22 14:46:35,564 [WARN] ModelIntegratedComponent:63 - No mode defined for component null
2023-05-22 14:46:35,564 [WARN] ModelIntegratedComponent:63 - No mode defined for component null
2023-05-22 14:46:35,564 [WARN] ModelIntegratedComponent:63 - No mode defined for component null
2023-05-22 14:46:35,564 [WARN] ModelIntegratedComponent:63 - No mode defined for component null
2023-05-22 14:46:35,565 [WARN] ModelIntegratedComponent:63 - No mode defined for component null
2023-05-22 14:46:35,565 [WARN] ModelIntegratedComponent:63 - No mode defined for component null
2023-05-22 14:46:35,565 [WARN] ModelIntegratedComponent:63 - No mode defined for component null
2023-05-22 14:46:35,565 [WARN] ModelIntegratedComponent:63 - No mode defined for component null
2023-05-22 14:46:35,565 [WARN] ModelIntegratedComponent:63 - No mode defined for component null
2023-05-22 14:46:35,565 [WARN] ModelIntegratedComponent:63 - No mode defined for component null
2023-05-22 14:46:35,565 [WARN] ModelIntegratedComponent:63 - No mode defined for component null
2023-05-22 14:46:35,565 [WARN] ModelIntegratedComponent:63 - No mode defined for component null
2023-05-22 14:46:35,566 [WARN] ModelIntegratedComponent:63 - No mode defined for component null
2023-05-22 14:46:35,566 [WARN] ModelIntegratedComponent:63 - No mode defined for component null
2023-05-22 14:46:35,566 [WARN] ModelIntegratedComponent:63 - No mode defined for component null
2023-05-22 14:46:35,566 [WARN] ModelIntegratedComponent:63 - No mode defined for component null
2023-05-22 14:46:35,566 [WARN] ModelIntegratedComponent:63 - No mode defined for component null
2023-05-22 14:46:35,566 [WARN] ModelIntegratedComponent:63 - No mode defined for component null
2023-05-22 14:46:35,566 [WARN] ModelIntegratedComponent:63 - No mode defined for component null
2023-05-22 14:46:35,566 [WARN] ModelIntegratedComponent:63 - No mode defined for component null
2023-05-22 14:46:35,566 [WARN] ModelIntegratedComponent:63 - No mode defined for component null
2023-05-22 14:46:35,567 [WARN] ModelIntegratedComponent:63 - No mode defined for component null
2023-05-22 14:46:35,567 [WARN] ModelIntegratedComponent:63 - No mode defined for component null
2023-05-22 14:46:35,567 [WARN] ModelIntegratedComponent:63 - No mode defined for component null
2023-05-22 14:46:35,567 [WARN] ModelIntegratedComponent:63 - No mode defined for component null
2023-05-22 14:46:35,567 [WARN] ModelIntegratedComponent:63 - No mode defined for component null
2023-05-22 14:46:35,567 [WARN] ModelIntegratedComponent:63 - No mode defined for component null
2023-05-22 14:46:35,568 [WARN] ModelIntegratedComponent:63 - No mode defined for component null
2023-05-22 14:46:35,568 [WARN] ModelIntegratedComponent:63 - No mode defined for component null
2023-05-22 14:46:35,568 [WARN] ModelIntegratedComponent:63 - No mode defined for component null
2023-05-22 14:46:35,568 [WARN] ModelIntegratedComponent:63 - No mode defined for component null
2023-05-22 14:46:35,632 [WARN] ModelIntegratedComponent:182 - Modes not found for component STMicroelectronics:USB_DEVICE:1.0.0:STMicroelectronics:USB::USB Device:Audio HS::1.0:USB_DEVICE_1_0_RESTRICTED_HS
2023-05-22 14:46:35,633 [WARN] ModelIntegratedComponent:188 - Modes not found for component STMicroelectronics:USB_DEVICE:1.0.0:STMicroelectronics:USB::USB Device:Audio HS::1.0:USB_DEVICE_1_0_RESTRICTED_HS
2023-05-22 14:46:35,633 [WARN] ModelIntegratedComponent:182 - Modes not found for component STMicroelectronics:USB_DEVICE:1.0.0:STMicroelectronics:USB::USB Device:CDC HS::1.0:USB_DEVICE_1_0_RESTRICTED_HS
2023-05-22 14:46:35,633 [WARN] ModelIntegratedComponent:188 - Modes not found for component STMicroelectronics:USB_DEVICE:1.0.0:STMicroelectronics:USB::USB Device:CDC HS::1.0:USB_DEVICE_1_0_RESTRICTED_HS
2023-05-22 14:46:35,633 [WARN] ModelIntegratedComponent:182 - Modes not found for component STMicroelectronics:USB_DEVICE:1.0.0:STMicroelectronics:USB::USB Device:DFU HS::1.0:USB_DEVICE_1_0_RESTRICTED_HS
2023-05-22 14:46:35,633 [WARN] ModelIntegratedComponent:188 - Modes not found for component STMicroelectronics:USB_DEVICE:1.0.0:STMicroelectronics:USB::USB Device:DFU HS::1.0:USB_DEVICE_1_0_RESTRICTED_HS
2023-05-22 14:46:35,634 [WARN] ModelIntegratedComponent:182 - Modes not found for component STMicroelectronics:USB_DEVICE:1.0.0:STMicroelectronics:USB::USB Device:HID HS::1.0:USB_DEVICE_1_0_RESTRICTED_HS
2023-05-22 14:46:35,634 [WARN] ModelIntegratedComponent:188 - Modes not found for component STMicroelectronics:USB_DEVICE:1.0.0:STMicroelectronics:USB::USB Device:HID HS::1.0:USB_DEVICE_1_0_RESTRICTED_HS
2023-05-22 14:46:35,634 [WARN] ModelIntegratedComponent:182 - Modes not found for component STMicroelectronics:USB_DEVICE:1.0.0:STMicroelectronics:USB::USB Device:Custom HID HS::1.0:USB_DEVICE_1_0_RESTRICTED_HS
2023-05-22 14:46:35,634 [WARN] ModelIntegratedComponent:188 - Modes not found for component STMicroelectronics:USB_DEVICE:1.0.0:STMicroelectronics:USB::USB Device:Custom HID HS::1.0:USB_DEVICE_1_0_RESTRICTED_HS
2023-05-22 14:46:35,634 [WARN] ModelIntegratedComponent:182 - Modes not found for component STMicroelectronics:USB_DEVICE:1.0.0:STMicroelectronics:USB::USB Device:MSC HS::1.0:USB_DEVICE_1_0_RESTRICTED_HS
2023-05-22 14:46:35,634 [WARN] ModelIntegratedComponent:188 - Modes not found for component STMicroelectronics:USB_DEVICE:1.0.0:STMicroelectronics:USB::USB Device:MSC HS::1.0:USB_DEVICE_1_0_RESTRICTED_HS
2023-05-22 14:46:35,653 [INFO] ThirdPartyModel:298 - Start build external matchings
2023-05-22 14:46:36,067 [INFO] ThirdPartyModel:316 - End build external matchings
2023-05-22 14:46:36,083 [INFO] ImportTextPane:194 - (OptionalMessage_ERROR) IP (RCC) : Parameter (48MHZClocksFreq_Value) has invalid value (50000000)
2023-05-22 14:46:36,083 [INFO] ImportTextPane:194 - (OptionalMessage_ERROR) IP (RCC) : Parameter (FLatency) has Id (AdvancedSettings) currently not set
2023-05-22 14:46:36,084 [INFO] ImportTextPane:194 - (OptionalMessage_ERROR) IP (RCC) : Parameter (RTCHSEDivFreq_Value) has invalid value (4000000)
2023-05-22 14:46:36,320 [INFO] UtilMem:75 - End LoadConfig() Used Memory: 378725216 Bytes (537919488)
2023-05-22 14:46:36,372 [WARN] ThirdParty:833 - waiting for thirdparty lock release [change project]
2023-05-22 14:46:36,373 [INFO] ThirdParty:835 - entering critical section [change project]
2023-05-22 14:46:36,373 [INFO] ThirdParty:1030 - CMSIS Pack Vendor :STMicroelectronics X-CUBE-ISPU 1.1.0
2023-05-22 14:46:36,373 [INFO] ThirdParty:1030 - CMSIS Pack Vendor :RoweBots I-CUBE-UNISONRTOS 5.5.0-4
2023-05-22 14:46:36,373 [INFO] ThirdParty:1030 - CMSIS Pack Vendor :STMicroelectronics X-CUBE-GNSS1 6.0.0
2023-05-22 14:46:36,373 [INFO] ThirdParty:1030 - CMSIS Pack Vendor :STMicroelectronics USB_HOST 2.0.0
2023-05-22 14:46:36,374 [INFO] ThirdParty:1030 - CMSIS Pack Vendor :STMicroelectronics X-CUBE-AZRTOS-F4 1.1.0
2023-05-22 14:46:36,374 [INFO] ThirdParty:1030 - CMSIS Pack Vendor :STMicroelectronics LIBJPEG 8.0.0
2023-05-22 14:46:36,374 [INFO] ThirdParty:1030 - CMSIS Pack Vendor :STMicroelectronics X-CUBE-SMBUS 2.1.0
2023-05-22 14:46:36,374 [INFO] ThirdParty:1030 - CMSIS Pack Vendor :STMicroelectronics USB_DEVICE 3.0.0
2023-05-22 14:46:36,374 [INFO] ThirdParty:1030 - CMSIS Pack Vendor :STMicroelectronics X-CUBE-AI 8.0.0
2023-05-22 14:46:36,374 [INFO] ThirdParty:1030 - CMSIS Pack Vendor :STMicroelectronics X-CUBE-FREERTOS 1.0.0
2023-05-22 14:46:36,374 [INFO] ThirdParty:1030 - CMSIS Pack Vendor :STMicroelectronics X-CUBE-FREERTOS 1.0.1
2023-05-22 14:46:36,374 [INFO] ThirdParty:1030 - CMSIS Pack Vendor :STMicroelectronics X-CUBE-TOUCHGFX 4.21.1
2023-05-22 14:46:36,374 [INFO] ThirdParty:1030 - CMSIS Pack Vendor :STMicroelectronics X-CUBE-TOUCHGFX 4.21.0
2023-05-22 14:46:36,374 [INFO] ThirdParty:1030 - CMSIS Pack Vendor :STMicroelectronics X-CUBE-TOUCHGFX 4.21.3
2023-05-22 14:46:36,376 [INFO] ThirdParty:1030 - CMSIS Pack Vendor :STMicroelectronics X-CUBE-AZRTOS-F7 1.1.0
2023-05-22 14:46:36,376 [INFO] ThirdParty:1030 - CMSIS Pack Vendor :STMicroelectronics X-CUBE-TOUCHGFX 4.21.4
2023-05-22 14:46:36,376 [INFO] ThirdParty:1030 - CMSIS Pack Vendor :STMicroelectronics X-CUBE-MEMS1 9.4.0
2023-05-22 14:46:36,376 [INFO] ThirdParty:1030 - CMSIS Pack Vendor :STMicroelectronics USB_DEVICE 2.0.0
2023-05-22 14:46:36,376 [INFO] ThirdParty:1030 - CMSIS Pack Vendor :STMicroelectronics X-CUBE-MEMS1 9.6.0
2023-05-22 14:46:36,376 [INFO] ThirdParty:1030 - CMSIS Pack Vendor :STMicroelectronics X-CUBE-AI 7.3.0
2023-05-22 14:46:36,376 [INFO] ThirdParty:1030 - CMSIS Pack Vendor :STMicroelectronics FP-SNS-MOTENV1 4.3.0
2023-05-22 14:46:36,376 [INFO] ThirdParty:1030 - CMSIS Pack Vendor :STMicroelectronics FP-SNS-FLIGHT1 5.0.0
2023-05-22 14:46:36,376 [INFO] ThirdParty:1030 - CMSIS Pack Vendor :STMicroelectronics X-CUBE-ALGOBUILD 1.3.0
2023-05-22 14:46:36,376 [INFO] ThirdParty:1030 - CMSIS Pack Vendor :STMicroelectronics X-CUBE-BLE1 6.2.4
2023-05-22 14:46:36,377 [INFO] ThirdParty:1030 - CMSIS Pack Vendor :STMicroelectronics X-CUBE-AZRTOS-L5 1.1.0
2023-05-22 14:46:36,377 [INFO] ThirdParty:1030 - CMSIS Pack Vendor :STMicroelectronics FreeRTOS 0.0.1
2023-05-22 14:46:36,377 [INFO] ThirdParty:1030 - CMSIS Pack Vendor :emotas I-CUBE-CANOPEN 1.1.3
2023-05-22 14:46:36,377 [INFO] ThirdParty:1030 - CMSIS Pack Vendor :STMicroelectronics X-CUBE-AZRTOS-G0 1.1.0
2023-05-22 14:46:36,377 [INFO] ThirdParty:1030 - CMSIS Pack Vendor :STMicroelectronics X-CUBE-BLEMGR 2.0.0
2023-05-22 14:46:36,377 [INFO] ThirdParty:1030 - CMSIS Pack Vendor :STMicroelectronics X-CUBE-AI 8.0.1
2023-05-22 14:46:36,377 [INFO] ThirdParty:1030 - CMSIS Pack Vendor :STMicroelectronics X-CUBE-SUBG2 5.0.0
2023-05-22 14:46:36,378 [INFO] ThirdParty:1030 - CMSIS Pack Vendor :STMicroelectronics X-CUBE-NFC4 3.0.0
2023-05-22 14:46:36,378 [INFO] ThirdParty:1030 - CMSIS Pack Vendor :STMicroelectronics STM32_WPAN 1.0.0
2023-05-22 14:46:36,378 [INFO] ThirdParty:1030 - CMSIS Pack Vendor :STMicroelectronics lwIP 2.0.3
2023-05-22 14:46:36,378 [INFO] ThirdParty:1030 - CMSIS Pack Vendor :STMicroelectronics X-CUBE-NFC4 2.0.5
2023-05-22 14:46:36,378 [INFO] ThirdParty:1030 - CMSIS Pack Vendor :STMicroelectronics USB_HOST 1.0.0
2023-05-22 14:46:36,378 [INFO] ThirdParty:1030 - CMSIS Pack Vendor :STMicroelectronics X-CUBE-AZRTOS-G4 2.0.0
2023-05-22 14:46:36,379 [INFO] ThirdParty:1030 - CMSIS Pack Vendor :STMicroelectronics PDM2PCM 3.1.0
2023-05-22 14:46:36,379 [INFO] ThirdParty:1030 - CMSIS Pack Vendor :STMicroelectronics X-CUBE-AZRTOS-H7 3.1.0
2023-05-22 14:46:36,379 [INFO] ThirdParty:1030 - CMSIS Pack Vendor :STMicroelectronics X-CUBE-TOF1 3.3.0
2023-05-22 14:46:36,379 [INFO] ThirdParty:1030 - CMSIS Pack Vendor :STMicroelectronics FP-ATR-ASTRA1 1.1.1
2023-05-22 14:46:36,379 [INFO] ThirdParty:1030 - CMSIS Pack Vendor :STMicroelectronics PDM2PCM 3.3.0
2023-05-22 14:46:36,379 [INFO] ThirdParty:1030 - CMSIS Pack Vendor :STMicroelectronics X-CUBE-DISPLAY 3.0.0
2023-05-22 14:46:36,379 [INFO] ThirdParty:1030 - CMSIS Pack Vendor :STMicroelectronics X-CUBE-BLEMGR 1.3.0
2023-05-22 14:46:36,379 [INFO] ThirdParty:1030 - CMSIS Pack Vendor :STMicroelectronics X-CUBE-AZRTOS-G4 1.0.0
2023-05-22 14:46:36,379 [INFO] ThirdParty:1030 - CMSIS Pack Vendor :STMicroelectronics FP-ATR-SIGFOX1 3.2.0
2023-05-22 14:46:36,380 [INFO] ThirdParty:1030 - CMSIS Pack Vendor :wolfSSL I-CUBE-wolfSSL 5.5.4
2023-05-22 14:46:36,380 [INFO] ThirdParty:1030 - CMSIS Pack Vendor :STMicroelectronics X-CUBE-AZRTOS-L4 1.0.0
2023-05-22 14:46:36,380 [INFO] ThirdParty:1030 - CMSIS Pack Vendor :STMicroelectronics HAL Drivers 0.0.0
2023-05-22 14:46:36,380 [INFO] ThirdParty:1030 - CMSIS Pack Vendor :STMicroelectronics MBEDTLS 2.16.2
2023-05-22 14:46:36,380 [INFO] ThirdParty:1030 - CMSIS Pack Vendor :STMicroelectronics MBEDTLS 2.14.1
2023-05-22 14:46:36,380 [INFO] ThirdParty:1030 - CMSIS Pack Vendor :STMicroelectronics X-CUBE-NFC7 1.0.0
2023-05-22 14:46:36,380 [INFO] ThirdParty:1030 - CMSIS Pack Vendor :STMicroelectronics X-CUBE-AZRTOS-WL 1.0.0
2023-05-22 14:46:36,380 [INFO] ThirdParty:1030 - CMSIS Pack Vendor :STMicroelectronics X-CUBE-EEPRMA1 4.1.0
2023-05-22 14:46:36,380 [INFO] ThirdParty:1030 - CMSIS Pack Vendor :portGmbH I-Cube-SoM-uGOAL 1.1.0
2023-05-22 14:46:36,380 [INFO] ThirdParty:1030 - CMSIS Pack Vendor :STMicroelectronics X-CUBE-ALS 1.0.1
2023-05-22 14:46:36,381 [INFO] ThirdParty:1030 - CMSIS Pack Vendor :STMicroelectronics X-CUBE-MEMS1 9.5.0
2023-05-22 14:46:36,381 [INFO] ThirdParty:1030 - CMSIS Pack Vendor :STMicroelectronics ThreadX 1.0.0
2023-05-22 14:46:36,381 [INFO] ThirdParty:1030 - CMSIS Pack Vendor :STMicroelectronics X-CUBE-AZRTOS-WB 1.1.0
2023-05-22 14:46:36,381 [INFO] ThirdParty:1030 - CMSIS Pack Vendor :SEGGER I-CUBE-embOS 1.3.1
2023-05-22 14:46:36,381 [INFO] ThirdParty:1030 - CMSIS Pack Vendor :STMicroelectronics USB_DEVICE 1.0.0
2023-05-22 14:46:36,381 [INFO] ThirdParty:1030 - CMSIS Pack Vendor :SEGGER I-CUBE-embOS 1.3.0
2023-05-22 14:46:36,381 [INFO] ThirdParty:1030 - CMSIS Pack Vendor :STMicroelectronics ThreadX 0.0.2
2023-05-22 14:46:36,381 [INFO] ThirdParty:1030 - CMSIS Pack Vendor :WES I-CUBE-Cesium 1.3.0
2023-05-22 14:46:36,382 [INFO] ThirdParty:1030 - CMSIS Pack Vendor :STMicroelectronics FP-ATR-ASTRA1 2.0.0
2023-05-22 14:46:36,382 [INFO] ThirdParty:1030 - CMSIS Pack Vendor :STMicroelectronics lwIP 2.1.2
2023-05-22 14:46:36,382 [INFO] ThirdParty:1030 - CMSIS Pack Vendor :STMicroelectronics X-CUBE-SFXS2LP1 4.0.0
2023-05-22 14:46:36,382 [INFO] ThirdParty:1030 - CMSIS Pack Vendor :STMicroelectronics X-CUBE-BLE2 3.3.0
2023-05-22 14:46:36,382 [INFO] ThirdParty:1030 - CMSIS Pack Vendor :STMicroelectronics X-CUBE-DISPLAY 2.2.0
2023-05-22 14:46:36,382 [INFO] ThirdParty:1030 - CMSIS Pack Vendor :STMicroelectronics X-CUBE-TOF1 3.2.0
2023-05-22 14:46:36,382 [INFO] ThirdParty:1030 - CMSIS Pack Vendor :STMicroelectronics PDM2PCM 3.2.0
2023-05-22 14:46:36,382 [INFO] ThirdParty:1030 - CMSIS Pack Vendor :STMicroelectronics X-CUBE-AZRTOS-H7 3.0.0
2023-05-22 14:46:36,383 [INFO] ThirdParty:841 - exiting critical section [change project]
2023-05-22 14:46:36,522 [INFO] PinOutPanel:1499 - setPackage(No Configuration,No Configuration)
2023-05-22 14:46:36,524 [INFO] PinOutPanel:1499 - setPackage(STM32F411RETx,LQFP64)
2023-05-22 14:46:36,759 [INFO] UtilMem:75 - Before build in PCC Used Memory: 353508744 Bytes (537919488)
2023-05-22 14:46:36,934 [INFO] UtilMem:75 - After build in PCC Used Memory: 395974024 Bytes (537919488)
2023-05-22 14:46:36,948 [INFO] IPUIPlugin:80 - create IPUIPlugin
2023-05-22 14:46:36,948 [INFO] IPUIPlugin:80 - create IPUIPlugin
2023-05-22 14:46:36,949 [INFO] IPUIPlugin:80 - create IPUIPlugin
2023-05-22 14:46:36,949 [INFO] IPUIPlugin:80 - create IPUIPlugin
2023-05-22 14:46:36,949 [INFO] IPUIPlugin:80 - create IPUIPlugin
2023-05-22 14:46:36,949 [INFO] IPUIPlugin:80 - create IPUIPlugin
2023-05-22 14:46:36,949 [INFO] IPUIPlugin:80 - create IPUIPlugin
2023-05-22 14:46:36,949 [INFO] IPUIPlugin:80 - create IPUIPlugin
2023-05-22 14:46:36,949 [INFO] IPUIPlugin:80 - create IPUIPlugin
2023-05-22 14:46:36,950 [INFO] IPUIPlugin:80 - create IPUIPlugin
2023-05-22 14:46:36,950 [INFO] IPUIPlugin:80 - create IPUIPlugin
2023-05-22 14:46:36,950 [INFO] IPUIPlugin:80 - create IPUIPlugin
2023-05-22 14:46:36,950 [INFO] IPUIPlugin:80 - create IPUIPlugin
2023-05-22 14:46:36,950 [INFO] IPUIPlugin:80 - create IPUIPlugin
2023-05-22 14:46:36,951 [INFO] IPUIPlugin:80 - create IPUIPlugin
2023-05-22 14:46:36,951 [INFO] IPUIPlugin:80 - create IPUIPlugin
2023-05-22 14:46:36,951 [INFO] IPUIPlugin:80 - create IPUIPlugin
2023-05-22 14:46:36,951 [INFO] IPUIPlugin:80 - create IPUIPlugin
2023-05-22 14:46:36,951 [INFO] IPUIPlugin:80 - create IPUIPlugin
2023-05-22 14:46:36,951 [INFO] IPUIPlugin:80 - create IPUIPlugin
2023-05-22 14:46:36,951 [INFO] IPUIPlugin:80 - create IPUIPlugin
2023-05-22 14:46:36,952 [INFO] IPUIPlugin:80 - create IPUIPlugin
2023-05-22 14:46:36,952 [INFO] IPUIPlugin:80 - create IPUIPlugin
2023-05-22 14:46:36,952 [INFO] IPUIPlugin:80 - create IPUIPlugin
2023-05-22 14:46:36,952 [INFO] IPUIPlugin:80 - create IPUIPlugin
2023-05-22 14:46:36,952 [INFO] IPUIPlugin:80 - create IPUIPlugin
2023-05-22 14:46:36,952 [INFO] IPUIPlugin:80 - create IPUIPlugin
2023-05-22 14:46:36,954 [INFO] IPUIPlugin:80 - create IPUIPlugin
2023-05-22 14:46:36,954 [INFO] IPUIPlugin:80 - create IPUIPlugin
2023-05-22 14:46:36,954 [INFO] IPUIPlugin:80 - create IPUIPlugin
2023-05-22 14:46:36,954 [INFO] IPUIPlugin:80 - create IPUIPlugin
2023-05-22 14:46:36,955 [INFO] IPUIPlugin:80 - create IPUIPlugin
2023-05-22 14:46:36,955 [INFO] IPUIPlugin:80 - create IPUIPlugin
2023-05-22 14:46:36,955 [INFO] IPUIPlugin:80 - create IPUIPlugin
2023-05-22 14:46:36,955 [INFO] IPUIPlugin:80 - create IPUIPlugin
2023-05-22 14:46:36,955 [INFO] IPUIPlugin:80 - create IPUIPlugin
2023-05-22 14:46:36,956 [INFO] IPUIPlugin:80 - create IPUIPlugin
2023-05-22 14:46:36,956 [INFO] IPUIPlugin:80 - create IPUIPlugin
2023-05-22 14:46:36,956 [INFO] IPUIPlugin:80 - create IPUIPlugin
2023-05-22 14:46:36,956 [INFO] IPUIPlugin:80 - create IPUIPlugin
2023-05-22 14:46:36,957 [INFO] IPUIPlugin:80 - create IPUIPlugin
2023-05-22 14:46:36,957 [INFO] IPUIPlugin:80 - create IPUIPlugin
2023-05-22 14:46:36,957 [INFO] IPUIPlugin:80 - create IPUIPlugin
2023-05-22 14:46:36,959 [INFO] ApiDbMcu:507 - Load IP Config File for PDM2PCM
2023-05-22 14:46:36,993 [INFO] CADModel:165 - CPN selected for project levelSTM32F411RET6
2023-05-22 14:46:36,993 [INFO] CADModel:114 - Register for checkConnection events
2023-05-22 14:46:37,045 [INFO] OpenFileManager:328 - Restore cursor
2023-05-22 14:48:37,354 [INFO] UtilMem:75 - End SaveConfig() Used Memory: 366363024 Bytes (537919488)
2023-05-22 14:48:37,701 [INFO] UtilMem:75 - End SaveConfig() Used Memory: 381565328 Bytes (537919488)
2023-05-22 14:48:38,615 [INFO] UtilMem:75 - End SaveConfig() Used Memory: 277408224 Bytes (537919488)
2023-05-22 14:48:39,474 [INFO] BlockDiagram:2759 - set Specific Code input for plugin: NVIC
2023-05-22 14:48:39,474 [INFO] BlockDiagram:2759 - set Specific Code input for plugin: USART
2023-05-22 14:48:39,475 [INFO] BlockDiagram:2759 - set Specific Code input for plugin: USART
2023-05-22 14:48:39,475 [INFO] BlockDiagram:2759 - set Specific Code input for plugin: TIM1_8
2023-05-22 14:48:39,475 [INFO] BlockDiagram:2759 - set Specific Code input for plugin: TIM1_8
2023-05-22 14:48:39,475 [INFO] BlockDiagram:2759 - set Specific Code input for plugin: SYS
2023-05-22 14:48:39,475 [INFO] BlockDiagram:2759 - set Specific Code input for plugin: GPIO
2023-05-22 14:48:39,476 [INFO] BlockDiagram:2759 - set Specific Code input for plugin: RCC
2023-05-22 14:48:39,477 [INFO] CodeGenerator:793 - code generatio: config db path: D:\Program Files\STM32CubeIDE_1.11.0\STM32CubeIDE\plugins\com.st.stm32cube.common.mx_6.8.0.202302231600\\db\
2023-05-22 14:48:39,740 [INFO] CodeEngine:255 - oldGeneratedFile, D:\Code\CU\Embeded_Sys_Lab\final411\MXTmpFiles\license.tmp_save
2023-05-22 14:48:40,104 [INFO] CodeEngine:279 - Generated code: D:\Code\CU\Embeded_Sys_Lab\final411\MXTmpFiles\license.tmp
2023-05-22 14:48:40,145 [INFO] CodeEngine:255 - oldGeneratedFile, D:\Code\CU\Embeded_Sys_Lab\final411\MXTmpFiles\gpio.tmp_save
2023-05-22 14:48:40,249 [INFO] CodeEngine:279 - Generated code: D:\Code\CU\Embeded_Sys_Lab\final411\MXTmpFiles\gpio.tmp
2023-05-22 14:48:40,386 [INFO] CodeEngine:255 - oldGeneratedFile, D:\Code\CU\Embeded_Sys_Lab\final411\Core\Src\stm32f4xx_it.c_save
2023-05-22 14:48:40,567 [INFO] CodeEngine:279 - Generated code: D:\Code\CU\Embeded_Sys_Lab\final411\Core\Src\stm32f4xx_it.c
2023-05-22 14:48:40,575 [INFO] CodeEngine:255 - oldGeneratedFile, D:\Code\CU\Embeded_Sys_Lab\final411\Core\Inc\stm32f4xx_it.h_save
2023-05-22 14:48:40,642 [INFO] CodeEngine:279 - Generated code: D:\Code\CU\Embeded_Sys_Lab\final411\Core\Inc\stm32f4xx_it.h
2023-05-22 14:48:40,659 [INFO] CodeEngine:255 - oldGeneratedFile, D:\Code\CU\Embeded_Sys_Lab\final411\Core\Src\stm32f4xx_hal_msp.c_save
2023-05-22 14:48:40,807 [INFO] CodeEngine:279 - Generated code: D:\Code\CU\Embeded_Sys_Lab\final411\Core\Src\stm32f4xx_hal_msp.c
2023-05-22 14:48:40,813 [INFO] CodeEngine:255 - oldGeneratedFile, D:\Code\CU\Embeded_Sys_Lab\final411\MXTmpFiles\system.tmp_save
2023-05-22 14:48:40,862 [INFO] CodeEngine:279 - Generated code: D:\Code\CU\Embeded_Sys_Lab\final411\MXTmpFiles\system.tmp
2023-05-22 14:48:40,877 [INFO] CodeEngine:311 - oldGeneratedFile, D:\Code\CU\Embeded_Sys_Lab\final411\Core\Inc\stm32f4xx_hal_conf.h_save
2023-05-22 14:48:40,940 [INFO] CodeEngine:335 - Generated code: D:\Code\CU\Embeded_Sys_Lab\final411\Core\Inc\stm32f4xx_hal_conf.h
2023-05-22 14:48:40,963 [WARN] IPConfigManager:3431 - IP not found : TIM
2023-05-22 14:48:40,964 [WARN] CodeGenerator:3754 - IP not found : null
2023-05-22 14:48:40,974 [INFO] CodeEngine:255 - oldGeneratedFile, D:\Code\CU\Embeded_Sys_Lab\final411\Core\Inc\main.h_save
2023-05-22 14:48:41,041 [INFO] CodeEngine:279 - Generated code: D:\Code\CU\Embeded_Sys_Lab\final411\Core\Inc\main.h
2023-05-22 14:48:41,048 [INFO] CodeEngine:255 - oldGeneratedFile, D:\Code\CU\Embeded_Sys_Lab\final411\Core\Src\main.c_save
2023-05-22 14:48:41,253 [INFO] CodeEngine:279 - Generated code: D:\Code\CU\Embeded_Sys_Lab\final411\Core\Src\main.c
2023-05-22 14:48:41,922 [INFO] ProjectBuilder:2996 - Time for Copy HAL[1] : 201mS.
2023-05-22 14:48:41,930 [INFO] ProjectBuilder:4304 - Project Generator version: 3.19.2
2023-05-22 14:48:42,180 [INFO] ConfigFileManager:1483 - The Die is : DIE431
2023-05-22 14:48:42,188 [INFO] ApiDbMcu:507 - Load IP Config File for FATFS
2023-05-22 14:48:42,194 [INFO] ApiDbMcu:507 - Load IP Config File for FREERTOS
2023-05-22 14:48:42,197 [INFO] ApiDbMcu:507 - Load IP Config File for LIBJPEG
2023-05-22 14:48:42,202 [INFO] ApiDbMcu:507 - Load IP Config File for MBEDTLS
2023-05-22 14:48:42,209 [INFO] ApiDbMcu:507 - Load IP Config File for USB_DEVICE
2023-05-22 14:48:42,212 [INFO] ApiDbMcu:507 - Load IP Config File for USB_HOST
2023-05-22 14:48:42,863 [INFO] LogOutputStream:77 - [STDOUT_REDIRECT] 
2023-05-22 14:48:43,723 [INFO] ProjectBuilder:4505 - Time for Generating toolchain IDE Files: 1791mS.
2023-05-22 14:48:43,724 [INFO] ProjectBuilder:2867 - Time for Copy CMSIS : 1mS.
2023-05-22 14:48:43,728 [INFO] ProjectBuilder:2867 - Time for Copy CMSIS : 0mS.
2023-05-22 15:26:42,736 [WARN] IP:2113 - I2C_Coeff_DF not found: check if there is a RefParameter without a condition.
2023-05-22 15:26:42,737 [WARN] IP:2113 - Analog_Filter not found: check if there is a RefParameter without a condition.
2023-05-22 15:26:42,748 [WARN] IP:2113 - I2C_Coeff_DF not found: check if there is a RefParameter without a condition.
2023-05-22 15:26:42,748 [WARN] IP:2113 - Analog_Filter not found: check if there is a RefParameter without a condition.
2023-05-22 15:26:42,748 [WARN] IP:2113 - I2C_Coeff_DF not found: check if there is a RefParameter without a condition.
2023-05-22 15:26:42,749 [WARN] IP:2113 - Analog_Filter not found: check if there is a RefParameter without a condition.
2023-05-22 15:26:42,809 [WARN] IP:2113 - I2C_Coeff_DF not found: check if there is a RefParameter without a condition.
2023-05-22 15:26:42,809 [WARN] IP:2113 - Analog_Filter not found: check if there is a RefParameter without a condition.
2023-05-22 15:26:42,810 [WARN] IP:2113 - I2C_Coeff_DF not found: check if there is a RefParameter without a condition.
2023-05-22 15:26:42,811 [WARN] IP:2113 - Analog_Filter not found: check if there is a RefParameter without a condition.
2023-05-22 15:26:44,426 [INFO] UtilMem:75 - End SaveConfig() Used Memory: 271135056 Bytes (734003200)
2023-05-22 15:26:44,762 [INFO] UtilMem:75 - End SaveConfig() Used Memory: 287390032 Bytes (734003200)
2023-05-22 15:26:45,497 [INFO] UtilMem:75 - End SaveConfig() Used Memory: 318847312 Bytes (734003200)
2023-05-22 15:26:45,964 [INFO] BlockDiagram:2759 - set Specific Code input for plugin: NVIC
2023-05-22 15:26:45,965 [INFO] BlockDiagram:2759 - set Specific Code input for plugin: USART
2023-05-22 15:26:45,965 [INFO] BlockDiagram:2759 - set Specific Code input for plugin: USART
2023-05-22 15:26:45,965 [INFO] BlockDiagram:2759 - set Specific Code input for plugin: TIM1_8
2023-05-22 15:26:45,965 [INFO] BlockDiagram:2759 - set Specific Code input for plugin: TIM1_8
2023-05-22 15:26:45,966 [INFO] BlockDiagram:2759 - set Specific Code input for plugin: SYS
2023-05-22 15:26:45,966 [INFO] BlockDiagram:2759 - set Specific Code input for plugin: GPIO
2023-05-22 15:26:45,966 [INFO] BlockDiagram:2759 - set Specific Code input for plugin: RCC
2023-05-22 15:26:45,966 [INFO] BlockDiagram:2759 - set Specific Code input for plugin: I2C
2023-05-22 15:26:45,967 [INFO] CodeGenerator:793 - code generatio: config db path: D:\Program Files\STM32CubeIDE_1.11.0\STM32CubeIDE\plugins\com.st.stm32cube.common.mx_6.8.0.202302231600\\db\
2023-05-22 15:26:45,967 [WARN] IP:2113 - I2C_Coeff_DF not found: check if there is a RefParameter without a condition.
2023-05-22 15:26:45,969 [WARN] IP:2113 - Analog_Filter not found: check if there is a RefParameter without a condition.
2023-05-22 15:26:46,070 [INFO] CodeEngine:255 - oldGeneratedFile, D:\Code\CU\Embeded_Sys_Lab\final411\MXTmpFiles\license.tmp_save
2023-05-22 15:26:46,139 [INFO] CodeEngine:279 - Generated code: D:\Code\CU\Embeded_Sys_Lab\final411\MXTmpFiles\license.tmp
2023-05-22 15:26:46,156 [INFO] CodeEngine:255 - oldGeneratedFile, D:\Code\CU\Embeded_Sys_Lab\final411\MXTmpFiles\gpio.tmp_save
2023-05-22 15:26:46,216 [INFO] CodeEngine:279 - Generated code: D:\Code\CU\Embeded_Sys_Lab\final411\MXTmpFiles\gpio.tmp
2023-05-22 15:26:46,303 [INFO] CodeEngine:255 - oldGeneratedFile, D:\Code\CU\Embeded_Sys_Lab\final411\Core\Src\stm32f4xx_it.c_save
2023-05-22 15:26:46,473 [INFO] CodeEngine:279 - Generated code: D:\Code\CU\Embeded_Sys_Lab\final411\Core\Src\stm32f4xx_it.c
2023-05-22 15:26:46,479 [INFO] CodeEngine:255 - oldGeneratedFile, D:\Code\CU\Embeded_Sys_Lab\final411\Core\Inc\stm32f4xx_it.h_save
2023-05-22 15:26:46,531 [INFO] CodeEngine:279 - Generated code: D:\Code\CU\Embeded_Sys_Lab\final411\Core\Inc\stm32f4xx_it.h
2023-05-22 15:26:46,543 [INFO] CodeEngine:255 - oldGeneratedFile, D:\Code\CU\Embeded_Sys_Lab\final411\Core\Src\stm32f4xx_hal_msp.c_save
2023-05-22 15:26:46,642 [INFO] CodeEngine:279 - Generated code: D:\Code\CU\Embeded_Sys_Lab\final411\Core\Src\stm32f4xx_hal_msp.c
2023-05-22 15:26:46,668 [INFO] CodeEngine:255 - oldGeneratedFile, D:\Code\CU\Embeded_Sys_Lab\final411\MXTmpFiles\system.tmp_save
2023-05-22 15:26:46,716 [INFO] CodeEngine:279 - Generated code: D:\Code\CU\Embeded_Sys_Lab\final411\MXTmpFiles\system.tmp
2023-05-22 15:26:46,749 [INFO] CodeEngine:311 - oldGeneratedFile, D:\Code\CU\Embeded_Sys_Lab\final411\Core\Inc\stm32f4xx_hal_conf.h_save
2023-05-22 15:26:46,808 [INFO] CodeEngine:335 - Generated code: D:\Code\CU\Embeded_Sys_Lab\final411\Core\Inc\stm32f4xx_hal_conf.h
2023-05-22 15:26:46,821 [WARN] IPConfigManager:3431 - IP not found : TIM
2023-05-22 15:26:46,822 [WARN] CodeGenerator:3754 - IP not found : null
2023-05-22 15:26:46,829 [INFO] CodeEngine:255 - oldGeneratedFile, D:\Code\CU\Embeded_Sys_Lab\final411\Core\Inc\main.h_save
2023-05-22 15:26:46,888 [INFO] CodeEngine:279 - Generated code: D:\Code\CU\Embeded_Sys_Lab\final411\Core\Inc\main.h
2023-05-22 15:26:46,894 [INFO] CodeEngine:255 - oldGeneratedFile, D:\Code\CU\Embeded_Sys_Lab\final411\Core\Src\main.c_save
2023-05-22 15:26:46,990 [INFO] CodeEngine:279 - Generated code: D:\Code\CU\Embeded_Sys_Lab\final411\Core\Src\main.c
2023-05-22 15:26:47,429 [INFO] ProjectBuilder:2996 - Time for Copy HAL[1] : 134mS.
2023-05-22 15:26:47,431 [INFO] ProjectBuilder:4304 - Project Generator version: 3.19.2
2023-05-22 15:26:47,612 [INFO] ConfigFileManager:1483 - The Die is : DIE431
2023-05-22 15:26:48,601 [INFO] ProjectBuilder:4505 - Time for Generating toolchain IDE Files: 1170mS.
2023-05-22 15:26:48,602 [INFO] ProjectBuilder:2867 - Time for Copy CMSIS : 1mS.
2023-05-22 15:26:48,604 [INFO] ProjectBuilder:2867 - Time for Copy CMSIS : 0mS.
2023-05-22 15:34:15,227 [WARN] IP:2113 - I2C_Coeff_DF not found: check if there is a RefParameter without a condition.
2023-05-22 15:34:15,227 [WARN] IP:2113 - Analog_Filter not found: check if there is a RefParameter without a condition.
2023-05-22 15:34:15,227 [WARN] IP:2113 - I2C_Coeff_DF not found: check if there is a RefParameter without a condition.
2023-05-22 15:34:15,227 [WARN] IP:2113 - Analog_Filter not found: check if there is a RefParameter without a condition.
2023-05-22 15:34:15,287 [WARN] IP:2113 - I2C_Coeff_DF not found: check if there is a RefParameter without a condition.
2023-05-22 15:34:15,287 [WARN] IP:2113 - Analog_Filter not found: check if there is a RefParameter without a condition.
2023-05-22 15:34:15,287 [WARN] IP:2113 - I2C_Coeff_DF not found: check if there is a RefParameter without a condition.
2023-05-22 15:34:15,287 [WARN] IP:2113 - Analog_Filter not found: check if there is a RefParameter without a condition.
2023-05-22 15:48:25,991 [INFO] NvicIntPanel:101 - NVIC parent = com.st.microxplorer.plugins.ip.nvic.MultiNvicIntPanel[,0,0,0x0,invalid,layout=javax.swing.BoxLayout,alignmentX=0.0,alignmentY=0.0,border=,flags=9,maximumSize=,minimumSize=,preferredSize=]
2023-05-22 15:51:03,812 [INFO] UtilMem:75 - End SaveConfig() Used Memory: 295364752 Bytes (734003200)
2023-05-22 15:51:04,202 [INFO] UtilMem:75 - End SaveConfig() Used Memory: 285870688 Bytes (734003200)
2023-05-22 15:51:04,630 [INFO] UtilMem:75 - End SaveConfig() Used Memory: 329384544 Bytes (734003200)
2023-05-22 15:51:05,080 [INFO] BlockDiagram:2759 - set Specific Code input for plugin: NVIC
2023-05-22 15:51:05,081 [INFO] BlockDiagram:2759 - set Specific Code input for plugin: USART
2023-05-22 15:51:05,081 [INFO] BlockDiagram:2759 - set Specific Code input for plugin: USART
2023-05-22 15:51:05,081 [INFO] BlockDiagram:2759 - set Specific Code input for plugin: TIM1_8
2023-05-22 15:51:05,081 [INFO] BlockDiagram:2759 - set Specific Code input for plugin: TIM1_8
2023-05-22 15:51:05,081 [INFO] BlockDiagram:2759 - set Specific Code input for plugin: SYS
2023-05-22 15:51:05,082 [INFO] BlockDiagram:2759 - set Specific Code input for plugin: GPIO
2023-05-22 15:51:05,082 [INFO] BlockDiagram:2759 - set Specific Code input for plugin: RCC
2023-05-22 15:51:05,082 [INFO] BlockDiagram:2759 - set Specific Code input for plugin: I2C
2023-05-22 15:51:05,083 [INFO] CodeGenerator:793 - code generatio: config db path: D:\Program Files\STM32CubeIDE_1.11.0\STM32CubeIDE\plugins\com.st.stm32cube.common.mx_6.8.0.202302231600\\db\
2023-05-22 15:51:05,084 [WARN] IP:2113 - I2C_Coeff_DF not found: check if there is a RefParameter without a condition.
2023-05-22 15:51:05,084 [WARN] IP:2113 - Analog_Filter not found: check if there is a RefParameter without a condition.
2023-05-22 15:51:05,239 [INFO] CodeEngine:255 - oldGeneratedFile, D:\Code\CU\Embeded_Sys_Lab\final411\MXTmpFiles\license.tmp_save
2023-05-22 15:51:05,294 [INFO] CodeEngine:279 - Generated code: D:\Code\CU\Embeded_Sys_Lab\final411\MXTmpFiles\license.tmp
2023-05-22 15:51:05,309 [INFO] CodeEngine:255 - oldGeneratedFile, D:\Code\CU\Embeded_Sys_Lab\final411\MXTmpFiles\gpio.tmp_save
2023-05-22 15:51:05,360 [INFO] CodeEngine:279 - Generated code: D:\Code\CU\Embeded_Sys_Lab\final411\MXTmpFiles\gpio.tmp
2023-05-22 15:51:05,432 [INFO] CodeEngine:255 - oldGeneratedFile, D:\Code\CU\Embeded_Sys_Lab\final411\Core\Src\stm32f4xx_it.c_save
2023-05-22 15:51:05,580 [INFO] CodeEngine:279 - Generated code: D:\Code\CU\Embeded_Sys_Lab\final411\Core\Src\stm32f4xx_it.c
2023-05-22 15:51:05,586 [INFO] CodeEngine:255 - oldGeneratedFile, D:\Code\CU\Embeded_Sys_Lab\final411\Core\Inc\stm32f4xx_it.h_save
2023-05-22 15:51:05,634 [INFO] CodeEngine:279 - Generated code: D:\Code\CU\Embeded_Sys_Lab\final411\Core\Inc\stm32f4xx_it.h
2023-05-22 15:51:05,644 [INFO] CodeEngine:255 - oldGeneratedFile, D:\Code\CU\Embeded_Sys_Lab\final411\Core\Src\stm32f4xx_hal_msp.c_save
2023-05-22 15:51:05,716 [INFO] CodeEngine:279 - Generated code: D:\Code\CU\Embeded_Sys_Lab\final411\Core\Src\stm32f4xx_hal_msp.c
2023-05-22 15:51:05,720 [INFO] CodeEngine:255 - oldGeneratedFile, D:\Code\CU\Embeded_Sys_Lab\final411\MXTmpFiles\system.tmp_save
2023-05-22 15:51:05,756 [INFO] CodeEngine:279 - Generated code: D:\Code\CU\Embeded_Sys_Lab\final411\MXTmpFiles\system.tmp
2023-05-22 15:51:05,771 [INFO] CodeEngine:311 - oldGeneratedFile, D:\Code\CU\Embeded_Sys_Lab\final411\Core\Inc\stm32f4xx_hal_conf.h_save
2023-05-22 15:51:05,822 [INFO] CodeEngine:335 - Generated code: D:\Code\CU\Embeded_Sys_Lab\final411\Core\Inc\stm32f4xx_hal_conf.h
2023-05-22 15:51:05,839 [WARN] IPConfigManager:3431 - IP not found : TIM
2023-05-22 15:51:05,839 [WARN] CodeGenerator:3754 - IP not found : null
2023-05-22 15:51:05,847 [INFO] CodeEngine:255 - oldGeneratedFile, D:\Code\CU\Embeded_Sys_Lab\final411\Core\Inc\main.h_save
2023-05-22 15:51:06,029 [INFO] CodeEngine:279 - Generated code: D:\Code\CU\Embeded_Sys_Lab\final411\Core\Inc\main.h
2023-05-22 15:51:06,036 [INFO] CodeEngine:255 - oldGeneratedFile, D:\Code\CU\Embeded_Sys_Lab\final411\Core\Src\main.c_save
2023-05-22 15:51:06,225 [INFO] CodeEngine:279 - Generated code: D:\Code\CU\Embeded_Sys_Lab\final411\Core\Src\main.c
2023-05-22 15:51:06,653 [INFO] ProjectBuilder:2996 - Time for Copy HAL[1] : 126mS.
2023-05-22 15:51:06,657 [INFO] ProjectBuilder:4304 - Project Generator version: 3.19.2
2023-05-22 15:51:06,904 [INFO] ConfigFileManager:1483 - The Die is : DIE431
2023-05-22 15:51:07,802 [INFO] ProjectBuilder:4505 - Time for Generating toolchain IDE Files: 1145mS.
2023-05-22 15:51:07,802 [INFO] ProjectBuilder:2867 - Time for Copy CMSIS : 0mS.
2023-05-22 15:51:07,802 [INFO] ProjectBuilder:2867 - Time for Copy CMSIS : 0mS.
2023-05-22 16:14:13,612 [WARN] IP:2113 - I2C_Coeff_DF not found: check if there is a RefParameter without a condition.
2023-05-22 16:14:13,612 [WARN] IP:2113 - Analog_Filter not found: check if there is a RefParameter without a condition.
