
*** Running vivado
    with args -log vga_test.vds -m64 -product Vivado -mode batch -messageDb vivado.pb -notrace -source vga_test.tcl


ECHO is off.
ECHO is off.

****** Vivado v2023.1 (64-bit)
  **** SW Build 3865809 on Sun May  7 15:05:29 MDT 2023
  **** IP Build 3864474 on Sun May  7 20:36:21 MDT 2023
  **** SharedData Build 3865790 on Sun May 07 13:33:03 MDT 2023
    ** Copyright 1986-2022 Xilinx, Inc. All Rights Reserved.
    ** Copyright 2022-2023 Advanced Micro Devices, Inc. All Rights Reserved.

Sourcing tcl script 'D:/Programs/Xilinx/Vivado/2023.1/scripts/Vivado_init.tcl'
source vga_test.tcl -notrace
create_project: Time (s): cpu = 00:00:05 ; elapsed = 00:00:05 . Memory (MB): peak = 464.395 ; gain = 186.668
Command: read_checkpoint -auto_incremental -incremental D:/Code/CU/HW_Syn_Lab/Lab06/Lab06.srcs/utils_1/imports/synth_2/vga_test.dcp
INFO: [Vivado 12-5825] Read reference checkpoint from D:/Code/CU/HW_Syn_Lab/Lab06/Lab06.srcs/utils_1/imports/synth_2/vga_test.dcp for incremental synthesis
INFO: [Vivado 12-7989] Please ensure there are no constraint changes
Command: synth_design -top vga_test -part xc7a35tcpg236-1
Starting synth_design
Attempting to get a license for feature 'Synthesis' and/or device 'xc7a35t'
INFO: [Common 17-349] Got license for feature 'Synthesis' and/or device 'xc7a35t'
INFO: [Device 21-403] Loading part xc7a35tcpg236-1
INFO: [Designutils 20-5440] No compile time benefit to using incremental synthesis; A full resynthesis will be run
INFO: [Designutils 20-4379] Flow is switching to default flow due to incremental criteria not met. If you would like to alter this behaviour and have the flow terminate instead, please set the following parameter config_implementation {autoIncr.Synth.RejectBehavior Terminate}
INFO: [Synth 8-7079] Multithreading enabled for synth_design using a maximum of 4 processes.
INFO: [Synth 8-7078] Launching helper process for spawning children vivado processes
INFO: [Synth 8-7075] Helper process launched with PID 12100
---------------------------------------------------------------------------------
Starting RTL Elaboration : Time (s): cpu = 00:00:03 ; elapsed = 00:00:04 . Memory (MB): peak = 1280.508 ; gain = 411.750
---------------------------------------------------------------------------------
INFO: [Synth 8-6157] synthesizing module 'vga_test' [D:/Code/CU/HW_Syn_Lab/Lab06/Lab06.srcs/sources_1/new/vga_test.v:23]
INFO: [Synth 8-6157] synthesizing module 'vga_sync' [D:/Code/CU/HW_Syn_Lab/Lab06/Lab06.srcs/sources_1/new/vga_sync.v:1]
INFO: [Synth 8-6155] done synthesizing module 'vga_sync' (0#1) [D:/Code/CU/HW_Syn_Lab/Lab06/Lab06.srcs/sources_1/new/vga_sync.v:1]
INFO: [Synth 8-6157] synthesizing module 'vga_gradient' [D:/Code/CU/HW_Syn_Lab/Lab06/Lab06.srcs/sources_1/new/vga_gradient.v:23]
INFO: [Synth 8-6157] synthesizing module 'SinglePulser' [D:/Code/CU/HW_Syn_Lab/Lab06/Lab06.srcs/sources_1/imports/new/SinglePulser.v:23]
INFO: [Synth 8-6157] synthesizing module 'Debouncer' [D:/Code/CU/HW_Syn_Lab/Lab06/Lab06.srcs/sources_1/imports/new/Debouncer.v:23]
INFO: [Synth 8-6157] synthesizing module 'DFlipFlop' [D:/Code/CU/HW_Syn_Lab/Lab06/Lab06.srcs/sources_1/imports/new/DFlipFlop.v:23]
INFO: [Synth 8-6155] done synthesizing module 'DFlipFlop' (0#1) [D:/Code/CU/HW_Syn_Lab/Lab06/Lab06.srcs/sources_1/imports/new/DFlipFlop.v:23]
INFO: [Synth 8-6155] done synthesizing module 'Debouncer' (0#1) [D:/Code/CU/HW_Syn_Lab/Lab06/Lab06.srcs/sources_1/imports/new/Debouncer.v:23]
INFO: [Synth 8-6155] done synthesizing module 'SinglePulser' (0#1) [D:/Code/CU/HW_Syn_Lab/Lab06/Lab06.srcs/sources_1/imports/new/SinglePulser.v:23]
INFO: [Synth 8-6155] done synthesizing module 'vga_gradient' (0#1) [D:/Code/CU/HW_Syn_Lab/Lab06/Lab06.srcs/sources_1/new/vga_gradient.v:23]
INFO: [Synth 8-6155] done synthesizing module 'vga_test' (0#1) [D:/Code/CU/HW_Syn_Lab/Lab06/Lab06.srcs/sources_1/new/vga_test.v:23]
---------------------------------------------------------------------------------
Finished RTL Elaboration : Time (s): cpu = 00:00:05 ; elapsed = 00:00:06 . Memory (MB): peak = 1370.473 ; gain = 501.715
---------------------------------------------------------------------------------
---------------------------------------------------------------------------------
Start Handling Custom Attributes
---------------------------------------------------------------------------------
---------------------------------------------------------------------------------
Finished Handling Custom Attributes : Time (s): cpu = 00:00:05 ; elapsed = 00:00:06 . Memory (MB): peak = 1370.473 ; gain = 501.715
---------------------------------------------------------------------------------
---------------------------------------------------------------------------------
Finished RTL Optimization Phase 1 : Time (s): cpu = 00:00:05 ; elapsed = 00:00:06 . Memory (MB): peak = 1370.473 ; gain = 501.715
---------------------------------------------------------------------------------
Netlist sorting complete. Time (s): cpu = 00:00:00 ; elapsed = 00:00:00.003 . Memory (MB): peak = 1370.473 ; gain = 0.000
INFO: [Project 1-570] Preparing netlist for logic optimization

Processing XDC Constraints
Initializing timing engine
Parsing XDC File [D:/Code/CU/HW_Syn_Lab/Lab06/Lab06.srcs/constrs_1/new/constraints.xdc]
WARNING: [Vivado 12-584] No ports matched 'RsRx'. [D:/Code/CU/HW_Syn_Lab/Lab06/Lab06.srcs/constrs_1/new/constraints.xdc:75]
CRITICAL WARNING: [Common 17-55] 'set_property' expects at least one object. [D:/Code/CU/HW_Syn_Lab/Lab06/Lab06.srcs/constrs_1/new/constraints.xdc:75]
Resolution: If [get_<value>] was used to populate the object, check to make sure this command returns at least one valid object.
WARNING: [Vivado 12-584] No ports matched 'RsRx'. [D:/Code/CU/HW_Syn_Lab/Lab06/Lab06.srcs/constrs_1/new/constraints.xdc:76]
CRITICAL WARNING: [Common 17-55] 'set_property' expects at least one object. [D:/Code/CU/HW_Syn_Lab/Lab06/Lab06.srcs/constrs_1/new/constraints.xdc:76]
Resolution: If [get_<value>] was used to populate the object, check to make sure this command returns at least one valid object.
WARNING: [Vivado 12-584] No ports matched 'RsTx'. [D:/Code/CU/HW_Syn_Lab/Lab06/Lab06.srcs/constrs_1/new/constraints.xdc:77]
CRITICAL WARNING: [Common 17-55] 'set_property' expects at least one object. [D:/Code/CU/HW_Syn_Lab/Lab06/Lab06.srcs/constrs_1/new/constraints.xdc:77]
Resolution: If [get_<value>] was used to populate the object, check to make sure this command returns at least one valid object.
WARNING: [Vivado 12-584] No ports matched 'RsTx'. [D:/Code/CU/HW_Syn_Lab/Lab06/Lab06.srcs/constrs_1/new/constraints.xdc:78]
CRITICAL WARNING: [Common 17-55] 'set_property' expects at least one object. [D:/Code/CU/HW_Syn_Lab/Lab06/Lab06.srcs/constrs_1/new/constraints.xdc:78]
Resolution: If [get_<value>] was used to populate the object, check to make sure this command returns at least one valid object.
Finished Parsing XDC File [D:/Code/CU/HW_Syn_Lab/Lab06/Lab06.srcs/constrs_1/new/constraints.xdc]
INFO: [Project 1-236] Implementation specific constraints were found while reading constraint file [D:/Code/CU/HW_Syn_Lab/Lab06/Lab06.srcs/constrs_1/new/constraints.xdc]. These constraints will be ignored for synthesis but will be used in implementation. Impacted constraints are listed in the file [.Xil/vga_test_propImpl.xdc].
Resolution: To avoid this warning, move constraints listed in [.Xil/vga_test_propImpl.xdc] to another XDC file and exclude this new file from synthesis with the used_in_synthesis property (File Properties dialog in GUI) and re-run elaboration/synthesis.
Completed Processing XDC Constraints

Netlist sorting complete. Time (s): cpu = 00:00:00 ; elapsed = 00:00:00 . Memory (MB): peak = 1407.512 ; gain = 0.000
INFO: [Project 1-111] Unisim Transformation Summary:
No Unisim elements were transformed.

Constraint Validation Runtime : Time (s): cpu = 00:00:00 ; elapsed = 00:00:00.002 . Memory (MB): peak = 1407.512 ; gain = 0.000
INFO: [Designutils 20-5440] No compile time benefit to using incremental synthesis; A full resynthesis will be run
INFO: [Designutils 20-4379] Flow is switching to default flow due to incremental criteria not met. If you would like to alter this behaviour and have the flow terminate instead, please set the following parameter config_implementation {autoIncr.Synth.RejectBehavior Terminate}
---------------------------------------------------------------------------------
Finished Constraint Validation : Time (s): cpu = 00:00:11 ; elapsed = 00:00:12 . Memory (MB): peak = 1407.512 ; gain = 538.754
---------------------------------------------------------------------------------
---------------------------------------------------------------------------------
Start Loading Part and Timing Information
---------------------------------------------------------------------------------
Loading part: xc7a35tcpg236-1
---------------------------------------------------------------------------------
Finished Loading Part and Timing Information : Time (s): cpu = 00:00:11 ; elapsed = 00:00:12 . Memory (MB): peak = 1407.512 ; gain = 538.754
---------------------------------------------------------------------------------
---------------------------------------------------------------------------------
Start Applying 'set_property' XDC Constraints
---------------------------------------------------------------------------------
---------------------------------------------------------------------------------
Finished applying 'set_property' XDC Constraints : Time (s): cpu = 00:00:11 ; elapsed = 00:00:12 . Memory (MB): peak = 1407.512 ; gain = 538.754
---------------------------------------------------------------------------------
---------------------------------------------------------------------------------
Finished RTL Optimization Phase 2 : Time (s): cpu = 00:00:11 ; elapsed = 00:00:12 . Memory (MB): peak = 1407.512 ; gain = 538.754
---------------------------------------------------------------------------------
---------------------------------------------------------------------------------
Start RTL Component Statistics 
---------------------------------------------------------------------------------
Detailed RTL Component Info : 
+---Adders : 
	   2 Input   32 Bit       Adders := 2     
	   2 Input   10 Bit       Adders := 2     
	   2 Input    2 Bit       Adders := 1     
+---Registers : 
	               12 Bit    Registers := 2     
	               10 Bit    Registers := 2     
	                2 Bit    Registers := 1     
	                1 Bit    Registers := 13    
+---Multipliers : 
	               4x32  Multipliers := 6     
+---Muxes : 
	   2 Input   12 Bit        Muxes := 2     
	   2 Input    1 Bit        Muxes := 2     
---------------------------------------------------------------------------------
Finished RTL Component Statistics 
---------------------------------------------------------------------------------
---------------------------------------------------------------------------------
Start Part Resource Summary
---------------------------------------------------------------------------------
Part Resources:
DSPs: 90 (col length:60)
BRAMs: 100 (col length: RAMB18 60 RAMB36 30)
---------------------------------------------------------------------------------
Finished Part Resource Summary
---------------------------------------------------------------------------------
---------------------------------------------------------------------------------
Start Cross Boundary and Area Optimization
---------------------------------------------------------------------------------
WARNING: [Synth 8-7080] Parallel synthesis criteria is not met
DSP Report: Generating DSP rgb_reg2, operation Mode is: A*B2.
DSP Report: register rgb_reg2 is absorbed into DSP rgb_reg2.
DSP Report: operator rgb_reg2 is absorbed into DSP rgb_reg2.
DSP Report: operator rgb_reg2 is absorbed into DSP rgb_reg2.
DSP Report: Generating DSP rgb_reg2, operation Mode is: (PCIN>>17)+A*B2.
DSP Report: register rgb_reg2 is absorbed into DSP rgb_reg2.
DSP Report: operator rgb_reg2 is absorbed into DSP rgb_reg2.
DSP Report: operator rgb_reg2 is absorbed into DSP rgb_reg2.
DSP Report: Generating DSP rgb_reg2, operation Mode is: A*B2.
DSP Report: register rgb_reg2 is absorbed into DSP rgb_reg2.
DSP Report: operator rgb_reg2 is absorbed into DSP rgb_reg2.
DSP Report: operator rgb_reg2 is absorbed into DSP rgb_reg2.
DSP Report: Generating DSP rgb_reg2, operation Mode is: (PCIN>>17)+A*B2.
DSP Report: register rgb_reg2 is absorbed into DSP rgb_reg2.
DSP Report: operator rgb_reg2 is absorbed into DSP rgb_reg2.
DSP Report: operator rgb_reg2 is absorbed into DSP rgb_reg2.
DSP Report: Generating DSP rgb_reg2, operation Mode is: A*B2.
DSP Report: register rgb_reg2 is absorbed into DSP rgb_reg2.
DSP Report: operator rgb_reg2 is absorbed into DSP rgb_reg2.
DSP Report: operator rgb_reg2 is absorbed into DSP rgb_reg2.
DSP Report: Generating DSP rgb_reg2, operation Mode is: (PCIN>>17)+A*B2.
DSP Report: register rgb_reg2 is absorbed into DSP rgb_reg2.
DSP Report: operator rgb_reg2 is absorbed into DSP rgb_reg2.
DSP Report: operator rgb_reg2 is absorbed into DSP rgb_reg2.
DSP Report: Generating DSP rgb_reg2, operation Mode is: A*B2.
DSP Report: register rgb_reg2 is absorbed into DSP rgb_reg2.
DSP Report: operator rgb_reg2 is absorbed into DSP rgb_reg2.
DSP Report: operator rgb_reg2 is absorbed into DSP rgb_reg2.
DSP Report: Generating DSP rgb_reg2, operation Mode is: (PCIN>>17)+A*B2.
DSP Report: register rgb_reg2 is absorbed into DSP rgb_reg2.
DSP Report: operator rgb_reg2 is absorbed into DSP rgb_reg2.
DSP Report: operator rgb_reg2 is absorbed into DSP rgb_reg2.
DSP Report: Generating DSP rgb_reg2, operation Mode is: A*B2.
DSP Report: register rgb_reg2 is absorbed into DSP rgb_reg2.
DSP Report: operator rgb_reg2 is absorbed into DSP rgb_reg2.
DSP Report: operator rgb_reg2 is absorbed into DSP rgb_reg2.
DSP Report: Generating DSP rgb_reg2, operation Mode is: (PCIN>>17)+A*B2.
DSP Report: register rgb_reg2 is absorbed into DSP rgb_reg2.
DSP Report: operator rgb_reg2 is absorbed into DSP rgb_reg2.
DSP Report: operator rgb_reg2 is absorbed into DSP rgb_reg2.
DSP Report: Generating DSP rgb_reg2, operation Mode is: A*B2.
DSP Report: register rgb_reg2 is absorbed into DSP rgb_reg2.
DSP Report: operator rgb_reg2 is absorbed into DSP rgb_reg2.
DSP Report: operator rgb_reg2 is absorbed into DSP rgb_reg2.
DSP Report: Generating DSP rgb_reg2, operation Mode is: (PCIN>>17)+A*B2.
DSP Report: register rgb_reg2 is absorbed into DSP rgb_reg2.
DSP Report: operator rgb_reg2 is absorbed into DSP rgb_reg2.
DSP Report: operator rgb_reg2 is absorbed into DSP rgb_reg2.
---------------------------------------------------------------------------------
Finished Cross Boundary and Area Optimization : Time (s): cpu = 00:00:17 ; elapsed = 00:00:18 . Memory (MB): peak = 1407.512 ; gain = 538.754
---------------------------------------------------------------------------------
---------------------------------------------------------------------------------
Start ROM, RAM, DSP, Shift Register and Retiming Reporting
---------------------------------------------------------------------------------

DSP: Preliminary Mapping Report (see note below. The ' indicates corresponding REG is set)
+-------------+-----------------+--------+--------+--------+--------+--------+------+------+------+------+-------+------+------+
|Module Name  | DSP Mapping     | A Size | B Size | C Size | D Size | P Size | AREG | BREG | CREG | DREG | ADREG | MREG | PREG | 
+-------------+-----------------+--------+--------+--------+--------+--------+------+------+------+------+-------+------+------+
|vga_gradient | A*B2            | 18     | 5      | -      | -      | 48     | 0    | 1    | -    | -    | -     | 0    | 0    | 
|vga_gradient | (PCIN>>17)+A*B2 | 16     | 5      | -      | -      | 48     | 0    | 1    | -    | -    | -     | 0    | 0    | 
|vga_gradient | A*B2            | 18     | 5      | -      | -      | 48     | 0    | 1    | -    | -    | -     | 0    | 0    | 
|vga_gradient | (PCIN>>17)+A*B2 | 16     | 5      | -      | -      | 48     | 0    | 1    | -    | -    | -     | 0    | 0    | 
|vga_gradient | A*B2            | 18     | 5      | -      | -      | 48     | 0    | 1    | -    | -    | -     | 0    | 0    | 
|vga_gradient | (PCIN>>17)+A*B2 | 16     | 5      | -      | -      | 48     | 0    | 1    | -    | -    | -     | 0    | 0    | 
|vga_gradient | A*B2            | 18     | 5      | -      | -      | 48     | 0    | 1    | -    | -    | -     | 0    | 0    | 
|vga_gradient | (PCIN>>17)+A*B2 | 16     | 5      | -      | -      | 48     | 0    | 1    | -    | -    | -     | 0    | 0    | 
|vga_gradient | A*B2            | 18     | 5      | -      | -      | 48     | 0    | 1    | -    | -    | -     | 0    | 0    | 
|vga_gradient | (PCIN>>17)+A*B2 | 16     | 5      | -      | -      | 48     | 0    | 1    | -    | -    | -     | 0    | 0    | 
|vga_gradient | A*B2            | 18     | 5      | -      | -      | 48     | 0    | 1    | -    | -    | -     | 0    | 0    | 
|vga_gradient | (PCIN>>17)+A*B2 | 16     | 5      | -      | -      | 48     | 0    | 1    | -    | -    | -     | 0    | 0    | 
+-------------+-----------------+--------+--------+--------+--------+--------+------+------+------+------+-------+------+------+

Note: The table above is a preliminary report that shows the DSPs inferred at the current stage of the synthesis flow. Some DSP may be reimplemented as non DSP primitives later in the synthesis flow. Multiple instantiated DSPs are reported only once.
---------------------------------------------------------------------------------
Finished ROM, RAM, DSP, Shift Register and Retiming Reporting
---------------------------------------------------------------------------------
---------------------------------------------------------------------------------
Start Applying XDC Timing Constraints
---------------------------------------------------------------------------------
---------------------------------------------------------------------------------
Finished Applying XDC Timing Constraints : Time (s): cpu = 00:00:23 ; elapsed = 00:00:24 . Memory (MB): peak = 1419.859 ; gain = 551.102
---------------------------------------------------------------------------------
---------------------------------------------------------------------------------
Start Timing Optimization
---------------------------------------------------------------------------------
---------------------------------------------------------------------------------
Finished Timing Optimization : Time (s): cpu = 00:00:29 ; elapsed = 00:00:30 . Memory (MB): peak = 1522.277 ; gain = 653.520
---------------------------------------------------------------------------------
---------------------------------------------------------------------------------
Start Technology Mapping
---------------------------------------------------------------------------------
---------------------------------------------------------------------------------
Finished Technology Mapping : Time (s): cpu = 00:00:30 ; elapsed = 00:00:31 . Memory (MB): peak = 1531.336 ; gain = 662.578
---------------------------------------------------------------------------------
---------------------------------------------------------------------------------
Start IO Insertion
---------------------------------------------------------------------------------
---------------------------------------------------------------------------------
Start Flattening Before IO Insertion
---------------------------------------------------------------------------------
---------------------------------------------------------------------------------
Finished Flattening Before IO Insertion
---------------------------------------------------------------------------------
---------------------------------------------------------------------------------
Start Final Netlist Cleanup
---------------------------------------------------------------------------------
---------------------------------------------------------------------------------
Finished Final Netlist Cleanup
---------------------------------------------------------------------------------
---------------------------------------------------------------------------------
Finished IO Insertion : Time (s): cpu = 00:00:34 ; elapsed = 00:00:35 . Memory (MB): peak = 1531.336 ; gain = 662.578
---------------------------------------------------------------------------------
---------------------------------------------------------------------------------
Start Renaming Generated Instances
---------------------------------------------------------------------------------
---------------------------------------------------------------------------------
Finished Renaming Generated Instances : Time (s): cpu = 00:00:34 ; elapsed = 00:00:35 . Memory (MB): peak = 1531.336 ; gain = 662.578
---------------------------------------------------------------------------------
---------------------------------------------------------------------------------
Start Rebuilding User Hierarchy
---------------------------------------------------------------------------------
---------------------------------------------------------------------------------
Finished Rebuilding User Hierarchy : Time (s): cpu = 00:00:34 ; elapsed = 00:00:35 . Memory (MB): peak = 1531.336 ; gain = 662.578
---------------------------------------------------------------------------------
---------------------------------------------------------------------------------
Start Renaming Generated Ports
---------------------------------------------------------------------------------
---------------------------------------------------------------------------------
Finished Renaming Generated Ports : Time (s): cpu = 00:00:34 ; elapsed = 00:00:35 . Memory (MB): peak = 1531.336 ; gain = 662.578
---------------------------------------------------------------------------------
---------------------------------------------------------------------------------
Start Handling Custom Attributes
---------------------------------------------------------------------------------
---------------------------------------------------------------------------------
Finished Handling Custom Attributes : Time (s): cpu = 00:00:34 ; elapsed = 00:00:35 . Memory (MB): peak = 1531.336 ; gain = 662.578
---------------------------------------------------------------------------------
---------------------------------------------------------------------------------
Start Renaming Generated Nets
---------------------------------------------------------------------------------
---------------------------------------------------------------------------------
Finished Renaming Generated Nets : Time (s): cpu = 00:00:34 ; elapsed = 00:00:35 . Memory (MB): peak = 1531.336 ; gain = 662.578
---------------------------------------------------------------------------------
---------------------------------------------------------------------------------
Start Writing Synthesis Report
---------------------------------------------------------------------------------

DSP Final Report (the ' indicates corresponding REG is set)
+-------------+---------------+--------+--------+--------+--------+--------+------+------+------+------+-------+------+------+
|Module Name  | DSP Mapping   | A Size | B Size | C Size | D Size | P Size | AREG | BREG | CREG | DREG | ADREG | MREG | PREG | 
+-------------+---------------+--------+--------+--------+--------+--------+------+------+------+------+-------+------+------+
|vga_gradient | A*B'          | 17     | 4      | -      | -      | 48     | 0    | 1    | -    | -    | -     | 0    | 0    | 
|vga_gradient | PCIN>>17+A*B' | 15     | 4      | -      | -      | 48     | 0    | 1    | -    | -    | -     | 0    | 0    | 
|vga_gradient | A*B'          | 17     | 4      | -      | -      | 48     | 0    | 1    | -    | -    | -     | 0    | 0    | 
|vga_gradient | PCIN>>17+A*B' | 15     | 4      | -      | -      | 48     | 0    | 1    | -    | -    | -     | 0    | 0    | 
|vga_gradient | A*B'          | 17     | 4      | -      | -      | 48     | 0    | 1    | -    | -    | -     | 0    | 0    | 
|vga_gradient | PCIN>>17+A*B' | 15     | 4      | -      | -      | 48     | 0    | 1    | -    | -    | -     | 0    | 0    | 
|vga_gradient | A*B'          | 17     | 4      | -      | -      | 48     | 0    | 1    | -    | -    | -     | 0    | 0    | 
|vga_gradient | PCIN>>17+A*B' | 15     | 4      | -      | -      | 48     | 0    | 1    | -    | -    | -     | 0    | 0    | 
|vga_gradient | A*B'          | 17     | 4      | -      | -      | 48     | 0    | 1    | -    | -    | -     | 0    | 0    | 
|vga_gradient | PCIN>>17+A*B' | 15     | 4      | -      | -      | 48     | 0    | 1    | -    | -    | -     | 0    | 0    | 
|vga_gradient | A*B'          | 17     | 4      | -      | -      | 48     | 0    | 1    | -    | -    | -     | 0    | 0    | 
|vga_gradient | PCIN>>17+A*B' | 15     | 4      | -      | -      | 48     | 0    | 1    | -    | -    | -     | 0    | 0    | 
+-------------+---------------+--------+--------+--------+--------+--------+------+------+------+------+-------+------+------+


Report BlackBoxes: 
+-+--------------+----------+
| |BlackBox name |Instances |
+-+--------------+----------+
+-+--------------+----------+

Report Cell Usage: 
+------+--------+------+
|      |Cell    |Count |
+------+--------+------+
|1     |BUFG    |     1|
|2     |CARRY4  |   374|
|3     |DSP48E1 |    12|
|4     |LUT1    |    48|
|5     |LUT2    |   537|
|6     |LUT3    |   591|
|7     |LUT4    |   569|
|8     |LUT5    |   294|
|9     |LUT6    |   592|
|10    |MUXF7   |    12|
|11    |FDCE    |    24|
|12    |FDRE    |    43|
|13    |IBUF    |    16|
|14    |OBUF    |    14|
+------+--------+------+
---------------------------------------------------------------------------------
Finished Writing Synthesis Report : Time (s): cpu = 00:00:34 ; elapsed = 00:00:35 . Memory (MB): peak = 1531.336 ; gain = 662.578
---------------------------------------------------------------------------------
Synthesis finished with 0 errors, 0 critical warnings and 1 warnings.
Synthesis Optimization Runtime : Time (s): cpu = 00:00:28 ; elapsed = 00:00:34 . Memory (MB): peak = 1531.336 ; gain = 625.539
Synthesis Optimization Complete : Time (s): cpu = 00:00:34 ; elapsed = 00:00:36 . Memory (MB): peak = 1531.336 ; gain = 662.578
INFO: [Project 1-571] Translating synthesized netlist
Netlist sorting complete. Time (s): cpu = 00:00:00 ; elapsed = 00:00:00.026 . Memory (MB): peak = 1543.223 ; gain = 0.000
INFO: [Netlist 29-17] Analyzing 398 Unisim elements for replacement
INFO: [Netlist 29-28] Unisim Transformation completed in 0 CPU seconds
WARNING: [Netlist 29-101] Netlist 'vga_test' is not ideal for floorplanning, since the cellview 'vga_gradient' contains a large number of primitives.  Please consider enabling hierarchy in synthesis if you want to do floorplanning.
INFO: [Project 1-570] Preparing netlist for logic optimization
INFO: [Opt 31-138] Pushed 0 inverter(s) to 0 load pin(s).
Netlist sorting complete. Time (s): cpu = 00:00:00 ; elapsed = 00:00:00 . Memory (MB): peak = 1547.105 ; gain = 0.000
INFO: [Project 1-111] Unisim Transformation Summary:
No Unisim elements were transformed.

Synth Design complete | Checksum: c112104c
INFO: [Common 17-83] Releasing license: Synthesis
33 Infos, 6 Warnings, 4 Critical Warnings and 0 Errors encountered.
synth_design completed successfully
synth_design: Time (s): cpu = 00:00:39 ; elapsed = 00:00:40 . Memory (MB): peak = 1547.105 ; gain = 1058.852
INFO: [Common 17-600] The following parameters have non-default value.
general.maxThreads
INFO: [runtcl-6] Synthesis results are not added to the cache due to CRITICAL_WARNING
INFO: [Common 17-1381] The checkpoint 'D:/Code/CU/HW_Syn_Lab/Lab06/Lab06.runs/synth_2/vga_test.dcp' has been generated.
INFO: [runtcl-4] Executing : report_utilization -file vga_test_utilization_synth.rpt -pb vga_test_utilization_synth.pb
INFO: [Common 17-206] Exiting Vivado at Tue Oct 17 15:25:24 2023...
