Time resolution is 1 ps
         1 - A(REG[ 0]) -  00000000, B(REG[ 0]) -  00000000

         5 - mem[0000] -  xxxxxxxx

         2 - A(REG[ 0]) -  00000000, B(REG[ 0]) -  00000000

         3 - A(REG[ 4]) -  00000000, B(REG[ 5]) -  00000000

         3 - REG[ 5] <- 00000001
        30 - mem[0001] -  00000001

         4 - A(REG[ 5]) -  00000001, B(REG[ 4]) -  00000000

         4 - REG[ 4] <- 00000002
        40 - mem[0002] -  00000002

        40 - mem[0003] -  00000003

         5 - A(REG[ 4]) -  00000002, B(REG[ 5]) -  00000001

         5 - REG[ 6] <- 00000003
        50 - mem[0001] -  00000004

         6 - A(REG[ 4]) -  00000002, B(REG[ 5]) -  00000001

         6 - REG[ 6] <- 00000001
        60 - mem[0003] -  00000002

         7 - A(REG[ 4]) -  00000002, B(REG[ 5]) -  00000001

         7 - REG[ 6] <- 00000003
        70 - mem[0000] -  00000004

         8 - A(REG[ 4]) -  00000002, B(REG[ 5]) -  00000001

         8 - REG[ 6] <- 00000000
        80 - mem[0003] -  00000001

         9 - A(REG[ 4]) -  00000002, B(REG[ 5]) -  00000001

         9 - REG[ 6] <- 00000003
        90 - mem[fffe] -  00000004

        10 - A(REG[ 4]) -  00000002, B(REG[ 5]) -  00000001

        10 - REG[ 6] <- fffffffe
       100 - mem[fffd] -  xxxxxxxx

        11 - A(REG[ 4]) -  00000002, B(REG[ 5]) -  00000001

        11 - REG[ 6] <- fffffffd
       110 - mem[fffe] -  xxxxxxxx

        12 - A(REG[ 4]) -  00000002, B(REG[ 5]) -  00000001

        12 - REG[ 6] <- fffffffe
$finish called at time : 120 ns : File "D:/Code/CU/HW_Syn_Lab/Lab05/Lab05.srcs/sim_1/new/extendedCPU_tester.v" Line 51
